      "parsed": {
        "SourceName": "Microsoft-Windows-Sysmon",
        "EventCode": "21",
        "Timestamp": "2021-06-16T18:16:27.136748800Z",
        "LogName": "Microsoft-Windows-Sysmon/Operational",
        "ComputerName": "win-host-14.attackrange.local",
        "System": {
          "Provider": {
            "Name": "Microsoft-Windows-Sysmon",
            "Guid": "{5770385F-C22A-43E0-BF4C-06F5698FFBD9}"
          },
          "EventID": "21",
          "Version": "3",
          "Level": "4",
          "Task": "21",
          "Opcode": "0",
          "Keywords": "0x8000000000000000",
          "TimeCreated": {
            "SystemTime": "2021-06-16T18:16:27.136748800Z"
          },
          "EventRecordID": "92009",
          "Correlation": "",
          "Execution": {
            "ProcessID": "1972",
            "ThreadID": "6816"
          },
          "Channel": "Microsoft-Windows-Sysmon/Operational",
          "Computer": "win-host-14.attackrange.local",
          "Security": {
            "UserID": "S-1-5-18"
          }
        },
        "EventData": {
          "RuleName": "-",
          "EventType": "WmiBindingEvent",
          "UtcTime": "2021-06-16 18:16:27.133",
          "Operation": "Created",
          "User": "WIN-HOST-14\\Administrator",
          "Consumer": "\"\\\\\\\\.\\\\ROOT\\\\subscription:CommandLineEventConsumer.Name=\\\"AtomicRedTeam-WMIPersistence-Example\\\"\"",
          "Filter": "\"\\\\\\\\.\\\\ROOT\\\\subscription:__EventFilter.Name=\\\"AtomicRedTeam-WMIPersistence-Example\\\"\""
        }
      }
    },
    "22": {
      "event_id": "22",
      "length": 2980,
      "source_file": "datasets\\attack_techniques\\T1562.004\\atomic_red_team\\windows-sysmon.log",
      "event_index_in_file": 11143,
      "raw": "<Event xmlns='http://schemas.microsoft.com/win/2004/08/events/event'><System><Provider Name='Microsoft-Windows-Sysmon' Guid='{5770385F-C22A-43E0-BF4C-06F5698FFBD9}'/><EventID>1</EventID><Version>5</Version><Level>4</Level><Task>1</Task><Opcode>0</Opcode><Keywords>0x8000000000000000</Keywords><TimeCreated SystemTime='2020-11-23T11:03:30.037967100Z'/><EventRecordID>17615</EventRecordID><Correlation/><Execution ProcessID='2148' ThreadID='3628'/><Channel>Microsoft-Windows-Sysmon/Operational</Channel><Computer>win-dc-638.attackrange.local</Computer><Security UserID='S-1-5-18'/></System><EventData><Data Name='RuleName'></Data><Data Name='UtcTime'>2020-11-23 11:03:30.036</Data><Data Name='ProcessGuid'>{7E748F86-9702-5FBB-0000-0010CDB52A00}</Data><Data Name='ProcessId'>6920</Data><Data Name='Image'>C:\\Windows\\System32\\chcp.com</Data><Data Name='FileVersion'>10.0.14393.0 (rs1_release.160715-1616)</Data><Data Name='Description'>Change CodePage Utility</Data><Data Name='Product'>Microsoft® Windows® Operating System</Data><Data Name='Company'>Microsoft Corporation</Data><Data Name='OriginalFileName'>CHCP.COM</Data><Data Name='CommandLine'>\"C:\\Windows\\system32\\chcp.com\" 65001</Data><Data Name='CurrentDirectory'>C:\\Users\\Administrator\\</Data><Data Name='User'>ATTACKRANGE\\Administrator</Data><Data Name='LogonGuid'>{7E748F86-9701-5FBB-0000-00206C992A00}</Data><Data Name='LogonId'>0x2a996c</Data><Data Name='TerminalSessionId'>0</Data><Data Name='IntegrityLevel'>High</Data><Data Name='Hashes'>MD5=BA6FD5B883C0899785D17CEBE66A25F6,SHA256=9FDBDF88CF2BB2794C416E3083553F2898AC9DC92DFAC2478B4C1DF667DF7C74,IMPHASH=4FB30D6E330F3FB3DB61550BD7FA7CCD</Data><Data Name='ParentProcessGuid'>{7E748F86-9701-5FBB-0000-001000AA2A00}</Data><Data Name='ParentProcessId'>6996</Data><Data Name='ParentImage'>C:\\Windows\\System32\\WindowsPowerShell\\v1.0\\powershell.exe</Data><Data Name='ParentCommandLine'>\"C:\\Windows\\System32\\WindowsPowerShell\\v1.0\\powershell.exe\" -NoProfile -NonInteractive -ExecutionPolicy Unrestricted -EncodedCommand JgBjAGgAYwBwAC4AYwBvAG0AIAA2ADUAMAAwADEAIAA+ACAAJABuAHUAbABsAAoAJABlAHgAZQBjAF8AdwByAGEAcABwAGUAcgBfAHMAdAByACAAPQAgACQAaQBuAHAAdQB0ACAAfAAgAE8AdQB0AC0AUwB0AHIAaQBuAGcACgAkAHMAcABsAGkAdABfAHAAYQByAHQAcwAgAD0AIAAkAGUAeABlAGMAXwB3AHIAYQBwAHAAZQByAF8AcwB0AHIALgBTAHAAbABpAHQAKABAACgAIgBgADAAYAAwAGAAMABgADAAIgApACwAIAAyACwAIABbAFMAdAByAGkAbgBnAFMAcABsAGkAdABPAHAAdABpAG8AbgBzAF0AOgA6AFIAZQBtAG8AdgBlAEUAbQBwAHQAeQBFAG4AdAByAGkAZQBzACkACgBJAGYAIAAoAC0AbgBvAHQAIAAkAHMAcABsAGkAdABfAHAAYQByAHQAcwAuAEwAZQBuAGcAdABoACAALQBlAHEAIAAyACkAIAB7ACAAdABoAHIAbwB3ACAAIgBpAG4AdgBhAGwAaQBkACAAcABhAHkAbABvAGEAZAAiACAAfQAKAFMAZQB0AC0AVgBhAHIAaQBhAGIAbABlACAALQBOAGEAbQBlACAAagBzAG8AbgBfAHIAYQB3ACAALQBWAGEAbAB1AGUAIAAkAHMAcABsAGkAdABfAHAAYQByAHQAcwBbADEAXQAKACQAZQB4AGUAYwBfAHcAcgBhAHAAcABlAHIAIAA9ACAAWwBTAGMAcgBpAHAAdABCAGwAbwBjAGsAXQA6ADoAQwByAGUAYQB0AGUAKAAkAHMAcABsAGkAdABfAHAAYQByAHQAcwBbADAAXQApAAoAJgAkAGUAeABlAGMAXwB3AHIAYQBwAHAAZQByAA==</Data></EventData></Event>",
      "parsed": {
        "SourceName": "Microsoft-Windows-Sysmon",
        "EventCode": "22",
        "Timestamp": "2020-11-23T11:03:32.865586100Z",
        "LogName": "Microsoft-Windows-Sysmon/Operational",
        "ComputerName": "win-dc-638.attackrange.local",
        "System": {
          "Provider": {
            "Name": "Microsoft-Windows-Sysmon",
            "Guid": "{5770385F-C22A-43E0-BF4C-06F5698FFBD9}"
          },
          "EventID": "22",
          "Version": "5",
          "Level": "4",
          "Task": "22",
          "Opcode": "0",
          "Keywords": "0x8000000000000000",
          "TimeCreated": {
            "SystemTime": "2020-11-23T11:03:32.865586100Z"
          },
          "EventRecordID": "17652",
          "Correlation": "",
          "Execution": {
            "ProcessID": "2148",
            "ThreadID": "3616"
          },
          "Channel": "Microsoft-Windows-Sysmon/Operational",
          "Computer": "win-dc-638.attackrange.local",
          "Security": {
            "UserID": "S-1-5-18"
          }
        },
        "EventData": {
          "RuleName": "",
          "UtcTime": "2020-11-23 11:03:31.028",
          "ProcessGuid": "{7E748F86-9701-5FBB-0000-001000AA2A00}",
          "ProcessId": "6996",
          "QueryName": "win-dc-638.attackrange.local",
          "QueryStatus": "0",
          "QueryResults": "fe80::816f:bad8:409d:f90b;::ffff:10.0.1.14;",
          "Image": "C:\\Windows\\System32\\WindowsPowerShell\\v1.0\\powershell.exe"
        }
      }
    },
    "23": {
      "event_id": "23",
      "length": 1517,
      "source_file": "datasets\\attack_techniques\\T1566.001\\office_doc_abuses_rels\\sysmon.log",
      "event_index_in_file": 12903,
      "raw": "<Event xmlns='http://schemas.microsoft.com/win/2004/08/events/event'><System><Provider Name='Microsoft-Windows-Sysmon' Guid='{5770385F-C22A-43E0-BF4C-06F5698FFBD9}'/><EventID>23</EventID><Version>5</Version><Level>4</Level><Task>23</Task><Opcode>0</Opcode><Keywords>0x8000000000000000</Keywords><TimeCreated SystemTime='2023-01-27T11:24:57.635223300Z'/><EventRecordID>331628</EventRecordID><Correlation/><Execution ProcessID='1912' ThreadID='2628'/><Channel>Microsoft-Windows-Sysmon/Operational</Channel><Computer>win-host-ctus-attack-range-212</Computer><Security UserID='S-1-5-18'/></System><EventData><Data Name='RuleName'>-</Data><Data Name='UtcTime'>2023-01-27 11:24:57.634</Data><Data Name='ProcessGuid'>{72106695-B403-63D3-B103-00000000BD02}</Data><Data Name='ProcessId'>6092</Data><Data Name='User'>NT AUTHORITY\\SYSTEM</Data><Data Name='Image'>C:\\Program Files\\Common Files\\Microsoft Shared\\ClickToRun\\OfficeClickToRun.exe</Data><Data Name='TargetFilename'>C:\\Program Files\\Microsoft Office\\Updates\\Download\\PackageFiles\\549B28D0-2AAB-4007-AF73-46E58ABB894E\\root\\vfs\\Windows\\assembly\\GAC_64\\Microsoft.Office.Access.BusinessDataCatalog\\16.0.0.0__71E9BCE111E9429C\\Microsoft.Office.Access.BusinessDataCatalog.DLL</Data><Data Name='Hashes'>MD5=258F10F2BBF0DF628EEE4EFB44B7983F,SHA256=058C689B0BFF1B359098CF2400CD3DA1369E04C149BCADC6488B924FAB7C109D,IMPHASH=FD2A425C67CE1906367495FBB4A6E2F0</Data><Data Name='IsExecutable'>true</Data><Data Name='Archived'>false - insufficient disk space</Data></EventData></Event>",
      "parsed": {
        "SourceName": "Microsoft-Windows-Sysmon",
        "EventCode": "23",
        "Timestamp": "2023-01-27T11:24:57.635223300Z",
        "LogName": "Microsoft-Windows-Sysmon/Operational",
        "ComputerName": "win-host-ctus-attack-range-212",
        "System": {
          "Provider": {
            "Name": "Microsoft-Windows-Sysmon",
            "Guid": "{5770385F-C22A-43E0-BF4C-06F5698FFBD9}"
          },
          "EventID": "23",
          "Version": "5",
          "Level": "4",
          "Task": "23",
          "Opcode": "0",
          "Keywords": "0x8000000000000000",
          "TimeCreated": {
            "SystemTime": "2023-01-27T11:24:57.635223300Z"
          },
          "EventRecordID": "331628",
          "Correlation": "",
          "Execution": {
            "ProcessID": "1912",
            "ThreadID": "2628"
          },
          "Channel": "Microsoft-Windows-Sysmon/Operational",
          "Computer": "win-host-ctus-attack-range-212",
          "Security": {
            "UserID": "S-1-5-18"
          }
        },
        "EventData": {
          "RuleName": "-",
          "UtcTime": "2023-01-27 11:24:57.634",
          "ProcessGuid": "{72106695-B403-63D3-B103-00000000BD02}",
          "ProcessId": "6092",
          "User": "NT AUTHORITY\\SYSTEM",
          "Image": "C:\\Program Files\\Common Files\\Microsoft Shared\\ClickToRun\\OfficeClickToRun.exe",
          "TargetFilename": "C:\\Program Files\\Microsoft Office\\Updates\\Download\\PackageFiles\\549B28D0-2AAB-4007-AF73-46E58ABB894E\\root\\vfs\\Windows\\assembly\\GAC_64\\Microsoft.Office.Access.BusinessDataCatalog\\16.0.0.0__71E9BCE111E9429C\\Microsoft.Office.Access.BusinessDataCatalog.DLL",
          "Hashes": "MD5=258F10F2BBF0DF628EEE4EFB44B7983F,SHA256=058C689B0BFF1B359098CF2400CD3DA1369E04C149BCADC6488B924FAB7C109D,IMPHASH=FD2A425C67CE1906367495FBB4A6E2F0",
          "IsExecutable": "true",
          "Archived": "false - insufficient disk space"
        }
      }
    },
    "24": {
      "event_id": "24",
      "length": 1199,
      "source_file": "datasets\\attack_techniques\\T1558.003\\rubeus\\windows-sysmon.log",
      "event_index_in_file": 6156,
      "raw": "<Event xmlns='http://schemas.microsoft.com/win/2004/08/events/event'><System><Provider Name='Microsoft-Windows-Sysmon' Guid='{5770385F-C22A-43E0-BF4C-06F5698FFBD9}'/><EventID>24</EventID><Version>5</Version><Level>4</Level><Task>24</Task><Opcode>0</Opcode><Keywords>0x8000000000000000</Keywords><TimeCreated SystemTime='2022-02-11T19:28:58.581092500Z'/><EventRecordID>171889710</EventRecordID><Correlation/><Execution ProcessID='2900' ThreadID='7948'/><Channel>Microsoft-Windows-Sysmon/Operational</Channel><Computer>win-dc-128.attackrange.local</Computer><Security UserID='S-1-5-18'/></System><EventData><Data Name='RuleName'>-</Data><Data Name='UtcTime'>2022-02-11 19:28:58.573</Data><Data Name='ProcessGuid'>{3BF36828-A920-6202-8300-00000000D101}</Data><Data Name='ProcessId'>4704</Data><Data Name='Image'>C:\\Windows\\System32\\rdpclip.exe</Data><Data Name='Session'>2</Data><Data Name='ClientInfo'>user: ATTACKRANGE\\Administrator hostname: C02D25J0MD6R</Data><Data Name='Hashes'>MD5=A7E6C3CA2C54BD150A61C186A00C97BC,SHA256=FCD8BECCE1C08EF0D0F3D569F1016A896323C0E21BBD399496AA9A82DA242EE5</Data><Data Name='Archived'>true</Data><Data Name='User'>ATTACKRANGE\\Administrator</Data></EventData></Event>",
      "parsed": {
        "SourceName": "Microsoft-Windows-Sysmon",
        "EventCode": "24",
        "Timestamp": "2022-02-11T19:28:58.581092500Z",
        "LogName": "Microsoft-Windows-Sysmon/Operational",
        "ComputerName": "win-dc-128.attackrange.local",
        "System": {
          "Provider": {
            "Name": "Microsoft-Windows-Sysmon",
            "Guid": "{5770385F-C22A-43E0-BF4C-06F5698FFBD9}"
          },
          "EventID": "24",
          "Version": "5",
          "Level": "4",
          "Task": "24",
          "Opcode": "0",
          "Keywords": "0x8000000000000000",
          "TimeCreated": {
            "SystemTime": "2022-02-11T19:28:58.581092500Z"
          },
          "EventRecordID": "171889710",
          "Correlation": "",
          "Execution": {
            "ProcessID": "2900",
            "ThreadID": "7948"
          },
          "Channel": "Microsoft-Windows-Sysmon/Operational",
          "Computer": "win-dc-128.attackrange.local",
          "Security": {
            "UserID": "S-1-5-18"
          }
        },
        "EventData": {
          "RuleName": "-",
          "UtcTime": "2022-02-11 19:28:58.573",
          "ProcessGuid": "{3BF36828-A920-6202-8300-00000000D101}",
          "ProcessId": "4704",
          "Image": "C:\\Windows\\System32\\rdpclip.exe",
          "Session": "2",
          "ClientInfo": "user: ATTACKRANGE\\Administrator hostname: C02D25J0MD6R",
          "Hashes": "MD5=A7E6C3CA2C54BD150A61C186A00C97BC,SHA256=FCD8BECCE1C08EF0D0F3D569F1016A896323C0E21BBD399496AA9A82DA242EE5",
          "Archived": "true",
          "User": "ATTACKRANGE\\Administrator"
        }
      }
    },
    "25": {
      "event_id": "25",
      "length": 923,
      "source_file": "datasets\\attack_techniques\\T1572\\plink\\windows-sysmon.log",
      "event_index_in_file": 98,
      "raw": "<Event xmlns='http://schemas.microsoft.com/win/2004/08/events/event'><System><Provider Name='Microsoft-Windows-Sysmon' Guid='{5770385F-C22A-43E0-BF4C-06F5698FFBD9}'/><EventID>25</EventID><Version>5</Version><Level>4</Level><Task>25</Task><Opcode>0</Opcode><Keywords>0x8000000000000000</Keywords><TimeCreated SystemTime='2021-11-15T19:07:25.682375900Z'/><EventRecordID>60542315</EventRecordID><Correlation/><Execution ProcessID='2856' ThreadID='2088'/><Channel>Microsoft-Windows-Sysmon/Operational</Channel><Computer>win-dc-469.attackrange.local</Computer><Security UserID='S-1-5-18'/></System><EventData><Data Name='RuleName'>-</Data><Data Name='UtcTime'>2021-11-15 19:07:25.667</Data><Data Name='ProcessGuid'>{8B6011A9-AFED-6192-3E77-05000000F101}</Data><Data Name='ProcessId'>10196</Data><Data Name='Image'>C:\\Users\\Administrator\\Downloads\\plink_32.exe</Data><Data Name='Type'>Image is replaced</Data></EventData></Event>",
      "parsed": {
        "SourceName": "Microsoft-Windows-Sysmon",
        "EventCode": "25",
        "Timestamp": "2021-11-15T19:07:25.682375900Z",
        "LogName": "Microsoft-Windows-Sysmon/Operational",
        "ComputerName": "win-dc-469.attackrange.local",
        "System": {
          "Provider": {
            "Name": "Microsoft-Windows-Sysmon",
            "Guid": "{5770385F-C22A-43E0-BF4C-06F5698FFBD9}"
          },
          "EventID": "25",
          "Version": "5",
          "Level": "4",
          "Task": "25",
          "Opcode": "0",
          "Keywords": "0x8000000000000000",
          "TimeCreated": {
            "SystemTime": "2021-11-15T19:07:25.682375900Z"
          },
          "EventRecordID": "60542315",
          "Correlation": "",
          "Execution": {
            "ProcessID": "2856",
            "ThreadID": "2088"
          },
          "Channel": "Microsoft-Windows-Sysmon/Operational",
          "Computer": "win-dc-469.attackrange.local",
          "Security": {
            "UserID": "S-1-5-18"
          }
        },
        "EventData": {
          "RuleName": "-",
          "UtcTime": "2021-11-15 19:07:25.667",
          "ProcessGuid": "{8B6011A9-AFED-6192-3E77-05000000F101}",
          "ProcessId": "10196",
          "Image": "C:\\Users\\Administrator\\Downloads\\plink_32.exe",
          "Type": "Image is replaced"
        }
      }
    },
    "26": {
      "event_id": "26",
      "length": 1336,
      "source_file": "datasets\\attack_techniques\\T1485\\excessive_file_del_in_windefender_dir\\sysmon.log",
      "event_index_in_file": 21,
      "raw": "<Event xmlns='http://schemas.microsoft.com/win/2004/08/events/event'><System><Provider Name='Microsoft-Windows-Sysmon' Guid='{5770385F-C22A-43E0-BF4C-06F5698FFBD9}'/><EventID>26</EventID><Version>5</Version><Level>4</Level><Task>26</Task><Opcode>0</Opcode><Keywords>0x8000000000000000</Keywords><TimeCreated SystemTime='2024-03-04T21:03:19.977108100Z'/><EventRecordID>588765</EventRecordID><Correlation/><Execution ProcessID='2508' ThreadID='4412'/><Channel>Microsoft-Windows-Sysmon/Operational</Channel><Computer>AttackBox-Win10</Computer><Security UserID='S-1-5-18'/></System><EventData><Data Name='RuleName'>-</Data><Data Name='UtcTime'>2024-03-04 21:03:19.967</Data><Data Name='ProcessGuid'>{51A89197-370C-65E6-0406-000000001D00}</Data><Data Name='ProcessId'>3060</Data><Data Name='User'>NT AUTHORITY\\SYSTEM</Data><Data Name='Image'>C:\\Windows\\System32\\WindowsPowerShell\\v1.0\\powershell.exe</Data><Data Name='TargetFilename'>C:\\ProgramData\\Microsoft\\Windows Defender\\Scans\\History\\Service\\DetectionHistory\\09\\BDB74174-B924-42FD-94BC-61A032E8F6AA</Data><Data Name='Hashes'>SHA1=8D505847A7663C24625602001D577F99F1BDB0B1,MD5=51C222B258D5496256180ACC9961E9DC,SHA256=1B3A8792915AA60B94F770F96555C807FF000BCD615B689753B26832C787540A,IMPHASH=00000000000000000000000000000000</Data><Data Name='IsExecutable'>false</Data></EventData></Event>",
      "parsed": {
        "SourceName": "Microsoft-Windows-Sysmon",
        "EventCode": "26",
        "Timestamp": "2024-03-04T21:03:19.977108100Z",
        "LogName": "Microsoft-Windows-Sysmon/Operational",
        "ComputerName": "AttackBox-Win10",
        "System": {
          "Provider": {
            "Name": "Microsoft-Windows-Sysmon",
            "Guid": "{5770385F-C22A-43E0-BF4C-06F5698FFBD9}"
          },
          "EventID": "26",
          "Version": "5",
          "Level": "4",
          "Task": "26",
          "Opcode": "0",
          "Keywords": "0x8000000000000000",
          "TimeCreated": {
            "SystemTime": "2024-03-04T21:03:19.977108100Z"
          },
          "EventRecordID": "588765",
          "Correlation": "",
          "Execution": {
            "ProcessID": "2508",
            "ThreadID": "4412"
          },
          "Channel": "Microsoft-Windows-Sysmon/Operational",
          "Computer": "AttackBox-Win10",
          "Security": {
            "UserID": "S-1-5-18"
          }
        },
        "EventData": {
          "RuleName": "-",
          "UtcTime": "2024-03-04 21:03:19.967",
          "ProcessGuid": "{51A89197-370C-65E6-0406-000000001D00}",
          "ProcessId": "3060",
          "User": "NT AUTHORITY\\SYSTEM",
          "Image": "C:\\Windows\\System32\\WindowsPowerShell\\v1.0\\powershell.exe",
          "TargetFilename": "C:\\ProgramData\\Microsoft\\Windows Defender\\Scans\\History\\Service\\DetectionHistory\\09\\BDB74174-B924-42FD-94BC-61A032E8F6AA",
          "Hashes": "SHA1=8D505847A7663C24625602001D577F99F1BDB0B1,MD5=51C222B258D5496256180ACC9961E9DC,SHA256=1B3A8792915AA60B94F770F96555C807FF000BCD615B689753B26832C787540A,IMPHASH=00000000000000000000000000000000",
          "IsExecutable": "false"
        }
      }
    },
    "29": {
      "event_id": "29",
      "length": 1205,
      "source_file": "datasets\\attack_techniques\\T1036\\cmd_lolbas_usage\\cmd_lolbas_usage.log",
      "event_index_in_file": 66,
      "raw": "<Event xmlns='http://schemas.microsoft.com/win/2004/08/events/event'><System><Provider Name='Microsoft-Windows-Sysmon' Guid='{5770385F-C22A-43E0-BF4C-06F5698FFBD9}'/><EventID>29</EventID><Version>5</Version><Level>4</Level><Task>29</Task><Opcode>0</Opcode><Keywords>0x8000000000000000</Keywords><TimeCreated SystemTime='2024-04-30T15:37:10.863565500Z'/><EventRecordID>585673</EventRecordID><Correlation/><Execution ProcessID='2508' ThreadID='4412'/><Channel>Microsoft-Windows-Sysmon/Operational</Channel><Computer>AttackBox-Win10</Computer><Security UserID='S-1-5-18'/></System><EventData><Data Name='RuleName'>-</Data><Data Name='UtcTime'>2024-04-30 15:37:10.849</Data><Data Name='ProcessGuid'>{51A89197-1023-6631-1206-000000001D00}</Data><Data Name='ProcessId'>4724</Data><Data Name='User'>ATTACKBOX-WIN10\\attacker</Data><Data Name='Image'>C:\\Windows\\System32\\WindowsPowerShell\\v1.0\\powershell.exe</Data><Data Name='TargetFilename'>C:\\Temp\\cmdrenamed.exe</Data><Data Name='Hashes'>SHA1=3CE71813199ABAE99348F61F0CAA34E2574F831C,MD5=4E2ACF4F8A396486AB4268C94A6A245F,SHA256=9A7C58BD98D70631AA1473F7B57B426DB367D72429A5455B433A05EE251F3236,IMPHASH=8542FB14699D84D7E8DA92F66145C7FE</Data></EventData></Event>",
      "parsed": {
        "SourceName": "Microsoft-Windows-Sysmon",
        "EventCode": "29",
        "Timestamp": "2024-04-30T15:37:10.863565500Z",
        "LogName": "Microsoft-Windows-Sysmon/Operational",
        "ComputerName": "AttackBox-Win10",
        "System": {
          "Provider": {
            "Name": "Microsoft-Windows-Sysmon",
            "Guid": "{5770385F-C22A-43E0-BF4C-06F5698FFBD9}"
          },
          "EventID": "29",
          "Version": "5",
          "Level": "4",
          "Task": "29",
          "Opcode": "0",
          "Keywords": "0x8000000000000000",
          "TimeCreated": {
            "SystemTime": "2024-04-30T15:37:10.863565500Z"
          },
          "EventRecordID": "585673",
          "Correlation": "",
          "Execution": {
            "ProcessID": "2508",
            "ThreadID": "4412"
          },
          "Channel": "Microsoft-Windows-Sysmon/Operational",
          "Computer": "AttackBox-Win10",
          "Security": {
            "UserID": "S-1-5-18"
          }
        },
        "EventData": {
          "RuleName": "-",
          "UtcTime": "2024-04-30 15:37:10.849",
          "ProcessGuid": "{51A89197-1023-6631-1206-000000001D00}",
          "ProcessId": "4724",
          "User": "ATTACKBOX-WIN10\\attacker",
          "Image": "C:\\Windows\\System32\\WindowsPowerShell\\v1.0\\powershell.exe",
          "TargetFilename": "C:\\Temp\\cmdrenamed.exe",
          "Hashes": "SHA1=3CE71813199ABAE99348F61F0CAA34E2574F831C,MD5=4E2ACF4F8A396486AB4268C94A6A245F,SHA256=9A7C58BD98D70631AA1473F7B57B426DB367D72429A5455B433A05EE251F3236,IMPHASH=8542FB14699D84D7E8DA92F66145C7FE"
        }
      }
    },
    "255": {
      "event_id": "255",
      "length": 869,
      "source_file": "datasets\\attack_techniques\\T1548\\uac_bypass\\windows-sysmon.log",
      "event_index_in_file": 13970,
      "raw": "<Event xmlns='http://schemas.microsoft.com/win/2004/08/events/event'><System><Provider Name='Microsoft-Windows-Sysmon' Guid='{5770385F-C22A-43E0-BF4C-06F5698FFBD9}'/><EventID>255</EventID><Version>3</Version><Level>2</Level><Task>255</Task><Opcode>0</Opcode><Keywords>0x8000000000000000</Keywords><TimeCreated SystemTime='2021-07-12T08:07:42.795974500Z'/><EventRecordID>1054643</EventRecordID><Correlation/><Execution ProcessID='1152' ThreadID='1956'/><Channel>Microsoft-Windows-Sysmon/Operational</Channel><Computer>win-dc-890.attackrange.local</Computer><Security UserID='S-1-5-18'/></System><EventData><Data Name='UtcTime'>2021-07-12 08:07:42.793</Data><Data Name='ID'>ConfigMonitorThread</Data><Data Name='Description'>Failed to send message to the driver to update configuration - Last error: The system cannot find the file specified.\r\n</Data></EventData></Event>",
      "parsed": {
        "SourceName": "Microsoft-Windows-Sysmon",
        "EventCode": "255",
        "Timestamp": "2021-07-12T08:07:42.795974500Z",
        "LogName": "Microsoft-Windows-Sysmon/Operational",
        "ComputerName": "win-dc-890.attackrange.local",
        "System": {
          "Provider": {
            "Name": "Microsoft-Windows-Sysmon",
            "Guid": "{5770385F-C22A-43E0-BF4C-06F5698FFBD9}"
          },
          "EventID": "255",
          "Version": "3",
          "Level": "2",
          "Task": "255",
          "Opcode": "0",
          "Keywords": "0x8000000000000000",
          "TimeCreated": {
            "SystemTime": "2021-07-12T08:07:42.795974500Z"
          },
          "EventRecordID": "1054643",
          "Correlation": "",
          "Execution": {
            "ProcessID": "1152",
            "ThreadID": "1956"
          },
          "Channel": "Microsoft-Windows-Sysmon/Operational",
          "Computer": "win-dc-890.attackrange.local",
          "Security": {
            "UserID": "S-1-5-18"
          }
        },
        "EventData": {
          "UtcTime": "2021-07-12 08:07:42.793",
          "ID": "ConfigMonitorThread",
          "Description": "Failed to send message to the driver to update configuration - Last error: The system cannot find the file specified."
        }
      }
    }
  }
}